2018-11-06 23:48:27.202616

Experiment Configuration 
 {'optimization': 'optimizations.Exhaustive_Search', 'optimization_params': {'granularity': 10}, 'heuristic': 'heuristics.No_Heuristic', 'heuristic_params': {}, 'weight': 'rankobjects.Arithmetic', 'data_file': 'data/random/rand_exp_4_50_43.csv'} 

Optimizing parameters for ground_truth: [1 2 3 4]
Optimal (phi, b, log_like) = (0.000000, 0.000000, -158.902692) 

Optimizing parameters for ground_truth: [1 2 4 3]
Optimal (phi, b, log_like) = (0.000000, 0.000000, -158.902692) 

Optimizing parameters for ground_truth: [1 3 2 4]
Optimal (phi, b, log_like) = (0.222222, 0.500000, -158.303242) 

Optimizing parameters for ground_truth: [1 3 4 2]
Optimal (phi, b, log_like) = (0.222222, 0.000000, -156.451819) 

Optimizing parameters for ground_truth: [1 4 2 3]
Optimal (phi, b, log_like) = (0.222222, 0.055556, -156.430734) 

Optimizing parameters for ground_truth: [1 4 3 2]
Optimal (phi, b, log_like) = (0.222222, 0.000000, -155.562930) 

Optimizing parameters for ground_truth: [2 1 3 4]
Optimal (phi, b, log_like) = (0.000000, 0.000000, -158.902692) 

Optimizing parameters for ground_truth: [2 1 4 3]
Optimal (phi, b, log_like) = (0.000000, 0.000000, -158.902692) 

Optimizing parameters for ground_truth: [2 3 1 4]
Optimal (phi, b, log_like) = (0.000000, 0.000000, -158.902692) 

Optimizing parameters for ground_truth: [2 3 4 1]
Optimal (phi, b, log_like) = (0.000000, 0.000000, -158.902692) 

Optimizing parameters for ground_truth: [2 4 1 3]
Optimal (phi, b, log_like) = (0.000000, 0.000000, -158.902692) 

Optimizing parameters for ground_truth: [2 4 3 1]
Optimal (phi, b, log_like) = (0.000000, 0.000000, -158.902692) 

Optimizing parameters for ground_truth: [3 1 2 4]
Optimal (phi, b, log_like) = (0.000000, 0.000000, -158.902692) 

Optimizing parameters for ground_truth: [3 1 4 2]
Optimal (phi, b, log_like) = (0.222222, 0.111111, -158.190998) 

Optimizing parameters for ground_truth: [3 2 1 4]
Optimal (phi, b, log_like) = (0.000000, 0.000000, -158.902692) 

Optimizing parameters for ground_truth: [3 2 4 1]
Optimal (phi, b, log_like) = (0.000000, 0.000000, -158.902692) 

Optimizing parameters for ground_truth: [3 4 1 2]
Optimal (phi, b, log_like) = (0.000000, 0.000000, -158.902692) 

Optimizing parameters for ground_truth: [3 4 2 1]
Optimal (phi, b, log_like) = (0.000000, 0.000000, -158.902692) 

Optimizing parameters for ground_truth: [4 1 2 3]
Optimal (phi, b, log_like) = (0.444444, 0.500000, -157.528015) 

Optimizing parameters for ground_truth: [4 1 3 2]
Optimal (phi, b, log_like) = (0.222222, 0.166667, -157.177347) 

Optimizing parameters for ground_truth: [4 2 1 3]
Optimal (phi, b, log_like) = (0.000000, 0.000000, -158.902692) 

Optimizing parameters for ground_truth: [4 2 3 1]
Optimal (phi, b, log_like) = (0.000000, 0.000000, -158.902692) 

Optimizing parameters for ground_truth: [4 3 1 2]
Optimal (phi, b, log_like) = (0.222222, 0.444444, -158.176822) 

Optimizing parameters for ground_truth: [4 3 2 1]
Optimal (phi, b, log_like) = (0.222222, 0.500000, -158.192131) 


Optimal ground truth was (1, 4, 3, 2) with (phi, b, max_log_like) = (0.222222, 0.000000, -155.562930)

--- 12.385223627090454 seconds ---
