2018-11-06 22:41:29.738589

Experiment Configuration 
 {'optimization': 'optimizations.Unweighted', 'optimization_params': {}, 'heuristic': 'heuristics.No_Heuristic', 'heuristic_params': {}, 'weight': 'rankobjects.Arithmetic', 'data_file': 'data/random/rand_exp_4_50_35.csv'} 

Unweighted max log likelihood for [1 2 3 4] is -197.052868
Unweighted max log likelihood for [1 2 4 3] is -183.052868
Unweighted max log likelihood for [1 3 2 4] is -199.052868
Unweighted max log likelihood for [1 3 4 2] is -199.052868
Unweighted max log likelihood for [1 4 2 3] is -183.052868
Unweighted max log likelihood for [1 4 3 2] is -185.052868
Unweighted max log likelihood for [2 1 3 4] is -205.052868
Unweighted max log likelihood for [2 1 4 3] is -191.052868
Unweighted max log likelihood for [2 3 1 4] is -231.052868
Unweighted max log likelihood for [2 3 4 1] is -231.052868
Unweighted max log likelihood for [2 4 1 3] is -191.052868
Unweighted max log likelihood for [2 4 3 1] is -217.052868
Unweighted max log likelihood for [3 1 2 4] is -225.052868
Unweighted max log likelihood for [3 1 4 2] is -225.052868
Unweighted max log likelihood for [3 2 1 4] is -233.052868
Unweighted max log likelihood for [3 2 4 1] is -233.052868
Unweighted max log likelihood for [3 4 1 2] is -225.052868
Unweighted max log likelihood for [3 4 2 1] is -233.052868
Unweighted max log likelihood for [4 1 2 3] is -183.052868
Unweighted max log likelihood for [4 1 3 2] is -185.052868
Unweighted max log likelihood for [4 2 1 3] is -191.052868
Unweighted max log likelihood for [4 2 3 1] is -217.052868
Unweighted max log likelihood for [4 3 1 2] is -211.052868
Unweighted max log likelihood for [4 3 2 1] is -219.052868

Optimal ground truth was (1, 2, 4, 3) with (phi, b, max_log_like) = (1.000000, 0.000000, -183.052868)

--- 0.1910083293914795 seconds ---
