2018-10-23 18:56:26.678056

Experiment Configuration 
 {'optimization': 'optimizations.Exhaustive_Search', 'optimization_params': {'granularity': 10}, 'heuristic': 'heuristics.No_Heuristic', 'heuristic_params': {}, 'weight': 'rankobjects.Arithmetic', 'data_file': 'data/simulated/sim_4_bimode.csv'} 

Optimizing parameters for ground_truth: [1 2 3 4]
Optimal (phi, b, log_like) = (0.222222, 0.500000, -3170.509286) 

Optimizing parameters for ground_truth: [1 2 4 3]
Optimal (phi, b, log_like) = (0.222222, 0.500000, -3170.509286) 

Optimizing parameters for ground_truth: [1 3 2 4]
Optimal (phi, b, log_like) = (0.000000, 0.000000, -3178.053830) 

Optimizing parameters for ground_truth: [1 3 4 2]
Optimal (phi, b, log_like) = (0.000000, 0.000000, -3178.053830) 

Optimizing parameters for ground_truth: [1 4 2 3]
Optimal (phi, b, log_like) = (0.222222, 0.500000, -3164.509286) 

Optimizing parameters for ground_truth: [1 4 3 2]
Optimal (phi, b, log_like) = (0.222222, 0.500000, -3164.509286) 

Optimizing parameters for ground_truth: [2 1 3 4]
Optimal (phi, b, log_like) = (0.000000, 0.000000, -3178.053830) 

Optimizing parameters for ground_truth: [2 1 4 3]
Optimal (phi, b, log_like) = (0.000000, 0.000000, -3178.053830) 

Optimizing parameters for ground_truth: [2 3 1 4]
Optimal (phi, b, log_like) = (0.000000, 0.000000, -3178.053830) 

Optimizing parameters for ground_truth: [2 3 4 1]
Optimal (phi, b, log_like) = (0.000000, 0.000000, -3178.053830) 

Optimizing parameters for ground_truth: [2 4 1 3]
Optimal (phi, b, log_like) = (0.000000, 0.000000, -3178.053830) 

Optimizing parameters for ground_truth: [2 4 3 1]
Optimal (phi, b, log_like) = (0.000000, 0.000000, -3178.053830) 

Optimizing parameters for ground_truth: [3 1 2 4]
Optimal (phi, b, log_like) = (0.000000, 0.000000, -3178.053830) 

Optimizing parameters for ground_truth: [3 1 4 2]
Optimal (phi, b, log_like) = (0.000000, 0.000000, -3178.053830) 

Optimizing parameters for ground_truth: [3 2 1 4]
Optimal (phi, b, log_like) = (0.000000, 0.000000, -3178.053830) 

Optimizing parameters for ground_truth: [3 2 4 1]
Optimal (phi, b, log_like) = (0.000000, 0.000000, -3178.053830) 

Optimizing parameters for ground_truth: [3 4 1 2]
Optimal (phi, b, log_like) = (0.000000, 0.000000, -3178.053830) 

Optimizing parameters for ground_truth: [3 4 2 1]
Optimal (phi, b, log_like) = (0.000000, 0.000000, -3178.053830) 

Optimizing parameters for ground_truth: [4 1 2 3]
Optimal (phi, b, log_like) = (0.222222, 0.500000, -3158.842620) 

Optimizing parameters for ground_truth: [4 1 3 2]
Optimal (phi, b, log_like) = (0.222222, 0.500000, -3158.842620) 

Optimizing parameters for ground_truth: [4 2 1 3]
Optimal (phi, b, log_like) = (0.222222, 0.500000, -3170.509286) 

Optimizing parameters for ground_truth: [4 2 3 1]
Optimal (phi, b, log_like) = (0.222222, 0.500000, -3170.509286) 

Optimizing parameters for ground_truth: [4 3 1 2]
Optimal (phi, b, log_like) = (0.222222, 0.500000, -3162.398175) 

Optimizing parameters for ground_truth: [4 3 2 1]
Optimal (phi, b, log_like) = (0.222222, 0.500000, -3162.398175) 


Optimal ground truth was (4, 1, 2, 3) with (phi, b, max_log_like) = (0.222222, 0.500000, -3158.842620)

--- 242.29075956344604 seconds ---
