2018-10-25 00:20:04.361837

Experiment Configuration 
 {'optimization': 'optimizations.Exhaustive_Search', 'optimization_params': {'granularity': 10}, 'heuristic': 'heuristics.No_Heuristic', 'heuristic_params': {}, 'weight': 'rankobjects.Arithmetic', 'data_file': 'data/simulated/sim_5_10.csv'} 

Optimizing parameters for ground_truth: [1 2 3 4 5]
Optimal (phi, b, log_like) = (0.888889, 0.037037, -37.754202) 

Optimizing parameters for ground_truth: [1 2 3 5 4]
Optimal (phi, b, log_like) = (0.888889, 0.148148, -40.279936) 

Optimizing parameters for ground_truth: [1 2 4 3 5]
Optimal (phi, b, log_like) = (0.666667, 0.074074, -41.804632) 

Optimizing parameters for ground_truth: [1 2 4 5 3]
Optimal (phi, b, log_like) = (1.111111, 0.333333, -43.329847) 

Optimizing parameters for ground_truth: [1 2 5 3 4]
Optimal (phi, b, log_like) = (0.888889, 0.296296, -42.951997) 

Optimizing parameters for ground_truth: [1 2 5 4 3]
Optimal (phi, b, log_like) = (1.111111, 0.333333, -42.959477) 

Optimizing parameters for ground_truth: [1 3 2 4 5]
Optimal (phi, b, log_like) = (0.888889, 0.000000, -35.979053) 

Optimizing parameters for ground_truth: [1 3 2 5 4]
Optimal (phi, b, log_like) = (0.888889, 0.111111, -39.008069) 

Optimizing parameters for ground_truth: [1 3 4 2 5]
Optimal (phi, b, log_like) = (0.666667, 0.074074, -41.804632) 

Optimizing parameters for ground_truth: [1 3 4 5 2]
Optimal (phi, b, log_like) = (1.111111, 0.333333, -43.329847) 

Optimizing parameters for ground_truth: [1 3 5 2 4]
Optimal (phi, b, log_like) = (0.888889, 0.259259, -42.364875) 

Optimizing parameters for ground_truth: [1 3 5 4 2]
Optimal (phi, b, log_like) = (1.111111, 0.333333, -42.589106) 

Optimizing parameters for ground_truth: [1 4 2 3 5]
Optimal (phi, b, log_like) = (0.444444, 0.074074, -45.541748) 

Optimizing parameters for ground_truth: [1 4 2 5 3]
Optimal (phi, b, log_like) = (0.666667, 0.333333, -46.267011) 

Optimizing parameters for ground_truth: [1 4 3 2 5]
Optimal (phi, b, log_like) = (0.444444, 0.000000, -44.755121) 

Optimizing parameters for ground_truth: [1 4 3 5 2]
Optimal (phi, b, log_like) = (0.666667, 0.333333, -46.044788) 

Optimizing parameters for ground_truth: [1 4 5 2 3]
Optimal (phi, b, log_like) = (0.444444, 0.333333, -46.811550) 

Optimizing parameters for ground_truth: [1 4 5 3 2]
Optimal (phi, b, log_like) = (0.444444, 0.333333, -46.811550) 

Optimizing parameters for ground_truth: [1 5 2 3 4]
Optimal (phi, b, log_like) = (0.666667, 0.333333, -45.600344) 

Optimizing parameters for ground_truth: [1 5 2 4 3]
Optimal (phi, b, log_like) = (0.666667, 0.333333, -45.600344) 

Optimizing parameters for ground_truth: [1 5 3 2 4]
Optimal (phi, b, log_like) = (0.666667, 0.259259, -45.231275) 

Optimizing parameters for ground_truth: [1 5 3 4 2]
Optimal (phi, b, log_like) = (0.666667, 0.333333, -45.378122) 

Optimizing parameters for ground_truth: [1 5 4 2 3]
Optimal (phi, b, log_like) = (0.666667, 0.333333, -46.267011) 

Optimizing parameters for ground_truth: [1 5 4 3 2]
Optimal (phi, b, log_like) = (0.666667, 0.333333, -46.267011) 

Optimizing parameters for ground_truth: [2 1 3 4 5]
Optimal (phi, b, log_like) = (0.666667, 0.000000, -40.549928) 

Optimizing parameters for ground_truth: [2 1 3 5 4]
Optimal (phi, b, log_like) = (0.444444, 0.000000, -42.977343) 

Optimizing parameters for ground_truth: [2 1 4 3 5]
Optimal (phi, b, log_like) = (0.444444, 0.000000, -43.866232) 

Optimizing parameters for ground_truth: [2 1 4 5 3]
Optimal (phi, b, log_like) = (0.444444, 0.185185, -46.053439) 

Optimizing parameters for ground_truth: [2 1 5 3 4]
Optimal (phi, b, log_like) = (0.444444, 0.111111, -45.494058) 

Optimizing parameters for ground_truth: [2 1 5 4 3]
Optimal (phi, b, log_like) = (0.666667, 0.333333, -46.044788) 

Optimizing parameters for ground_truth: [2 3 1 4 5]
Optimal (phi, b, log_like) = (0.444444, 0.000000, -43.866232) 

Optimizing parameters for ground_truth: [2 3 1 5 4]
Optimal (phi, b, log_like) = (0.444444, 0.000000, -45.644009) 

Optimizing parameters for ground_truth: [2 3 4 1 5]
Optimal (phi, b, log_like) = (0.222222, 0.000000, -47.117832) 

Optimizing parameters for ground_truth: [2 3 4 5 1]
Optimal (phi, b, log_like) = (0.000000, 0.000000, -47.874917) 

Optimizing parameters for ground_truth: [2 3 5 1 4]
Optimal (phi, b, log_like) = (0.222222, 0.037037, -47.554801) 

Optimizing parameters for ground_truth: [2 3 5 4 1]
Optimal (phi, b, log_like) = (0.222222, 0.333333, -47.874486) 

Optimizing parameters for ground_truth: [2 4 1 3 5]
Optimal (phi, b, log_like) = (0.222222, 0.000000, -47.117832) 

Optimizing parameters for ground_truth: [2 4 1 5 3]
Optimal (phi, b, log_like) = (0.000000, 0.000000, -47.874917) 

Optimizing parameters for ground_truth: [2 4 3 1 5]
Optimal (phi, b, log_like) = (0.000000, 0.000000, -47.874917) 

Optimizing parameters for ground_truth: [2 4 3 5 1]
Optimal (phi, b, log_like) = (0.000000, 0.000000, -47.874917) 

Optimizing parameters for ground_truth: [2 4 5 1 3]
Optimal (phi, b, log_like) = (0.000000, 0.000000, -47.874917) 

Optimizing parameters for ground_truth: [2 4 5 3 1]
Optimal (phi, b, log_like) = (0.000000, 0.000000, -47.874917) 

Optimizing parameters for ground_truth: [2 5 1 3 4]
Optimal (phi, b, log_like) = (0.222222, 0.037037, -47.554801) 

Optimizing parameters for ground_truth: [2 5 1 4 3]
Optimal (phi, b, log_like) = (0.222222, 0.333333, -47.874486) 

Optimizing parameters for ground_truth: [2 5 3 1 4]
Optimal (phi, b, log_like) = (0.000000, 0.000000, -47.874917) 

Optimizing parameters for ground_truth: [2 5 3 4 1]
Optimal (phi, b, log_like) = (0.000000, 0.000000, -47.874917) 

Optimizing parameters for ground_truth: [2 5 4 1 3]
Optimal (phi, b, log_like) = (0.000000, 0.000000, -47.874917) 

Optimizing parameters for ground_truth: [2 5 4 3 1]
Optimal (phi, b, log_like) = (0.000000, 0.000000, -47.874917) 

Optimizing parameters for ground_truth: [3 1 2 4 5]
Optimal (phi, b, log_like) = (0.666667, 0.000000, -40.549928) 

Optimizing parameters for ground_truth: [3 1 2 5 4]
Optimal (phi, b, log_like) = (0.444444, 0.000000, -42.977343) 

Optimizing parameters for ground_truth: [3 1 4 2 5]
Optimal (phi, b, log_like) = (0.444444, 0.000000, -44.755121) 

Optimizing parameters for ground_truth: [3 1 4 5 2]
Optimal (phi, b, log_like) = (0.222222, 0.000000, -46.673388) 

Optimizing parameters for ground_truth: [3 1 5 2 4]
Optimal (phi, b, log_like) = (0.444444, 0.074074, -45.607592) 

Optimizing parameters for ground_truth: [3 1 5 4 2]
Optimal (phi, b, log_like) = (0.444444, 0.333333, -46.663401) 

Optimizing parameters for ground_truth: [3 2 1 4 5]
Optimal (phi, b, log_like) = (0.444444, 0.000000, -42.977343) 

Optimizing parameters for ground_truth: [3 2 1 5 4]
Optimal (phi, b, log_like) = (0.444444, 0.000000, -44.755121) 

Optimizing parameters for ground_truth: [3 2 4 1 5]
Optimal (phi, b, log_like) = (0.222222, 0.000000, -46.673388) 

Optimizing parameters for ground_truth: [3 2 4 5 1]
Optimal (phi, b, log_like) = (0.222222, 0.333333, -47.800412) 

Optimizing parameters for ground_truth: [3 2 5 1 4]
Optimal (phi, b, log_like) = (0.222222, 0.000000, -47.117832) 

Optimizing parameters for ground_truth: [3 2 5 4 1]
Optimal (phi, b, log_like) = (0.222222, 0.333333, -47.726338) 

Optimizing parameters for ground_truth: [3 4 1 2 5]
Optimal (phi, b, log_like) = (0.222222, 0.000000, -47.562277) 

Optimizing parameters for ground_truth: [3 4 1 5 2]
Optimal (phi, b, log_like) = (0.000000, 0.000000, -47.874917) 

Optimizing parameters for ground_truth: [3 4 2 1 5]
Optimal (phi, b, log_like) = (0.000000, 0.000000, -47.874917) 

Optimizing parameters for ground_truth: [3 4 2 5 1]
Optimal (phi, b, log_like) = (0.000000, 0.000000, -47.874917) 

Optimizing parameters for ground_truth: [3 4 5 1 2]
Optimal (phi, b, log_like) = (0.000000, 0.000000, -47.874917) 

Optimizing parameters for ground_truth: [3 4 5 2 1]
Optimal (phi, b, log_like) = (0.000000, 0.000000, -47.874917) 

Optimizing parameters for ground_truth: [3 5 1 2 4]
Optimal (phi, b, log_like) = (0.222222, 0.000000, -47.562277) 

Optimizing parameters for ground_truth: [3 5 1 4 2]
Optimal (phi, b, log_like) = (0.000000, 0.000000, -47.874917) 

Optimizing parameters for ground_truth: [3 5 2 1 4]
Optimal (phi, b, log_like) = (0.000000, 0.000000, -47.874917) 

Optimizing parameters for ground_truth: [3 5 2 4 1]
Optimal (phi, b, log_like) = (0.000000, 0.000000, -47.874917) 

Optimizing parameters for ground_truth: [3 5 4 1 2]
Optimal (phi, b, log_like) = (0.000000, 0.000000, -47.874917) 

Optimizing parameters for ground_truth: [3 5 4 2 1]
Optimal (phi, b, log_like) = (0.000000, 0.000000, -47.874917) 

Optimizing parameters for ground_truth: [4 1 2 3 5]
Optimal (phi, b, log_like) = (0.000000, 0.000000, -47.874917) 

Optimizing parameters for ground_truth: [4 1 2 5 3]
Optimal (phi, b, log_like) = (0.000000, 0.000000, -47.874917) 

Optimizing parameters for ground_truth: [4 1 3 2 5]
Optimal (phi, b, log_like) = (0.222222, 0.000000, -47.562277) 

Optimizing parameters for ground_truth: [4 1 3 5 2]
Optimal (phi, b, log_like) = (0.000000, 0.000000, -47.874917) 

Optimizing parameters for ground_truth: [4 1 5 2 3]
Optimal (phi, b, log_like) = (0.000000, 0.000000, -47.874917) 

Optimizing parameters for ground_truth: [4 1 5 3 2]
Optimal (phi, b, log_like) = (0.000000, 0.000000, -47.874917) 

Optimizing parameters for ground_truth: [4 2 1 3 5]
Optimal (phi, b, log_like) = (0.000000, 0.000000, -47.874917) 

Optimizing parameters for ground_truth: [4 2 1 5 3]
Optimal (phi, b, log_like) = (0.000000, 0.000000, -47.874917) 

Optimizing parameters for ground_truth: [4 2 3 1 5]
Optimal (phi, b, log_like) = (0.000000, 0.000000, -47.874917) 

Optimizing parameters for ground_truth: [4 2 3 5 1]
Optimal (phi, b, log_like) = (0.000000, 0.000000, -47.874917) 

Optimizing parameters for ground_truth: [4 2 5 1 3]
Optimal (phi, b, log_like) = (0.000000, 0.000000, -47.874917) 

Optimizing parameters for ground_truth: [4 2 5 3 1]
Optimal (phi, b, log_like) = (0.000000, 0.000000, -47.874917) 

Optimizing parameters for ground_truth: [4 3 1 2 5]
Optimal (phi, b, log_like) = (0.000000, 0.000000, -47.874917) 

Optimizing parameters for ground_truth: [4 3 1 5 2]
Optimal (phi, b, log_like) = (0.000000, 0.000000, -47.874917) 

Optimizing parameters for ground_truth: [4 3 2 1 5]
Optimal (phi, b, log_like) = (0.000000, 0.000000, -47.874917) 

Optimizing parameters for ground_truth: [4 3 2 5 1]
Optimal (phi, b, log_like) = (0.000000, 0.000000, -47.874917) 

Optimizing parameters for ground_truth: [4 3 5 1 2]
Optimal (phi, b, log_like) = (0.000000, 0.000000, -47.874917) 

Optimizing parameters for ground_truth: [4 3 5 2 1]
Optimal (phi, b, log_like) = (0.000000, 0.000000, -47.874917) 

Optimizing parameters for ground_truth: [4 5 1 2 3]
Optimal (phi, b, log_like) = (0.000000, 0.000000, -47.874917) 

Optimizing parameters for ground_truth: [4 5 1 3 2]
Optimal (phi, b, log_like) = (0.000000, 0.000000, -47.874917) 

Optimizing parameters for ground_truth: [4 5 2 1 3]
Optimal (phi, b, log_like) = (0.000000, 0.000000, -47.874917) 

Optimizing parameters for ground_truth: [4 5 2 3 1]
Optimal (phi, b, log_like) = (0.000000, 0.000000, -47.874917) 

Optimizing parameters for ground_truth: [4 5 3 1 2]
Optimal (phi, b, log_like) = (0.000000, 0.000000, -47.874917) 

Optimizing parameters for ground_truth: [4 5 3 2 1]
Optimal (phi, b, log_like) = (0.000000, 0.000000, -47.874917) 

Optimizing parameters for ground_truth: [5 1 2 3 4]
Optimal (phi, b, log_like) = (0.000000, 0.000000, -47.874917) 

Optimizing parameters for ground_truth: [5 1 2 4 3]
Optimal (phi, b, log_like) = (0.000000, 0.000000, -47.874917) 

Optimizing parameters for ground_truth: [5 1 3 2 4]
Optimal (phi, b, log_like) = (0.222222, 0.000000, -47.562277) 

Optimizing parameters for ground_truth: [5 1 3 4 2]
Optimal (phi, b, log_like) = (0.000000, 0.000000, -47.874917) 

Optimizing parameters for ground_truth: [5 1 4 2 3]
Optimal (phi, b, log_like) = (0.000000, 0.000000, -47.874917) 

Optimizing parameters for ground_truth: [5 1 4 3 2]
Optimal (phi, b, log_like) = (0.000000, 0.000000, -47.874917) 

Optimizing parameters for ground_truth: [5 2 1 3 4]
Optimal (phi, b, log_like) = (0.000000, 0.000000, -47.874917) 

Optimizing parameters for ground_truth: [5 2 1 4 3]
Optimal (phi, b, log_like) = (0.000000, 0.000000, -47.874917) 

Optimizing parameters for ground_truth: [5 2 3 1 4]
Optimal (phi, b, log_like) = (0.000000, 0.000000, -47.874917) 

Optimizing parameters for ground_truth: [5 2 3 4 1]
Optimal (phi, b, log_like) = (0.000000, 0.000000, -47.874917) 

Optimizing parameters for ground_truth: [5 2 4 1 3]
Optimal (phi, b, log_like) = (0.000000, 0.000000, -47.874917) 

Optimizing parameters for ground_truth: [5 2 4 3 1]
Optimal (phi, b, log_like) = (0.000000, 0.000000, -47.874917) 

Optimizing parameters for ground_truth: [5 3 1 2 4]
Optimal (phi, b, log_like) = (0.000000, 0.000000, -47.874917) 

Optimizing parameters for ground_truth: [5 3 1 4 2]
Optimal (phi, b, log_like) = (0.000000, 0.000000, -47.874917) 

Optimizing parameters for ground_truth: [5 3 2 1 4]
Optimal (phi, b, log_like) = (0.000000, 0.000000, -47.874917) 

Optimizing parameters for ground_truth: [5 3 2 4 1]
Optimal (phi, b, log_like) = (0.000000, 0.000000, -47.874917) 

Optimizing parameters for ground_truth: [5 3 4 1 2]
Optimal (phi, b, log_like) = (0.000000, 0.000000, -47.874917) 

Optimizing parameters for ground_truth: [5 3 4 2 1]
Optimal (phi, b, log_like) = (0.000000, 0.000000, -47.874917) 

Optimizing parameters for ground_truth: [5 4 1 2 3]
Optimal (phi, b, log_like) = (0.000000, 0.000000, -47.874917) 

Optimizing parameters for ground_truth: [5 4 1 3 2]
Optimal (phi, b, log_like) = (0.000000, 0.000000, -47.874917) 

Optimizing parameters for ground_truth: [5 4 2 1 3]
Optimal (phi, b, log_like) = (0.000000, 0.000000, -47.874917) 

Optimizing parameters for ground_truth: [5 4 2 3 1]
Optimal (phi, b, log_like) = (0.000000, 0.000000, -47.874917) 

Optimizing parameters for ground_truth: [5 4 3 1 2]
Optimal (phi, b, log_like) = (0.000000, 0.000000, -47.874917) 

Optimizing parameters for ground_truth: [5 4 3 2 1]
Optimal (phi, b, log_like) = (0.000000, 0.000000, -47.874917) 


Optimal ground truth was (1, 3, 2, 4, 5) with (phi, b, max_log_like) = (0.888889, 0.000000, -35.979053)

--- 17.504676818847656 seconds ---
