2018-10-23 18:05:41.229217

Experiment Configuration
 {'optimization': 'optimizations.Unweighted', 'optimization_params': {}, 'heuristic': 'heuristics.No_Heuristic', 'heuristic_params': {}, 'weight': 'rankobjects.Arithmetic', 'data_file': 'data/simulated/sim_4a.csv'}

Unweighted max log likelihood for [1 2 3 4] is -2709.057351
Unweighted max log likelihood for [1 2 4 3] is -2961.057351
Unweighted max log likelihood for [1 3 2 4] is -3097.057351
Unweighted max log likelihood for [1 3 4 2] is -3619.057351
Unweighted max log likelihood for [1 4 2 3] is -3483.057351
Unweighted max log likelihood for [1 4 3 2] is -3871.057351
Unweighted max log likelihood for [2 1 3 4] is -3163.057351
Unweighted max log likelihood for [2 1 4 3] is -3415.057351
Unweighted max log likelihood for [2 3 1 4] is -3767.057351
Unweighted max log likelihood for [2 3 4 1] is -4451.057351
Unweighted max log likelihood for [2 4 1 3] is -4099.057351
Unweighted max log likelihood for [2 4 3 1] is -4703.057351
Unweighted max log likelihood for [3 1 2 4] is -3701.057351
Unweighted max log likelihood for [3 1 4 2] is -4223.057351
Unweighted max log likelihood for [3 2 1 4] is -4155.057351
Unweighted max log likelihood for [3 2 4 1] is -4839.057351
Unweighted max log likelihood for [3 4 1 2] is -4907.057351
Unweighted max log likelihood for [3 4 2 1] is -5361.057351
Unweighted max log likelihood for [4 1 2 3] is -4167.057351
Unweighted max log likelihood for [4 1 3 2] is -4555.057351
Unweighted max log likelihood for [4 2 1 3] is -4621.057351
Unweighted max log likelihood for [4 2 3 1] is -5225.057351
Unweighted max log likelihood for [4 3 1 2] is -5159.057351
Unweighted max log likelihood for [4 3 2 1] is -5613.057351

Optimal ground truth was (1, 2, 3, 4) with (phi, b, max_log_like) = (1.000000, 0.000000, -2709.057351)

--- 2.4500861167907715 seconds ---
