2018-10-23 18:45:23.808796

Permutation: 1 2 3 4 	 Count: 107
Permutation: 1 2 4 3 	 Count: 77
Permutation: 1 3 2 4 	 Count: 44
Permutation: 1 3 4 2 	 Count: 40
Permutation: 1 4 2 3 	 Count: 27
Permutation: 1 4 3 2 	 Count: 30
Permutation: 2 1 3 4 	 Count: 43
Permutation: 2 1 4 3 	 Count: 29
Permutation: 2 3 1 4 	 Count: 30
Permutation: 2 3 4 1 	 Count: 20
Permutation: 2 4 1 3 	 Count: 24
Permutation: 2 4 3 1 	 Count: 24
Permutation: 3 1 2 4 	 Count: 26
Permutation: 3 1 4 2 	 Count: 19
Permutation: 3 2 1 4 	 Count: 15
Permutation: 3 2 4 1 	 Count: 26
Permutation: 3 4 1 2 	 Count: 23
Permutation: 3 4 2 1 	 Count: 45
Permutation: 4 1 2 3 	 Count: 29
Permutation: 4 1 3 2 	 Count: 25
Permutation: 4 2 1 3 	 Count: 30
Permutation: 4 2 3 1 	 Count: 74
Permutation: 4 3 1 2 	 Count: 73
Permutation: 4 3 2 1 	 Count: 120
