2018-10-18 01:00:06.876326

Experiment Configuration 
 {'optimization': 'optimizations.Exhaustive_Search', 'optimization_params': {'granularity': 10}, 'heuristic': 'heuristics.Single_Start_Greedy', 'heuristic_params': {'start': '1234'}, 'weight': 'rankobjects.Arithmetic', 'data_file': 'data/simulated/sim_4b.csv'} 

Optimizing parameters for ground_truth: [1. 2. 3. 4.]
Optimal (phi, b, log_like) = (1.111111, 0.277778, -2634.038781) 

Optimizing parameters for ground_truth: [2. 1. 3. 4.]
Optimal (phi, b, log_like) = (0.444444, 0.000000, -2920.833931) 

Optimizing parameters for ground_truth: [1. 3. 2. 4.]
Optimal (phi, b, log_like) = (0.666667, 0.222222, -2895.164157) 

Optimizing parameters for ground_truth: [1. 2. 4. 3.]
Optimal (phi, b, log_like) = (1.333333, 0.444444, -2716.265085) 

Attempted 4 possible ground truths
Path to ground truth:
('[1. 2. 3. 4.]', (1.1111111111111112, 0.2777777777777778, -2634.0387810992347))

List of computed values:
('[1. 2. 3. 4.]', (1.1111111111111112, 0.2777777777777778, -2634.0387810992347))
('[2. 1. 3. 4.]', (0.4444444444444444, 0.0, -2920.833930753094))
('[1. 3. 2. 4.]', (0.6666666666666666, 0.2222222222222222, -2895.1641573966585))
('[1. 2. 4. 3.]', (1.3333333333333333, 0.4444444444444444, -2716.265084942772))

--- 38.78846001625061 seconds ---
