2018-10-18 00:58:45.222296

Experiment Configuration 
 {'optimization': 'optimizations.Exhaustive_Search', 'optimization_params': {'granularity': 10}, 'heuristic': 'heuristics.Single_Start_Greedy', 'heuristic_params': {'start': '1234'}, 'weight': 'rankobjects.Arithmetic', 'data_file': 'data/simulated/sim_4a.csv'} 

Optimizing parameters for ground_truth: [1. 2. 3. 4.]
Optimal (phi, b, log_like) = (1.111111, 0.277778, -2646.507917) 

Optimizing parameters for ground_truth: [2. 1. 3. 4.]
Optimal (phi, b, log_like) = (0.444444, 0.000000, -2943.945042) 

Optimizing parameters for ground_truth: [1. 3. 2. 4.]
Optimal (phi, b, log_like) = (0.666667, 0.222222, -2897.238231) 

Optimizing parameters for ground_truth: [1. 2. 4. 3.]
Optimal (phi, b, log_like) = (1.333333, 0.500000, -2720.342136) 

Attempted 4 possible ground truths
Path to ground truth:
('[1. 2. 3. 4.]', (1.1111111111111112, 0.2777777777777778, -2646.507916901702))

List of computed values:
('[1. 2. 3. 4.]', (1.1111111111111112, 0.2777777777777778, -2646.507916901702))
('[2. 1. 3. 4.]', (0.4444444444444444, 0.0, -2943.9450418642014))
('[1. 3. 2. 4.]', (0.6666666666666666, 0.2222222222222222, -2897.238231470729))
('[1. 2. 4. 3.]', (1.3333333333333333, 0.5, -2720.3421361672404))

--- 38.66212439537048 seconds ---
