2018-10-18 00:06:41.621349

Experiment Configuration 
 {'optimization': 'optimizations.Exhaustive_Search', 'optimization_params': {'granularity': 10}, 'heuristic': 'heuristics.Single_Start_Greedy', 'heuristic_params': {'start': '213'}, 'weight': 'rankobjects.Arithmetic', 'data_file': 'data/simulated/sim_3.csv'} 

Optimizing parameters for ground_truth: [2. 1. 3.]
Optimal (phi, b, log_like) = (0.222222, 0.000000, -1755.202182) 

Optimizing parameters for ground_truth: [1. 2. 3.]
Optimal (phi, b, log_like) = (0.888889, 0.111111, -1490.522149) 

Optimizing parameters for ground_truth: [2. 3. 1.]
Optimal (phi, b, log_like) = (0.000000, 0.000000, -1791.759469) 

Optimizing parameters for ground_truth: [1. 3. 2.]
Optimal (phi, b, log_like) = (1.333333, 1.000000, -1584.579426) 

Attempted 4 possible ground truths
Path to ground truth:
('[2. 1. 3.]', (0.2222222222222222, 0.0, -1755.202182165029))
('[1. 2. 3.]', (0.8888888888888888, 0.1111111111111111, -1490.5221489347437))

List of computed values:
('[2. 1. 3.]', (0.2222222222222222, 0.0, -1755.202182165029))
('[1. 2. 3.]', (0.8888888888888888, 0.1111111111111111, -1490.5221489347437))
('[2. 3. 1.]', (0.0, 0.0, -1791.7594692280547))
('[1. 3. 2.]', (1.3333333333333333, 1.0, -1584.579426098262))

--- 31.651323318481445 seconds ---
