2019-04-15 12:15:15.868448

Experiment Configuration 
 {'optimization': 'optimizations.Exhaustive_Search', 'optimization_params': {'granularity': 10}, 'heuristic': 'heuristics.No_Heuristic', 'heuristic_params': {}, 'weight': 'rankobjects.Arithmetic', 'data_file': 'data/preflib/subsample/ED-24-2-50.csv'} 

Optimizing parameters for ground_truth: [1 2 3 4]
Optimal (phi, b, log_like) = (0.444444, 0.166667, -151.649778) 

Optimizing parameters for ground_truth: [1 2 4 3]
Optimal (phi, b, log_like) = (0.666667, 0.444444, -152.822315) 

Optimizing parameters for ground_truth: [1 3 2 4]
Optimal (phi, b, log_like) = (0.222222, 0.166667, -157.251421) 

Optimizing parameters for ground_truth: [1 3 4 2]
Optimal (phi, b, log_like) = (0.222222, 0.500000, -157.858798) 

Optimizing parameters for ground_truth: [1 4 2 3]
Optimal (phi, b, log_like) = (0.222222, 0.333333, -157.643880) 

Optimizing parameters for ground_truth: [1 4 3 2]
Optimal (phi, b, log_like) = (0.222222, 0.500000, -157.747687) 

Optimizing parameters for ground_truth: [2 1 3 4]
Optimal (phi, b, log_like) = (0.444444, 0.111111, -150.148658) 

Optimizing parameters for ground_truth: [2 1 4 3]
Optimal (phi, b, log_like) = (0.666667, 0.388889, -151.548110) 

Optimizing parameters for ground_truth: [2 3 1 4]
Optimal (phi, b, log_like) = (0.222222, 0.000000, -155.562930) 

Optimizing parameters for ground_truth: [2 3 4 1]
Optimal (phi, b, log_like) = (0.444444, 0.500000, -157.528015) 

Optimizing parameters for ground_truth: [2 4 1 3]
Optimal (phi, b, log_like) = (0.444444, 0.500000, -157.528015) 

Optimizing parameters for ground_truth: [2 4 3 1]
Optimal (phi, b, log_like) = (0.444444, 0.500000, -157.528015) 

Optimizing parameters for ground_truth: [3 1 2 4]
Optimal (phi, b, log_like) = (0.000000, 0.000000, -158.902692) 

Optimizing parameters for ground_truth: [3 1 4 2]
Optimal (phi, b, log_like) = (0.000000, 0.000000, -158.902692) 

Optimizing parameters for ground_truth: [3 2 1 4]
Optimal (phi, b, log_like) = (0.000000, 0.000000, -158.902692) 

Optimizing parameters for ground_truth: [3 2 4 1]
Optimal (phi, b, log_like) = (0.000000, 0.000000, -158.902692) 

Optimizing parameters for ground_truth: [3 4 1 2]
Optimal (phi, b, log_like) = (0.000000, 0.000000, -158.902692) 

Optimizing parameters for ground_truth: [3 4 2 1]
Optimal (phi, b, log_like) = (0.000000, 0.000000, -158.902692) 

Optimizing parameters for ground_truth: [4 1 2 3]
Optimal (phi, b, log_like) = (0.000000, 0.000000, -158.902692) 

Optimizing parameters for ground_truth: [4 1 3 2]
Optimal (phi, b, log_like) = (0.000000, 0.000000, -158.902692) 

Optimizing parameters for ground_truth: [4 2 1 3]
Optimal (phi, b, log_like) = (0.000000, 0.000000, -158.902692) 

Optimizing parameters for ground_truth: [4 2 3 1]
Optimal (phi, b, log_like) = (0.000000, 0.000000, -158.902692) 

Optimizing parameters for ground_truth: [4 3 1 2]
Optimal (phi, b, log_like) = (0.000000, 0.000000, -158.902692) 

Optimizing parameters for ground_truth: [4 3 2 1]
Optimal (phi, b, log_like) = (0.000000, 0.000000, -158.902692) 


Optimal ground truth was (2, 1, 3, 4) with (phi, b, max_log_like) = (0.444444, 0.111111, -150.148658)

--- 12.975492238998413 seconds ---
