2019-04-15 12:11:01.879285

Experiment Configuration 
 {'optimization': 'optimizations.Unweighted', 'optimization_params': {}, 'heuristic': 'heuristics.No_Heuristic', 'heuristic_params': {}, 'weight': 'rankobjects.Arithmetic', 'data_file': 'data/preflib/subsample/ED-24-1-50.csv'} 

Unweighted max log likelihood for [1 2 3 4] is -157.052868
Unweighted max log likelihood for [1 2 4 3] is -171.052868
Unweighted max log likelihood for [1 3 2 4] is -181.052868
Unweighted max log likelihood for [1 3 4 2] is -213.052868
Unweighted max log likelihood for [1 4 2 3] is -203.052868
Unweighted max log likelihood for [1 4 3 2] is -227.052868
Unweighted max log likelihood for [2 1 3 4] is -155.052868
Unweighted max log likelihood for [2 1 4 3] is -169.052868
Unweighted max log likelihood for [2 3 1 4] is -167.052868
Unweighted max log likelihood for [2 3 4 1] is -189.052868
Unweighted max log likelihood for [2 4 1 3] is -191.052868
Unweighted max log likelihood for [2 4 3 1] is -203.052868
Unweighted max log likelihood for [3 1 2 4] is -193.052868
Unweighted max log likelihood for [3 1 4 2] is -225.052868
Unweighted max log likelihood for [3 2 1 4] is -191.052868
Unweighted max log likelihood for [3 2 4 1] is -213.052868
Unweighted max log likelihood for [3 4 1 2] is -247.052868
Unweighted max log likelihood for [3 4 2 1] is -245.052868
Unweighted max log likelihood for [4 1 2 3] is -225.052868
Unweighted max log likelihood for [4 1 3 2] is -249.052868
Unweighted max log likelihood for [4 2 1 3] is -223.052868
Unweighted max log likelihood for [4 2 3 1] is -235.052868
Unweighted max log likelihood for [4 3 1 2] is -261.052868
Unweighted max log likelihood for [4 3 2 1] is -259.052868

Optimal ground truth was (2, 1, 3, 4) with (phi, b, max_log_like) = (1.000000, 0.000000, -155.052868)

--- 0.16061067581176758 seconds ---
