2019-04-15 12:43:32.352605

Experiment Configuration 
 {'optimization': 'optimizations.Unweighted', 'optimization_params': {}, 'heuristic': 'heuristics.No_Heuristic', 'heuristic_params': {}, 'weight': 'rankobjects.Arithmetic', 'data_file': 'data/preflib/subsample/ED-25-2-20.csv'} 

Unweighted max log likelihood for [1 2 3 4] is -52.221147
Unweighted max log likelihood for [1 2 4 3] is -60.221147
Unweighted max log likelihood for [1 3 2 4] is -62.221147
Unweighted max log likelihood for [1 3 4 2] is -72.221147
Unweighted max log likelihood for [1 4 2 3] is -70.221147
Unweighted max log likelihood for [1 4 3 2] is -80.221147
Unweighted max log likelihood for [2 1 3 4] is -62.221147
Unweighted max log likelihood for [2 1 4 3] is -70.221147
Unweighted max log likelihood for [2 3 1 4] is -72.221147
Unweighted max log likelihood for [2 3 4 1] is -86.221147
Unweighted max log likelihood for [2 4 1 3] is -84.221147
Unweighted max log likelihood for [2 4 3 1] is -94.221147
Unweighted max log likelihood for [3 1 2 4] is -72.221147
Unweighted max log likelihood for [3 1 4 2] is -82.221147
Unweighted max log likelihood for [3 2 1 4] is -82.221147
Unweighted max log likelihood for [3 2 4 1] is -96.221147
Unweighted max log likelihood for [3 4 1 2] is -96.221147
Unweighted max log likelihood for [3 4 2 1] is -106.221147
Unweighted max log likelihood for [4 1 2 3] is -84.221147
Unweighted max log likelihood for [4 1 3 2] is -94.221147
Unweighted max log likelihood for [4 2 1 3] is -94.221147
Unweighted max log likelihood for [4 2 3 1] is -104.221147
Unweighted max log likelihood for [4 3 1 2] is -104.221147
Unweighted max log likelihood for [4 3 2 1] is -114.221147

Optimal ground truth was (1, 2, 3, 4) with (phi, b, max_log_like) = (1.000000, 0.000000, -52.221147)

--- 0.07199978828430176 seconds ---
