2019-04-15 12:16:16.321865

Experiment Configuration 
 {'optimization': 'optimizations.Unweighted', 'optimization_params': {}, 'heuristic': 'heuristics.No_Heuristic', 'heuristic_params': {}, 'weight': 'rankobjects.Arithmetic', 'data_file': 'data/preflib/subsample/ED-24-2-50.csv'} 

Unweighted max log likelihood for [1 2 3 4] is -169.052868
Unweighted max log likelihood for [1 2 4 3] is -175.052868
Unweighted max log likelihood for [1 3 2 4] is -189.052868
Unweighted max log likelihood for [1 3 4 2] is -207.052868
Unweighted max log likelihood for [1 4 2 3] is -193.052868
Unweighted max log likelihood for [1 4 3 2] is -213.052868
Unweighted max log likelihood for [2 1 3 4] is -165.052868
Unweighted max log likelihood for [2 1 4 3] is -171.052868
Unweighted max log likelihood for [2 3 1 4] is -181.052868
Unweighted max log likelihood for [2 3 4 1] is -203.052868
Unweighted max log likelihood for [2 4 1 3] is -193.052868
Unweighted max log likelihood for [2 4 3 1] is -209.052868
Unweighted max log likelihood for [3 1 2 4] is -205.052868
Unweighted max log likelihood for [3 1 4 2] is -223.052868
Unweighted max log likelihood for [3 2 1 4] is -201.052868
Unweighted max log likelihood for [3 2 4 1] is -223.052868
Unweighted max log likelihood for [3 4 1 2] is -245.052868
Unweighted max log likelihood for [3 4 2 1] is -241.052868
Unweighted max log likelihood for [4 1 2 3] is -215.052868
Unweighted max log likelihood for [4 1 3 2] is -235.052868
Unweighted max log likelihood for [4 2 1 3] is -211.052868
Unweighted max log likelihood for [4 2 3 1] is -227.052868
Unweighted max log likelihood for [4 3 1 2] is -251.052868
Unweighted max log likelihood for [4 3 2 1] is -247.052868

Optimal ground truth was (2, 1, 3, 4) with (phi, b, max_log_like) = (1.000000, 0.000000, -165.052868)

--- 0.1839296817779541 seconds ---
