2019-04-15 12:28:00.277141

Experiment Configuration 
 {'optimization': 'optimizations.Unweighted', 'optimization_params': {}, 'heuristic': 'heuristics.No_Heuristic', 'heuristic_params': {}, 'weight': 'rankobjects.Arithmetic', 'data_file': 'data/preflib/subsample/ED-24-1-10.csv'} 

Unweighted max log likelihood for [1 2 3 4] is -43.610574
Unweighted max log likelihood for [1 2 4 3] is -43.610574
Unweighted max log likelihood for [1 3 2 4] is -41.610574
Unweighted max log likelihood for [1 3 4 2] is -35.610574
Unweighted max log likelihood for [1 4 2 3] is -37.610574
Unweighted max log likelihood for [1 4 3 2] is -35.610574
Unweighted max log likelihood for [2 1 3 4] is -47.610574
Unweighted max log likelihood for [2 1 4 3] is -47.610574
Unweighted max log likelihood for [2 3 1 4] is -47.610574
Unweighted max log likelihood for [2 3 4 1] is -47.610574
Unweighted max log likelihood for [2 4 1 3] is -47.610574
Unweighted max log likelihood for [2 4 3 1] is -47.610574
Unweighted max log likelihood for [3 1 2 4] is -41.610574
Unweighted max log likelihood for [3 1 4 2] is -35.610574
Unweighted max log likelihood for [3 2 1 4] is -45.610574
Unweighted max log likelihood for [3 2 4 1] is -45.610574
Unweighted max log likelihood for [3 4 1 2] is -35.610574
Unweighted max log likelihood for [3 4 2 1] is -39.610574
Unweighted max log likelihood for [4 1 2 3] is -37.610574
Unweighted max log likelihood for [4 1 3 2] is -35.610574
Unweighted max log likelihood for [4 2 1 3] is -41.610574
Unweighted max log likelihood for [4 2 3 1] is -41.610574
Unweighted max log likelihood for [4 3 1 2] is -35.610574
Unweighted max log likelihood for [4 3 2 1] is -39.610574

Optimal ground truth was (1, 3, 4, 2) with (phi, b, max_log_like) = (1.000000, 0.000000, -35.610574)

--- 0.0769500732421875 seconds ---
