2019-01-18 12:20:46.954934

Experiment Configuration 
 {'optimization': 'optimizations.Unweighted', 'optimization_params': {}, 'heuristic': 'heuristics.No_Heuristic', 'heuristic_params': {}, 'weight': 'rankobjects.Arithmetic', 'data_file': 'data/manual/manual_farzad_search_comittee.csv'} 

Unweighted max log likelihood for [1 2 3 4 5 6] is -30.207495
Unweighted max log likelihood for [1 2 3 4 6 5] is -33.207495
Unweighted max log likelihood for [1 2 3 5 4 6] is -29.207495
Unweighted max log likelihood for [1 2 3 5 6 4] is -28.207495
Unweighted max log likelihood for [1 2 3 6 4 5] is -32.207495
Unweighted max log likelihood for [1 2 3 6 5 4] is -31.207495
Unweighted max log likelihood for [1 2 4 3 5 6] is -33.207495
Unweighted max log likelihood for [1 2 4 3 6 5] is -36.207495
Unweighted max log likelihood for [1 2 4 5 3 6] is -34.207495
Unweighted max log likelihood for [1 2 4 5 6 3] is -35.207495
Unweighted max log likelihood for [1 2 4 6 3 5] is -37.207495
Unweighted max log likelihood for [1 2 4 6 5 3] is -38.207495
Unweighted max log likelihood for [1 2 5 3 4 6] is -30.207495
Unweighted max log likelihood for [1 2 5 3 6 4] is -29.207495
Unweighted max log likelihood for [1 2 5 4 3 6] is -33.207495
Unweighted max log likelihood for [1 2 5 4 6 3] is -34.207495
Unweighted max log likelihood for [1 2 5 6 3 4] is -30.207495
Unweighted max log likelihood for [1 2 5 6 4 3] is -33.207495
Unweighted max log likelihood for [1 2 6 3 4 5] is -33.207495
Unweighted max log likelihood for [1 2 6 3 5 4] is -32.207495
Unweighted max log likelihood for [1 2 6 4 3 5] is -36.207495
Unweighted max log likelihood for [1 2 6 4 5 3] is -37.207495
Unweighted max log likelihood for [1 2 6 5 3 4] is -33.207495
Unweighted max log likelihood for [1 2 6 5 4 3] is -36.207495
Unweighted max log likelihood for [1 3 2 4 5 6] is -27.207495
Unweighted max log likelihood for [1 3 2 4 6 5] is -30.207495
Unweighted max log likelihood for [1 3 2 5 4 6] is -26.207495
Unweighted max log likelihood for [1 3 2 5 6 4] is -25.207495
Unweighted max log likelihood for [1 3 2 6 4 5] is -29.207495
Unweighted max log likelihood for [1 3 2 6 5 4] is -28.207495
Unweighted max log likelihood for [1 3 4 2 5 6] is -26.207495
Unweighted max log likelihood for [1 3 4 2 6 5] is -29.207495
Unweighted max log likelihood for [1 3 4 5 2 6] is -25.207495
Unweighted max log likelihood for [1 3 4 5 6 2] is -24.207495
Unweighted max log likelihood for [1 3 4 6 2 5] is -28.207495
Unweighted max log likelihood for [1 3 4 6 5 2] is -27.207495
Unweighted max log likelihood for [1 3 5 2 4 6] is -25.207495
Unweighted max log likelihood for [1 3 5 2 6 4] is -24.207495
Unweighted max log likelihood for [1 3 5 4 2 6] is -24.207495
Unweighted max log likelihood for [1 3 5 4 6 2] is -23.207495
Unweighted max log likelihood for [1 3 5 6 2 4] is -23.207495
Unweighted max log likelihood for [1 3 5 6 4 2] is -22.207495
Unweighted max log likelihood for [1 3 6 2 4 5] is -28.207495
Unweighted max log likelihood for [1 3 6 2 5 4] is -27.207495
Unweighted max log likelihood for [1 3 6 4 2 5] is -27.207495
Unweighted max log likelihood for [1 3 6 4 5 2] is -26.207495
Unweighted max log likelihood for [1 3 6 5 2 4] is -26.207495
Unweighted max log likelihood for [1 3 6 5 4 2] is -25.207495
Unweighted max log likelihood for [1 4 2 3 5 6] is -32.207495
Unweighted max log likelihood for [1 4 2 3 6 5] is -35.207495
Unweighted max log likelihood for [1 4 2 5 3 6] is -33.207495
Unweighted max log likelihood for [1 4 2 5 6 3] is -34.207495
Unweighted max log likelihood for [1 4 2 6 3 5] is -36.207495
Unweighted max log likelihood for [1 4 2 6 5 3] is -37.207495
Unweighted max log likelihood for [1 4 3 2 5 6] is -29.207495
Unweighted max log likelihood for [1 4 3 2 6 5] is -32.207495
Unweighted max log likelihood for [1 4 3 5 2 6] is -28.207495
Unweighted max log likelihood for [1 4 3 5 6 2] is -27.207495
Unweighted max log likelihood for [1 4 3 6 2 5] is -31.207495
Unweighted max log likelihood for [1 4 3 6 5 2] is -30.207495
Unweighted max log likelihood for [1 4 5 2 3 6] is -32.207495
Unweighted max log likelihood for [1 4 5 2 6 3] is -33.207495
Unweighted max log likelihood for [1 4 5 3 2 6] is -29.207495
Unweighted max log likelihood for [1 4 5 3 6 2] is -28.207495
Unweighted max log likelihood for [1 4 5 6 2 3] is -32.207495
Unweighted max log likelihood for [1 4 5 6 3 2] is -29.207495
Unweighted max log likelihood for [1 4 6 2 3 5] is -35.207495
Unweighted max log likelihood for [1 4 6 2 5 3] is -36.207495
Unweighted max log likelihood for [1 4 6 3 2 5] is -32.207495
Unweighted max log likelihood for [1 4 6 3 5 2] is -31.207495
Unweighted max log likelihood for [1 4 6 5 2 3] is -35.207495
Unweighted max log likelihood for [1 4 6 5 3 2] is -32.207495
Unweighted max log likelihood for [1 5 2 3 4 6] is -29.207495
Unweighted max log likelihood for [1 5 2 3 6 4] is -28.207495
Unweighted max log likelihood for [1 5 2 4 3 6] is -32.207495
Unweighted max log likelihood for [1 5 2 4 6 3] is -33.207495
Unweighted max log likelihood for [1 5 2 6 3 4] is -29.207495
Unweighted max log likelihood for [1 5 2 6 4 3] is -32.207495
Unweighted max log likelihood for [1 5 3 2 4 6] is -26.207495
Unweighted max log likelihood for [1 5 3 2 6 4] is -25.207495
Unweighted max log likelihood for [1 5 3 4 2 6] is -25.207495
Unweighted max log likelihood for [1 5 3 4 6 2] is -24.207495
Unweighted max log likelihood for [1 5 3 6 2 4] is -24.207495
Unweighted max log likelihood for [1 5 3 6 4 2] is -23.207495
Unweighted max log likelihood for [1 5 4 2 3 6] is -31.207495
Unweighted max log likelihood for [1 5 4 2 6 3] is -32.207495
Unweighted max log likelihood for [1 5 4 3 2 6] is -28.207495
Unweighted max log likelihood for [1 5 4 3 6 2] is -27.207495
Unweighted max log likelihood for [1 5 4 6 2 3] is -31.207495
Unweighted max log likelihood for [1 5 4 6 3 2] is -28.207495
Unweighted max log likelihood for [1 5 6 2 3 4] is -28.207495
Unweighted max log likelihood for [1 5 6 2 4 3] is -31.207495
Unweighted max log likelihood for [1 5 6 3 2 4] is -25.207495
Unweighted max log likelihood for [1 5 6 3 4 2] is -24.207495
Unweighted max log likelihood for [1 5 6 4 2 3] is -30.207495
Unweighted max log likelihood for [1 5 6 4 3 2] is -27.207495
Unweighted max log likelihood for [1 6 2 3 4 5] is -32.207495
Unweighted max log likelihood for [1 6 2 3 5 4] is -31.207495
Unweighted max log likelihood for [1 6 2 4 3 5] is -35.207495
Unweighted max log likelihood for [1 6 2 4 5 3] is -36.207495
Unweighted max log likelihood for [1 6 2 5 3 4] is -32.207495
Unweighted max log likelihood for [1 6 2 5 4 3] is -35.207495
Unweighted max log likelihood for [1 6 3 2 4 5] is -29.207495
Unweighted max log likelihood for [1 6 3 2 5 4] is -28.207495
Unweighted max log likelihood for [1 6 3 4 2 5] is -28.207495
Unweighted max log likelihood for [1 6 3 4 5 2] is -27.207495
Unweighted max log likelihood for [1 6 3 5 2 4] is -27.207495
Unweighted max log likelihood for [1 6 3 5 4 2] is -26.207495
Unweighted max log likelihood for [1 6 4 2 3 5] is -34.207495
Unweighted max log likelihood for [1 6 4 2 5 3] is -35.207495
Unweighted max log likelihood for [1 6 4 3 2 5] is -31.207495
Unweighted max log likelihood for [1 6 4 3 5 2] is -30.207495
Unweighted max log likelihood for [1 6 4 5 2 3] is -34.207495
Unweighted max log likelihood for [1 6 4 5 3 2] is -31.207495
Unweighted max log likelihood for [1 6 5 2 3 4] is -31.207495
Unweighted max log likelihood for [1 6 5 2 4 3] is -34.207495
Unweighted max log likelihood for [1 6 5 3 2 4] is -28.207495
Unweighted max log likelihood for [1 6 5 3 4 2] is -27.207495
Unweighted max log likelihood for [1 6 5 4 2 3] is -33.207495
Unweighted max log likelihood for [1 6 5 4 3 2] is -30.207495
Unweighted max log likelihood for [2 1 3 4 5 6] is -31.207495
Unweighted max log likelihood for [2 1 3 4 6 5] is -34.207495
Unweighted max log likelihood for [2 1 3 5 4 6] is -30.207495
Unweighted max log likelihood for [2 1 3 5 6 4] is -29.207495
Unweighted max log likelihood for [2 1 3 6 4 5] is -33.207495
Unweighted max log likelihood for [2 1 3 6 5 4] is -32.207495
Unweighted max log likelihood for [2 1 4 3 5 6] is -34.207495
Unweighted max log likelihood for [2 1 4 3 6 5] is -37.207495
Unweighted max log likelihood for [2 1 4 5 3 6] is -35.207495
Unweighted max log likelihood for [2 1 4 5 6 3] is -36.207495
Unweighted max log likelihood for [2 1 4 6 3 5] is -38.207495
Unweighted max log likelihood for [2 1 4 6 5 3] is -39.207495
Unweighted max log likelihood for [2 1 5 3 4 6] is -31.207495
Unweighted max log likelihood for [2 1 5 3 6 4] is -30.207495
Unweighted max log likelihood for [2 1 5 4 3 6] is -34.207495
Unweighted max log likelihood for [2 1 5 4 6 3] is -35.207495
Unweighted max log likelihood for [2 1 5 6 3 4] is -31.207495
Unweighted max log likelihood for [2 1 5 6 4 3] is -34.207495
Unweighted max log likelihood for [2 1 6 3 4 5] is -34.207495
Unweighted max log likelihood for [2 1 6 3 5 4] is -33.207495
Unweighted max log likelihood for [2 1 6 4 3 5] is -37.207495
Unweighted max log likelihood for [2 1 6 4 5 3] is -38.207495
Unweighted max log likelihood for [2 1 6 5 3 4] is -34.207495
Unweighted max log likelihood for [2 1 6 5 4 3] is -37.207495
Unweighted max log likelihood for [2 3 1 4 5 6] is -30.207495
Unweighted max log likelihood for [2 3 1 4 6 5] is -33.207495
Unweighted max log likelihood for [2 3 1 5 4 6] is -29.207495
Unweighted max log likelihood for [2 3 1 5 6 4] is -28.207495
Unweighted max log likelihood for [2 3 1 6 4 5] is -32.207495
Unweighted max log likelihood for [2 3 1 6 5 4] is -31.207495
Unweighted max log likelihood for [2 3 4 1 5 6] is -31.207495
Unweighted max log likelihood for [2 3 4 1 6 5] is -34.207495
Unweighted max log likelihood for [2 3 4 5 1 6] is -28.207495
Unweighted max log likelihood for [2 3 4 5 6 1] is -27.207495
Unweighted max log likelihood for [2 3 4 6 1 5] is -33.207495
Unweighted max log likelihood for [2 3 4 6 5 1] is -30.207495
Unweighted max log likelihood for [2 3 5 1 4 6] is -26.207495
Unweighted max log likelihood for [2 3 5 1 6 4] is -25.207495
Unweighted max log likelihood for [2 3 5 4 1 6] is -27.207495
Unweighted max log likelihood for [2 3 5 4 6 1] is -26.207495
Unweighted max log likelihood for [2 3 5 6 1 4] is -24.207495
Unweighted max log likelihood for [2 3 5 6 4 1] is -25.207495
Unweighted max log likelihood for [2 3 6 1 4 5] is -31.207495
Unweighted max log likelihood for [2 3 6 1 5 4] is -30.207495
Unweighted max log likelihood for [2 3 6 4 1 5] is -32.207495
Unweighted max log likelihood for [2 3 6 4 5 1] is -29.207495
Unweighted max log likelihood for [2 3 6 5 1 4] is -27.207495
Unweighted max log likelihood for [2 3 6 5 4 1] is -28.207495
Unweighted max log likelihood for [2 4 1 3 5 6] is -35.207495
Unweighted max log likelihood for [2 4 1 3 6 5] is -38.207495
Unweighted max log likelihood for [2 4 1 5 3 6] is -36.207495
Unweighted max log likelihood for [2 4 1 5 6 3] is -37.207495
Unweighted max log likelihood for [2 4 1 6 3 5] is -39.207495
Unweighted max log likelihood for [2 4 1 6 5 3] is -40.207495
Unweighted max log likelihood for [2 4 3 1 5 6] is -34.207495
Unweighted max log likelihood for [2 4 3 1 6 5] is -37.207495
Unweighted max log likelihood for [2 4 3 5 1 6] is -31.207495
Unweighted max log likelihood for [2 4 3 5 6 1] is -30.207495
Unweighted max log likelihood for [2 4 3 6 1 5] is -36.207495
Unweighted max log likelihood for [2 4 3 6 5 1] is -33.207495
Unweighted max log likelihood for [2 4 5 1 3 6] is -33.207495
Unweighted max log likelihood for [2 4 5 1 6 3] is -34.207495
Unweighted max log likelihood for [2 4 5 3 1 6] is -32.207495
Unweighted max log likelihood for [2 4 5 3 6 1] is -31.207495
Unweighted max log likelihood for [2 4 5 6 1 3] is -33.207495
Unweighted max log likelihood for [2 4 5 6 3 1] is -32.207495
Unweighted max log likelihood for [2 4 6 1 3 5] is -38.207495
Unweighted max log likelihood for [2 4 6 1 5 3] is -39.207495
Unweighted max log likelihood for [2 4 6 3 1 5] is -37.207495
Unweighted max log likelihood for [2 4 6 3 5 1] is -34.207495
Unweighted max log likelihood for [2 4 6 5 1 3] is -36.207495
Unweighted max log likelihood for [2 4 6 5 3 1] is -35.207495
Unweighted max log likelihood for [2 5 1 3 4 6] is -28.207495
Unweighted max log likelihood for [2 5 1 3 6 4] is -27.207495
Unweighted max log likelihood for [2 5 1 4 3 6] is -31.207495
Unweighted max log likelihood for [2 5 1 4 6 3] is -32.207495
Unweighted max log likelihood for [2 5 1 6 3 4] is -28.207495
Unweighted max log likelihood for [2 5 1 6 4 3] is -31.207495
Unweighted max log likelihood for [2 5 3 1 4 6] is -27.207495
Unweighted max log likelihood for [2 5 3 1 6 4] is -26.207495
Unweighted max log likelihood for [2 5 3 4 1 6] is -28.207495
Unweighted max log likelihood for [2 5 3 4 6 1] is -27.207495
Unweighted max log likelihood for [2 5 3 6 1 4] is -25.207495
Unweighted max log likelihood for [2 5 3 6 4 1] is -26.207495
Unweighted max log likelihood for [2 5 4 1 3 6] is -32.207495
Unweighted max log likelihood for [2 5 4 1 6 3] is -33.207495
Unweighted max log likelihood for [2 5 4 3 1 6] is -31.207495
Unweighted max log likelihood for [2 5 4 3 6 1] is -30.207495
Unweighted max log likelihood for [2 5 4 6 1 3] is -32.207495
Unweighted max log likelihood for [2 5 4 6 3 1] is -31.207495
Unweighted max log likelihood for [2 5 6 1 3 4] is -27.207495
Unweighted max log likelihood for [2 5 6 1 4 3] is -30.207495
Unweighted max log likelihood for [2 5 6 3 1 4] is -26.207495
Unweighted max log likelihood for [2 5 6 3 4 1] is -27.207495
Unweighted max log likelihood for [2 5 6 4 1 3] is -31.207495
Unweighted max log likelihood for [2 5 6 4 3 1] is -30.207495
Unweighted max log likelihood for [2 6 1 3 4 5] is -33.207495
Unweighted max log likelihood for [2 6 1 3 5 4] is -32.207495
Unweighted max log likelihood for [2 6 1 4 3 5] is -36.207495
Unweighted max log likelihood for [2 6 1 4 5 3] is -37.207495
Unweighted max log likelihood for [2 6 1 5 3 4] is -33.207495
Unweighted max log likelihood for [2 6 1 5 4 3] is -36.207495
Unweighted max log likelihood for [2 6 3 1 4 5] is -32.207495
Unweighted max log likelihood for [2 6 3 1 5 4] is -31.207495
Unweighted max log likelihood for [2 6 3 4 1 5] is -33.207495
Unweighted max log likelihood for [2 6 3 4 5 1] is -30.207495
Unweighted max log likelihood for [2 6 3 5 1 4] is -28.207495
Unweighted max log likelihood for [2 6 3 5 4 1] is -29.207495
Unweighted max log likelihood for [2 6 4 1 3 5] is -37.207495
Unweighted max log likelihood for [2 6 4 1 5 3] is -38.207495
Unweighted max log likelihood for [2 6 4 3 1 5] is -36.207495
Unweighted max log likelihood for [2 6 4 3 5 1] is -33.207495
Unweighted max log likelihood for [2 6 4 5 1 3] is -35.207495
Unweighted max log likelihood for [2 6 4 5 3 1] is -34.207495
Unweighted max log likelihood for [2 6 5 1 3 4] is -30.207495
Unweighted max log likelihood for [2 6 5 1 4 3] is -33.207495
Unweighted max log likelihood for [2 6 5 3 1 4] is -29.207495
Unweighted max log likelihood for [2 6 5 3 4 1] is -30.207495
Unweighted max log likelihood for [2 6 5 4 1 3] is -34.207495
Unweighted max log likelihood for [2 6 5 4 3 1] is -33.207495
Unweighted max log likelihood for [3 1 2 4 5 6] is -26.207495
Unweighted max log likelihood for [3 1 2 4 6 5] is -29.207495
Unweighted max log likelihood for [3 1 2 5 4 6] is -25.207495
Unweighted max log likelihood for [3 1 2 5 6 4] is -24.207495
Unweighted max log likelihood for [3 1 2 6 4 5] is -28.207495
Unweighted max log likelihood for [3 1 2 6 5 4] is -27.207495
Unweighted max log likelihood for [3 1 4 2 5 6] is -25.207495
Unweighted max log likelihood for [3 1 4 2 6 5] is -28.207495
Unweighted max log likelihood for [3 1 4 5 2 6] is -24.207495
Unweighted max log likelihood for [3 1 4 5 6 2] is -23.207495
Unweighted max log likelihood for [3 1 4 6 2 5] is -27.207495
Unweighted max log likelihood for [3 1 4 6 5 2] is -26.207495
Unweighted max log likelihood for [3 1 5 2 4 6] is -24.207495
Unweighted max log likelihood for [3 1 5 2 6 4] is -23.207495
Unweighted max log likelihood for [3 1 5 4 2 6] is -23.207495
Unweighted max log likelihood for [3 1 5 4 6 2] is -22.207495
Unweighted max log likelihood for [3 1 5 6 2 4] is -22.207495
Unweighted max log likelihood for [3 1 5 6 4 2] is -21.207495
Unweighted max log likelihood for [3 1 6 2 4 5] is -27.207495
Unweighted max log likelihood for [3 1 6 2 5 4] is -26.207495
Unweighted max log likelihood for [3 1 6 4 2 5] is -26.207495
Unweighted max log likelihood for [3 1 6 4 5 2] is -25.207495
Unweighted max log likelihood for [3 1 6 5 2 4] is -25.207495
Unweighted max log likelihood for [3 1 6 5 4 2] is -24.207495
Unweighted max log likelihood for [3 2 1 4 5 6] is -27.207495
Unweighted max log likelihood for [3 2 1 4 6 5] is -30.207495
Unweighted max log likelihood for [3 2 1 5 4 6] is -26.207495
Unweighted max log likelihood for [3 2 1 5 6 4] is -25.207495
Unweighted max log likelihood for [3 2 1 6 4 5] is -29.207495
Unweighted max log likelihood for [3 2 1 6 5 4] is -28.207495
Unweighted max log likelihood for [3 2 4 1 5 6] is -28.207495
Unweighted max log likelihood for [3 2 4 1 6 5] is -31.207495
Unweighted max log likelihood for [3 2 4 5 1 6] is -25.207495
Unweighted max log likelihood for [3 2 4 5 6 1] is -24.207495
Unweighted max log likelihood for [3 2 4 6 1 5] is -30.207495
Unweighted max log likelihood for [3 2 4 6 5 1] is -27.207495
Unweighted max log likelihood for [3 2 5 1 4 6] is -23.207495
Unweighted max log likelihood for [3 2 5 1 6 4] is -22.207495
Unweighted max log likelihood for [3 2 5 4 1 6] is -24.207495
Unweighted max log likelihood for [3 2 5 4 6 1] is -23.207495
Unweighted max log likelihood for [3 2 5 6 1 4] is -21.207495
Unweighted max log likelihood for [3 2 5 6 4 1] is -22.207495
Unweighted max log likelihood for [3 2 6 1 4 5] is -28.207495
Unweighted max log likelihood for [3 2 6 1 5 4] is -27.207495
Unweighted max log likelihood for [3 2 6 4 1 5] is -29.207495
Unweighted max log likelihood for [3 2 6 4 5 1] is -26.207495
Unweighted max log likelihood for [3 2 6 5 1 4] is -24.207495
Unweighted max log likelihood for [3 2 6 5 4 1] is -25.207495
Unweighted max log likelihood for [3 4 1 2 5 6] is -26.207495
Unweighted max log likelihood for [3 4 1 2 6 5] is -29.207495
Unweighted max log likelihood for [3 4 1 5 2 6] is -25.207495
Unweighted max log likelihood for [3 4 1 5 6 2] is -24.207495
Unweighted max log likelihood for [3 4 1 6 2 5] is -28.207495
Unweighted max log likelihood for [3 4 1 6 5 2] is -27.207495
Unweighted max log likelihood for [3 4 2 1 5 6] is -27.207495
Unweighted max log likelihood for [3 4 2 1 6 5] is -30.207495
Unweighted max log likelihood for [3 4 2 5 1 6] is -24.207495
Unweighted max log likelihood for [3 4 2 5 6 1] is -23.207495
Unweighted max log likelihood for [3 4 2 6 1 5] is -29.207495
Unweighted max log likelihood for [3 4 2 6 5 1] is -26.207495
Unweighted max log likelihood for [3 4 5 1 2 6] is -22.207495
Unweighted max log likelihood for [3 4 5 1 6 2] is -21.207495
Unweighted max log likelihood for [3 4 5 2 1 6] is -23.207495
Unweighted max log likelihood for [3 4 5 2 6 1] is -22.207495
Unweighted max log likelihood for [3 4 5 6 1 2] is -20.207495
Unweighted max log likelihood for [3 4 5 6 2 1] is -21.207495
Unweighted max log likelihood for [3 4 6 1 2 5] is -27.207495
Unweighted max log likelihood for [3 4 6 1 5 2] is -26.207495
Unweighted max log likelihood for [3 4 6 2 1 5] is -28.207495
Unweighted max log likelihood for [3 4 6 2 5 1] is -25.207495
Unweighted max log likelihood for [3 4 6 5 1 2] is -23.207495
Unweighted max log likelihood for [3 4 6 5 2 1] is -24.207495
Unweighted max log likelihood for [3 5 1 2 4 6] is -21.207495
Unweighted max log likelihood for [3 5 1 2 6 4] is -20.207495
Unweighted max log likelihood for [3 5 1 4 2 6] is -20.207495
Unweighted max log likelihood for [3 5 1 4 6 2] is -19.207495
Unweighted max log likelihood for [3 5 1 6 2 4] is -19.207495
Unweighted max log likelihood for [3 5 1 6 4 2] is -18.207495
Unweighted max log likelihood for [3 5 2 1 4 6] is -22.207495
Unweighted max log likelihood for [3 5 2 1 6 4] is -21.207495
Unweighted max log likelihood for [3 5 2 4 1 6] is -23.207495
Unweighted max log likelihood for [3 5 2 4 6 1] is -22.207495
Unweighted max log likelihood for [3 5 2 6 1 4] is -20.207495
Unweighted max log likelihood for [3 5 2 6 4 1] is -21.207495
Unweighted max log likelihood for [3 5 4 1 2 6] is -21.207495
Unweighted max log likelihood for [3 5 4 1 6 2] is -20.207495
Unweighted max log likelihood for [3 5 4 2 1 6] is -22.207495
Unweighted max log likelihood for [3 5 4 2 6 1] is -21.207495
Unweighted max log likelihood for [3 5 4 6 1 2] is -19.207495
Unweighted max log likelihood for [3 5 4 6 2 1] is -20.207495
Unweighted max log likelihood for [3 5 6 1 2 4] is -18.207495
Unweighted max log likelihood for [3 5 6 1 4 2] is -17.207495
Unweighted max log likelihood for [3 5 6 2 1 4] is -19.207495
Unweighted max log likelihood for [3 5 6 2 4 1] is -20.207495
Unweighted max log likelihood for [3 5 6 4 1 2] is -18.207495
Unweighted max log likelihood for [3 5 6 4 2 1] is -19.207495
Unweighted max log likelihood for [3 6 1 2 4 5] is -26.207495
Unweighted max log likelihood for [3 6 1 2 5 4] is -25.207495
Unweighted max log likelihood for [3 6 1 4 2 5] is -25.207495
Unweighted max log likelihood for [3 6 1 4 5 2] is -24.207495
Unweighted max log likelihood for [3 6 1 5 2 4] is -24.207495
Unweighted max log likelihood for [3 6 1 5 4 2] is -23.207495
Unweighted max log likelihood for [3 6 2 1 4 5] is -27.207495
Unweighted max log likelihood for [3 6 2 1 5 4] is -26.207495
Unweighted max log likelihood for [3 6 2 4 1 5] is -28.207495
Unweighted max log likelihood for [3 6 2 4 5 1] is -25.207495
Unweighted max log likelihood for [3 6 2 5 1 4] is -23.207495
Unweighted max log likelihood for [3 6 2 5 4 1] is -24.207495
Unweighted max log likelihood for [3 6 4 1 2 5] is -26.207495
Unweighted max log likelihood for [3 6 4 1 5 2] is -25.207495
Unweighted max log likelihood for [3 6 4 2 1 5] is -27.207495
Unweighted max log likelihood for [3 6 4 2 5 1] is -24.207495
Unweighted max log likelihood for [3 6 4 5 1 2] is -22.207495
Unweighted max log likelihood for [3 6 4 5 2 1] is -23.207495
Unweighted max log likelihood for [3 6 5 1 2 4] is -21.207495
Unweighted max log likelihood for [3 6 5 1 4 2] is -20.207495
Unweighted max log likelihood for [3 6 5 2 1 4] is -22.207495
Unweighted max log likelihood for [3 6 5 2 4 1] is -23.207495
Unweighted max log likelihood for [3 6 5 4 1 2] is -21.207495
Unweighted max log likelihood for [3 6 5 4 2 1] is -22.207495
Unweighted max log likelihood for [4 1 2 3 5 6] is -33.207495
Unweighted max log likelihood for [4 1 2 3 6 5] is -36.207495
Unweighted max log likelihood for [4 1 2 5 3 6] is -34.207495
Unweighted max log likelihood for [4 1 2 5 6 3] is -35.207495
Unweighted max log likelihood for [4 1 2 6 3 5] is -37.207495
Unweighted max log likelihood for [4 1 2 6 5 3] is -38.207495
Unweighted max log likelihood for [4 1 3 2 5 6] is -30.207495
Unweighted max log likelihood for [4 1 3 2 6 5] is -33.207495
Unweighted max log likelihood for [4 1 3 5 2 6] is -29.207495
Unweighted max log likelihood for [4 1 3 5 6 2] is -28.207495
Unweighted max log likelihood for [4 1 3 6 2 5] is -32.207495
Unweighted max log likelihood for [4 1 3 6 5 2] is -31.207495
Unweighted max log likelihood for [4 1 5 2 3 6] is -33.207495
Unweighted max log likelihood for [4 1 5 2 6 3] is -34.207495
Unweighted max log likelihood for [4 1 5 3 2 6] is -30.207495
Unweighted max log likelihood for [4 1 5 3 6 2] is -29.207495
Unweighted max log likelihood for [4 1 5 6 2 3] is -33.207495
Unweighted max log likelihood for [4 1 5 6 3 2] is -30.207495
Unweighted max log likelihood for [4 1 6 2 3 5] is -36.207495
Unweighted max log likelihood for [4 1 6 2 5 3] is -37.207495
Unweighted max log likelihood for [4 1 6 3 2 5] is -33.207495
Unweighted max log likelihood for [4 1 6 3 5 2] is -32.207495
Unweighted max log likelihood for [4 1 6 5 2 3] is -36.207495
Unweighted max log likelihood for [4 1 6 5 3 2] is -33.207495
Unweighted max log likelihood for [4 2 1 3 5 6] is -34.207495
Unweighted max log likelihood for [4 2 1 3 6 5] is -37.207495
Unweighted max log likelihood for [4 2 1 5 3 6] is -35.207495
Unweighted max log likelihood for [4 2 1 5 6 3] is -36.207495
Unweighted max log likelihood for [4 2 1 6 3 5] is -38.207495
Unweighted max log likelihood for [4 2 1 6 5 3] is -39.207495
Unweighted max log likelihood for [4 2 3 1 5 6] is -33.207495
Unweighted max log likelihood for [4 2 3 1 6 5] is -36.207495
Unweighted max log likelihood for [4 2 3 5 1 6] is -30.207495
Unweighted max log likelihood for [4 2 3 5 6 1] is -29.207495
Unweighted max log likelihood for [4 2 3 6 1 5] is -35.207495
Unweighted max log likelihood for [4 2 3 6 5 1] is -32.207495
Unweighted max log likelihood for [4 2 5 1 3 6] is -32.207495
Unweighted max log likelihood for [4 2 5 1 6 3] is -33.207495
Unweighted max log likelihood for [4 2 5 3 1 6] is -31.207495
Unweighted max log likelihood for [4 2 5 3 6 1] is -30.207495
Unweighted max log likelihood for [4 2 5 6 1 3] is -32.207495
Unweighted max log likelihood for [4 2 5 6 3 1] is -31.207495
Unweighted max log likelihood for [4 2 6 1 3 5] is -37.207495
Unweighted max log likelihood for [4 2 6 1 5 3] is -38.207495
Unweighted max log likelihood for [4 2 6 3 1 5] is -36.207495
Unweighted max log likelihood for [4 2 6 3 5 1] is -33.207495
Unweighted max log likelihood for [4 2 6 5 1 3] is -35.207495
Unweighted max log likelihood for [4 2 6 5 3 1] is -34.207495
Unweighted max log likelihood for [4 3 1 2 5 6] is -29.207495
Unweighted max log likelihood for [4 3 1 2 6 5] is -32.207495
Unweighted max log likelihood for [4 3 1 5 2 6] is -28.207495
Unweighted max log likelihood for [4 3 1 5 6 2] is -27.207495
Unweighted max log likelihood for [4 3 1 6 2 5] is -31.207495
Unweighted max log likelihood for [4 3 1 6 5 2] is -30.207495
Unweighted max log likelihood for [4 3 2 1 5 6] is -30.207495
Unweighted max log likelihood for [4 3 2 1 6 5] is -33.207495
Unweighted max log likelihood for [4 3 2 5 1 6] is -27.207495
Unweighted max log likelihood for [4 3 2 5 6 1] is -26.207495
Unweighted max log likelihood for [4 3 2 6 1 5] is -32.207495
Unweighted max log likelihood for [4 3 2 6 5 1] is -29.207495
Unweighted max log likelihood for [4 3 5 1 2 6] is -25.207495
Unweighted max log likelihood for [4 3 5 1 6 2] is -24.207495
Unweighted max log likelihood for [4 3 5 2 1 6] is -26.207495
Unweighted max log likelihood for [4 3 5 2 6 1] is -25.207495
Unweighted max log likelihood for [4 3 5 6 1 2] is -23.207495
Unweighted max log likelihood for [4 3 5 6 2 1] is -24.207495
Unweighted max log likelihood for [4 3 6 1 2 5] is -30.207495
Unweighted max log likelihood for [4 3 6 1 5 2] is -29.207495
Unweighted max log likelihood for [4 3 6 2 1 5] is -31.207495
Unweighted max log likelihood for [4 3 6 2 5 1] is -28.207495
Unweighted max log likelihood for [4 3 6 5 1 2] is -26.207495
Unweighted max log likelihood for [4 3 6 5 2 1] is -27.207495
Unweighted max log likelihood for [4 5 1 2 3 6] is -30.207495
Unweighted max log likelihood for [4 5 1 2 6 3] is -31.207495
Unweighted max log likelihood for [4 5 1 3 2 6] is -27.207495
Unweighted max log likelihood for [4 5 1 3 6 2] is -26.207495
Unweighted max log likelihood for [4 5 1 6 2 3] is -30.207495
Unweighted max log likelihood for [4 5 1 6 3 2] is -27.207495
Unweighted max log likelihood for [4 5 2 1 3 6] is -31.207495
Unweighted max log likelihood for [4 5 2 1 6 3] is -32.207495
Unweighted max log likelihood for [4 5 2 3 1 6] is -30.207495
Unweighted max log likelihood for [4 5 2 3 6 1] is -29.207495
Unweighted max log likelihood for [4 5 2 6 1 3] is -31.207495
Unweighted max log likelihood for [4 5 2 6 3 1] is -30.207495
Unweighted max log likelihood for [4 5 3 1 2 6] is -26.207495
Unweighted max log likelihood for [4 5 3 1 6 2] is -25.207495
Unweighted max log likelihood for [4 5 3 2 1 6] is -27.207495
Unweighted max log likelihood for [4 5 3 2 6 1] is -26.207495
Unweighted max log likelihood for [4 5 3 6 1 2] is -24.207495
Unweighted max log likelihood for [4 5 3 6 2 1] is -25.207495
Unweighted max log likelihood for [4 5 6 1 2 3] is -29.207495
Unweighted max log likelihood for [4 5 6 1 3 2] is -26.207495
Unweighted max log likelihood for [4 5 6 2 1 3] is -30.207495
Unweighted max log likelihood for [4 5 6 2 3 1] is -29.207495
Unweighted max log likelihood for [4 5 6 3 1 2] is -25.207495
Unweighted max log likelihood for [4 5 6 3 2 1] is -26.207495
Unweighted max log likelihood for [4 6 1 2 3 5] is -35.207495
Unweighted max log likelihood for [4 6 1 2 5 3] is -36.207495
Unweighted max log likelihood for [4 6 1 3 2 5] is -32.207495
Unweighted max log likelihood for [4 6 1 3 5 2] is -31.207495
Unweighted max log likelihood for [4 6 1 5 2 3] is -35.207495
Unweighted max log likelihood for [4 6 1 5 3 2] is -32.207495
Unweighted max log likelihood for [4 6 2 1 3 5] is -36.207495
Unweighted max log likelihood for [4 6 2 1 5 3] is -37.207495
Unweighted max log likelihood for [4 6 2 3 1 5] is -35.207495
Unweighted max log likelihood for [4 6 2 3 5 1] is -32.207495
Unweighted max log likelihood for [4 6 2 5 1 3] is -34.207495
Unweighted max log likelihood for [4 6 2 5 3 1] is -33.207495
Unweighted max log likelihood for [4 6 3 1 2 5] is -31.207495
Unweighted max log likelihood for [4 6 3 1 5 2] is -30.207495
Unweighted max log likelihood for [4 6 3 2 1 5] is -32.207495
Unweighted max log likelihood for [4 6 3 2 5 1] is -29.207495
Unweighted max log likelihood for [4 6 3 5 1 2] is -27.207495
Unweighted max log likelihood for [4 6 3 5 2 1] is -28.207495
Unweighted max log likelihood for [4 6 5 1 2 3] is -32.207495
Unweighted max log likelihood for [4 6 5 1 3 2] is -29.207495
Unweighted max log likelihood for [4 6 5 2 1 3] is -33.207495
Unweighted max log likelihood for [4 6 5 2 3 1] is -32.207495
Unweighted max log likelihood for [4 6 5 3 1 2] is -28.207495
Unweighted max log likelihood for [4 6 5 3 2 1] is -29.207495
Unweighted max log likelihood for [5 1 2 3 4 6] is -26.207495
Unweighted max log likelihood for [5 1 2 3 6 4] is -25.207495
Unweighted max log likelihood for [5 1 2 4 3 6] is -29.207495
Unweighted max log likelihood for [5 1 2 4 6 3] is -30.207495
Unweighted max log likelihood for [5 1 2 6 3 4] is -26.207495
Unweighted max log likelihood for [5 1 2 6 4 3] is -29.207495
Unweighted max log likelihood for [5 1 3 2 4 6] is -23.207495
Unweighted max log likelihood for [5 1 3 2 6 4] is -22.207495
Unweighted max log likelihood for [5 1 3 4 2 6] is -22.207495
Unweighted max log likelihood for [5 1 3 4 6 2] is -21.207495
Unweighted max log likelihood for [5 1 3 6 2 4] is -21.207495
Unweighted max log likelihood for [5 1 3 6 4 2] is -20.207495
Unweighted max log likelihood for [5 1 4 2 3 6] is -28.207495
Unweighted max log likelihood for [5 1 4 2 6 3] is -29.207495
Unweighted max log likelihood for [5 1 4 3 2 6] is -25.207495
Unweighted max log likelihood for [5 1 4 3 6 2] is -24.207495
Unweighted max log likelihood for [5 1 4 6 2 3] is -28.207495
Unweighted max log likelihood for [5 1 4 6 3 2] is -25.207495
Unweighted max log likelihood for [5 1 6 2 3 4] is -25.207495
Unweighted max log likelihood for [5 1 6 2 4 3] is -28.207495
Unweighted max log likelihood for [5 1 6 3 2 4] is -22.207495
Unweighted max log likelihood for [5 1 6 3 4 2] is -21.207495
Unweighted max log likelihood for [5 1 6 4 2 3] is -27.207495
Unweighted max log likelihood for [5 1 6 4 3 2] is -24.207495
Unweighted max log likelihood for [5 2 1 3 4 6] is -27.207495
Unweighted max log likelihood for [5 2 1 3 6 4] is -26.207495
Unweighted max log likelihood for [5 2 1 4 3 6] is -30.207495
Unweighted max log likelihood for [5 2 1 4 6 3] is -31.207495
Unweighted max log likelihood for [5 2 1 6 3 4] is -27.207495
Unweighted max log likelihood for [5 2 1 6 4 3] is -30.207495
Unweighted max log likelihood for [5 2 3 1 4 6] is -26.207495
Unweighted max log likelihood for [5 2 3 1 6 4] is -25.207495
Unweighted max log likelihood for [5 2 3 4 1 6] is -27.207495
Unweighted max log likelihood for [5 2 3 4 6 1] is -26.207495
Unweighted max log likelihood for [5 2 3 6 1 4] is -24.207495
Unweighted max log likelihood for [5 2 3 6 4 1] is -25.207495
Unweighted max log likelihood for [5 2 4 1 3 6] is -31.207495
Unweighted max log likelihood for [5 2 4 1 6 3] is -32.207495
Unweighted max log likelihood for [5 2 4 3 1 6] is -30.207495
Unweighted max log likelihood for [5 2 4 3 6 1] is -29.207495
Unweighted max log likelihood for [5 2 4 6 1 3] is -31.207495
Unweighted max log likelihood for [5 2 4 6 3 1] is -30.207495
Unweighted max log likelihood for [5 2 6 1 3 4] is -26.207495
Unweighted max log likelihood for [5 2 6 1 4 3] is -29.207495
Unweighted max log likelihood for [5 2 6 3 1 4] is -25.207495
Unweighted max log likelihood for [5 2 6 3 4 1] is -26.207495
Unweighted max log likelihood for [5 2 6 4 1 3] is -30.207495
Unweighted max log likelihood for [5 2 6 4 3 1] is -29.207495
Unweighted max log likelihood for [5 3 1 2 4 6] is -22.207495
Unweighted max log likelihood for [5 3 1 2 6 4] is -21.207495
Unweighted max log likelihood for [5 3 1 4 2 6] is -21.207495
Unweighted max log likelihood for [5 3 1 4 6 2] is -20.207495
Unweighted max log likelihood for [5 3 1 6 2 4] is -20.207495
Unweighted max log likelihood for [5 3 1 6 4 2] is -19.207495
Unweighted max log likelihood for [5 3 2 1 4 6] is -23.207495
Unweighted max log likelihood for [5 3 2 1 6 4] is -22.207495
Unweighted max log likelihood for [5 3 2 4 1 6] is -24.207495
Unweighted max log likelihood for [5 3 2 4 6 1] is -23.207495
Unweighted max log likelihood for [5 3 2 6 1 4] is -21.207495
Unweighted max log likelihood for [5 3 2 6 4 1] is -22.207495
Unweighted max log likelihood for [5 3 4 1 2 6] is -22.207495
Unweighted max log likelihood for [5 3 4 1 6 2] is -21.207495
Unweighted max log likelihood for [5 3 4 2 1 6] is -23.207495
Unweighted max log likelihood for [5 3 4 2 6 1] is -22.207495
Unweighted max log likelihood for [5 3 4 6 1 2] is -20.207495
Unweighted max log likelihood for [5 3 4 6 2 1] is -21.207495
Unweighted max log likelihood for [5 3 6 1 2 4] is -19.207495
Unweighted max log likelihood for [5 3 6 1 4 2] is -18.207495
Unweighted max log likelihood for [5 3 6 2 1 4] is -20.207495
Unweighted max log likelihood for [5 3 6 2 4 1] is -21.207495
Unweighted max log likelihood for [5 3 6 4 1 2] is -19.207495
Unweighted max log likelihood for [5 3 6 4 2 1] is -20.207495
Unweighted max log likelihood for [5 4 1 2 3 6] is -29.207495
Unweighted max log likelihood for [5 4 1 2 6 3] is -30.207495
Unweighted max log likelihood for [5 4 1 3 2 6] is -26.207495
Unweighted max log likelihood for [5 4 1 3 6 2] is -25.207495
Unweighted max log likelihood for [5 4 1 6 2 3] is -29.207495
Unweighted max log likelihood for [5 4 1 6 3 2] is -26.207495
Unweighted max log likelihood for [5 4 2 1 3 6] is -30.207495
Unweighted max log likelihood for [5 4 2 1 6 3] is -31.207495
Unweighted max log likelihood for [5 4 2 3 1 6] is -29.207495
Unweighted max log likelihood for [5 4 2 3 6 1] is -28.207495
Unweighted max log likelihood for [5 4 2 6 1 3] is -30.207495
Unweighted max log likelihood for [5 4 2 6 3 1] is -29.207495
Unweighted max log likelihood for [5 4 3 1 2 6] is -25.207495
Unweighted max log likelihood for [5 4 3 1 6 2] is -24.207495
Unweighted max log likelihood for [5 4 3 2 1 6] is -26.207495
Unweighted max log likelihood for [5 4 3 2 6 1] is -25.207495
Unweighted max log likelihood for [5 4 3 6 1 2] is -23.207495
Unweighted max log likelihood for [5 4 3 6 2 1] is -24.207495
Unweighted max log likelihood for [5 4 6 1 2 3] is -28.207495
Unweighted max log likelihood for [5 4 6 1 3 2] is -25.207495
Unweighted max log likelihood for [5 4 6 2 1 3] is -29.207495
Unweighted max log likelihood for [5 4 6 2 3 1] is -28.207495
Unweighted max log likelihood for [5 4 6 3 1 2] is -24.207495
Unweighted max log likelihood for [5 4 6 3 2 1] is -25.207495
Unweighted max log likelihood for [5 6 1 2 3 4] is -24.207495
Unweighted max log likelihood for [5 6 1 2 4 3] is -27.207495
Unweighted max log likelihood for [5 6 1 3 2 4] is -21.207495
Unweighted max log likelihood for [5 6 1 3 4 2] is -20.207495
Unweighted max log likelihood for [5 6 1 4 2 3] is -26.207495
Unweighted max log likelihood for [5 6 1 4 3 2] is -23.207495
Unweighted max log likelihood for [5 6 2 1 3 4] is -25.207495
Unweighted max log likelihood for [5 6 2 1 4 3] is -28.207495
Unweighted max log likelihood for [5 6 2 3 1 4] is -24.207495
Unweighted max log likelihood for [5 6 2 3 4 1] is -25.207495
Unweighted max log likelihood for [5 6 2 4 1 3] is -29.207495
Unweighted max log likelihood for [5 6 2 4 3 1] is -28.207495
Unweighted max log likelihood for [5 6 3 1 2 4] is -20.207495
Unweighted max log likelihood for [5 6 3 1 4 2] is -19.207495
Unweighted max log likelihood for [5 6 3 2 1 4] is -21.207495
Unweighted max log likelihood for [5 6 3 2 4 1] is -22.207495
Unweighted max log likelihood for [5 6 3 4 1 2] is -20.207495
Unweighted max log likelihood for [5 6 3 4 2 1] is -21.207495
Unweighted max log likelihood for [5 6 4 1 2 3] is -27.207495
Unweighted max log likelihood for [5 6 4 1 3 2] is -24.207495
Unweighted max log likelihood for [5 6 4 2 1 3] is -28.207495
Unweighted max log likelihood for [5 6 4 2 3 1] is -27.207495
Unweighted max log likelihood for [5 6 4 3 1 2] is -23.207495
Unweighted max log likelihood for [5 6 4 3 2 1] is -24.207495
Unweighted max log likelihood for [6 1 2 3 4 5] is -31.207495
Unweighted max log likelihood for [6 1 2 3 5 4] is -30.207495
Unweighted max log likelihood for [6 1 2 4 3 5] is -34.207495
Unweighted max log likelihood for [6 1 2 4 5 3] is -35.207495
Unweighted max log likelihood for [6 1 2 5 3 4] is -31.207495
Unweighted max log likelihood for [6 1 2 5 4 3] is -34.207495
Unweighted max log likelihood for [6 1 3 2 4 5] is -28.207495
Unweighted max log likelihood for [6 1 3 2 5 4] is -27.207495
Unweighted max log likelihood for [6 1 3 4 2 5] is -27.207495
Unweighted max log likelihood for [6 1 3 4 5 2] is -26.207495
Unweighted max log likelihood for [6 1 3 5 2 4] is -26.207495
Unweighted max log likelihood for [6 1 3 5 4 2] is -25.207495
Unweighted max log likelihood for [6 1 4 2 3 5] is -33.207495
Unweighted max log likelihood for [6 1 4 2 5 3] is -34.207495
Unweighted max log likelihood for [6 1 4 3 2 5] is -30.207495
Unweighted max log likelihood for [6 1 4 3 5 2] is -29.207495
Unweighted max log likelihood for [6 1 4 5 2 3] is -33.207495
Unweighted max log likelihood for [6 1 4 5 3 2] is -30.207495
Unweighted max log likelihood for [6 1 5 2 3 4] is -30.207495
Unweighted max log likelihood for [6 1 5 2 4 3] is -33.207495
Unweighted max log likelihood for [6 1 5 3 2 4] is -27.207495
Unweighted max log likelihood for [6 1 5 3 4 2] is -26.207495
Unweighted max log likelihood for [6 1 5 4 2 3] is -32.207495
Unweighted max log likelihood for [6 1 5 4 3 2] is -29.207495
Unweighted max log likelihood for [6 2 1 3 4 5] is -32.207495
Unweighted max log likelihood for [6 2 1 3 5 4] is -31.207495
Unweighted max log likelihood for [6 2 1 4 3 5] is -35.207495
Unweighted max log likelihood for [6 2 1 4 5 3] is -36.207495
Unweighted max log likelihood for [6 2 1 5 3 4] is -32.207495
Unweighted max log likelihood for [6 2 1 5 4 3] is -35.207495
Unweighted max log likelihood for [6 2 3 1 4 5] is -31.207495
Unweighted max log likelihood for [6 2 3 1 5 4] is -30.207495
Unweighted max log likelihood for [6 2 3 4 1 5] is -32.207495
Unweighted max log likelihood for [6 2 3 4 5 1] is -29.207495
Unweighted max log likelihood for [6 2 3 5 1 4] is -27.207495
Unweighted max log likelihood for [6 2 3 5 4 1] is -28.207495
Unweighted max log likelihood for [6 2 4 1 3 5] is -36.207495
Unweighted max log likelihood for [6 2 4 1 5 3] is -37.207495
Unweighted max log likelihood for [6 2 4 3 1 5] is -35.207495
Unweighted max log likelihood for [6 2 4 3 5 1] is -32.207495
Unweighted max log likelihood for [6 2 4 5 1 3] is -34.207495
Unweighted max log likelihood for [6 2 4 5 3 1] is -33.207495
Unweighted max log likelihood for [6 2 5 1 3 4] is -29.207495
Unweighted max log likelihood for [6 2 5 1 4 3] is -32.207495
Unweighted max log likelihood for [6 2 5 3 1 4] is -28.207495
Unweighted max log likelihood for [6 2 5 3 4 1] is -29.207495
Unweighted max log likelihood for [6 2 5 4 1 3] is -33.207495
Unweighted max log likelihood for [6 2 5 4 3 1] is -32.207495
Unweighted max log likelihood for [6 3 1 2 4 5] is -27.207495
Unweighted max log likelihood for [6 3 1 2 5 4] is -26.207495
Unweighted max log likelihood for [6 3 1 4 2 5] is -26.207495
Unweighted max log likelihood for [6 3 1 4 5 2] is -25.207495
Unweighted max log likelihood for [6 3 1 5 2 4] is -25.207495
Unweighted max log likelihood for [6 3 1 5 4 2] is -24.207495
Unweighted max log likelihood for [6 3 2 1 4 5] is -28.207495
Unweighted max log likelihood for [6 3 2 1 5 4] is -27.207495
Unweighted max log likelihood for [6 3 2 4 1 5] is -29.207495
Unweighted max log likelihood for [6 3 2 4 5 1] is -26.207495
Unweighted max log likelihood for [6 3 2 5 1 4] is -24.207495
Unweighted max log likelihood for [6 3 2 5 4 1] is -25.207495
Unweighted max log likelihood for [6 3 4 1 2 5] is -27.207495
Unweighted max log likelihood for [6 3 4 1 5 2] is -26.207495
Unweighted max log likelihood for [6 3 4 2 1 5] is -28.207495
Unweighted max log likelihood for [6 3 4 2 5 1] is -25.207495
Unweighted max log likelihood for [6 3 4 5 1 2] is -23.207495
Unweighted max log likelihood for [6 3 4 5 2 1] is -24.207495
Unweighted max log likelihood for [6 3 5 1 2 4] is -22.207495
Unweighted max log likelihood for [6 3 5 1 4 2] is -21.207495
Unweighted max log likelihood for [6 3 5 2 1 4] is -23.207495
Unweighted max log likelihood for [6 3 5 2 4 1] is -24.207495
Unweighted max log likelihood for [6 3 5 4 1 2] is -22.207495
Unweighted max log likelihood for [6 3 5 4 2 1] is -23.207495
Unweighted max log likelihood for [6 4 1 2 3 5] is -34.207495
Unweighted max log likelihood for [6 4 1 2 5 3] is -35.207495
Unweighted max log likelihood for [6 4 1 3 2 5] is -31.207495
Unweighted max log likelihood for [6 4 1 3 5 2] is -30.207495
Unweighted max log likelihood for [6 4 1 5 2 3] is -34.207495
Unweighted max log likelihood for [6 4 1 5 3 2] is -31.207495
Unweighted max log likelihood for [6 4 2 1 3 5] is -35.207495
Unweighted max log likelihood for [6 4 2 1 5 3] is -36.207495
Unweighted max log likelihood for [6 4 2 3 1 5] is -34.207495
Unweighted max log likelihood for [6 4 2 3 5 1] is -31.207495
Unweighted max log likelihood for [6 4 2 5 1 3] is -33.207495
Unweighted max log likelihood for [6 4 2 5 3 1] is -32.207495
Unweighted max log likelihood for [6 4 3 1 2 5] is -30.207495
Unweighted max log likelihood for [6 4 3 1 5 2] is -29.207495
Unweighted max log likelihood for [6 4 3 2 1 5] is -31.207495
Unweighted max log likelihood for [6 4 3 2 5 1] is -28.207495
Unweighted max log likelihood for [6 4 3 5 1 2] is -26.207495
Unweighted max log likelihood for [6 4 3 5 2 1] is -27.207495
Unweighted max log likelihood for [6 4 5 1 2 3] is -31.207495
Unweighted max log likelihood for [6 4 5 1 3 2] is -28.207495
Unweighted max log likelihood for [6 4 5 2 1 3] is -32.207495
Unweighted max log likelihood for [6 4 5 2 3 1] is -31.207495
Unweighted max log likelihood for [6 4 5 3 1 2] is -27.207495
Unweighted max log likelihood for [6 4 5 3 2 1] is -28.207495
Unweighted max log likelihood for [6 5 1 2 3 4] is -27.207495
Unweighted max log likelihood for [6 5 1 2 4 3] is -30.207495
Unweighted max log likelihood for [6 5 1 3 2 4] is -24.207495
Unweighted max log likelihood for [6 5 1 3 4 2] is -23.207495
Unweighted max log likelihood for [6 5 1 4 2 3] is -29.207495
Unweighted max log likelihood for [6 5 1 4 3 2] is -26.207495
Unweighted max log likelihood for [6 5 2 1 3 4] is -28.207495
Unweighted max log likelihood for [6 5 2 1 4 3] is -31.207495
Unweighted max log likelihood for [6 5 2 3 1 4] is -27.207495
Unweighted max log likelihood for [6 5 2 3 4 1] is -28.207495
Unweighted max log likelihood for [6 5 2 4 1 3] is -32.207495
Unweighted max log likelihood for [6 5 2 4 3 1] is -31.207495
Unweighted max log likelihood for [6 5 3 1 2 4] is -23.207495
Unweighted max log likelihood for [6 5 3 1 4 2] is -22.207495
Unweighted max log likelihood for [6 5 3 2 1 4] is -24.207495
Unweighted max log likelihood for [6 5 3 2 4 1] is -25.207495
Unweighted max log likelihood for [6 5 3 4 1 2] is -23.207495
Unweighted max log likelihood for [6 5 3 4 2 1] is -24.207495
Unweighted max log likelihood for [6 5 4 1 2 3] is -30.207495
Unweighted max log likelihood for [6 5 4 1 3 2] is -27.207495
Unweighted max log likelihood for [6 5 4 2 1 3] is -31.207495
Unweighted max log likelihood for [6 5 4 2 3 1] is -30.207495
Unweighted max log likelihood for [6 5 4 3 1 2] is -26.207495
Unweighted max log likelihood for [6 5 4 3 2 1] is -27.207495

Optimal ground truth was (3, 5, 6, 1, 4, 2) with (phi, b, max_log_like) = (1.000000, 0.000000, -17.207495)

--- 0.6279973983764648 seconds ---
