2018-11-06 23:36:47.786800

Experiment Configuration 
 {'optimization': 'optimizations.Unweighted', 'optimization_params': {}, 'heuristic': 'heuristics.No_Heuristic', 'heuristic_params': {}, 'weight': 'rankobjects.Arithmetic', 'data_file': 'data/random/rand_exp_4_50_34.csv'} 

Unweighted max log likelihood for [1 2 3 4] is -221.052868
Unweighted max log likelihood for [1 2 4 3] is -211.052868
Unweighted max log likelihood for [1 3 2 4] is -217.052868
Unweighted max log likelihood for [1 3 4 2] is -201.052868
Unweighted max log likelihood for [1 4 2 3] is -195.052868
Unweighted max log likelihood for [1 4 3 2] is -191.052868
Unweighted max log likelihood for [2 1 3 4] is -231.052868
Unweighted max log likelihood for [2 1 4 3] is -221.052868
Unweighted max log likelihood for [2 3 1 4] is -235.052868
Unweighted max log likelihood for [2 3 4 1] is -225.052868
Unweighted max log likelihood for [2 4 1 3] is -211.052868
Unweighted max log likelihood for [2 4 3 1] is -215.052868
Unweighted max log likelihood for [3 1 2 4] is -221.052868
Unweighted max log likelihood for [3 1 4 2] is -205.052868
Unweighted max log likelihood for [3 2 1 4] is -231.052868
Unweighted max log likelihood for [3 2 4 1] is -221.052868
Unweighted max log likelihood for [3 4 1 2] is -195.052868
Unweighted max log likelihood for [3 4 2 1] is -205.052868
Unweighted max log likelihood for [4 1 2 3] is -185.052868
Unweighted max log likelihood for [4 1 3 2] is -181.052868
Unweighted max log likelihood for [4 2 1 3] is -195.052868
Unweighted max log likelihood for [4 2 3 1] is -199.052868
Unweighted max log likelihood for [4 3 1 2] is -185.052868
Unweighted max log likelihood for [4 3 2 1] is -195.052868

Optimal ground truth was (4, 1, 3, 2) with (phi, b, max_log_like) = (1.000000, 0.000000, -181.052868)

--- 0.1691129207611084 seconds ---
