2018-11-06 23:36:28.000068

Experiment Configuration 
 {'optimization': 'optimizations.Unweighted', 'optimization_params': {}, 'heuristic': 'heuristics.No_Heuristic', 'heuristic_params': {}, 'weight': 'rankobjects.Arithmetic', 'data_file': 'data/random/rand_exp_4_50_3.csv'} 

Unweighted max log likelihood for [1 2 3 4] is -223.052868
Unweighted max log likelihood for [1 2 4 3] is -225.052868
Unweighted max log likelihood for [1 3 2 4] is -225.052868
Unweighted max log likelihood for [1 3 4 2] is -217.052868
Unweighted max log likelihood for [1 4 2 3] is -217.052868
Unweighted max log likelihood for [1 4 3 2] is -219.052868
Unweighted max log likelihood for [2 1 3 4] is -207.052868
Unweighted max log likelihood for [2 1 4 3] is -209.052868
Unweighted max log likelihood for [2 3 1 4] is -205.052868
Unweighted max log likelihood for [2 3 4 1] is -197.052868
Unweighted max log likelihood for [2 4 1 3] is -201.052868
Unweighted max log likelihood for [2 4 3 1] is -199.052868
Unweighted max log likelihood for [3 1 2 4] is -223.052868
Unweighted max log likelihood for [3 1 4 2] is -215.052868
Unweighted max log likelihood for [3 2 1 4] is -207.052868
Unweighted max log likelihood for [3 2 4 1] is -199.052868
Unweighted max log likelihood for [3 4 1 2] is -207.052868
Unweighted max log likelihood for [3 4 2 1] is -191.052868
Unweighted max log likelihood for [4 1 2 3] is -209.052868
Unweighted max log likelihood for [4 1 3 2] is -211.052868
Unweighted max log likelihood for [4 2 1 3] is -193.052868
Unweighted max log likelihood for [4 2 3 1] is -191.052868
Unweighted max log likelihood for [4 3 1 2] is -209.052868
Unweighted max log likelihood for [4 3 2 1] is -193.052868

Optimal ground truth was (3, 4, 2, 1) with (phi, b, max_log_like) = (1.000000, 0.000000, -191.052868)

--- 0.1205143928527832 seconds ---
