2018-10-18 00:09:04.128225

Experiment Configuration 
 {'optimization': 'optimizations.Exhaustive_Search', 'optimization_params': {'granularity': 10}, 'heuristic': 'heuristics.No_Heuristic', 'heuristic_params': {}, 'weight': 'rankobjects.Arithmetic', 'data_file': 'data/simulated/sim_3.csv'} 

Optimizing parameters for ground_truth: [1 2 3]
Optimal (phi, b, log_like) = (0.888889, 0.111111, -1490.522149) 

Optimizing parameters for ground_truth: [1 3 2]
Optimal (phi, b, log_like) = (1.333333, 1.000000, -1584.579426) 

Optimizing parameters for ground_truth: [2 1 3]
Optimal (phi, b, log_like) = (0.222222, 0.000000, -1755.202182) 

Optimizing parameters for ground_truth: [2 3 1]
Optimal (phi, b, log_like) = (0.000000, 0.000000, -1791.759469) 

Optimizing parameters for ground_truth: [3 1 2]
Optimal (phi, b, log_like) = (0.000000, 0.000000, -1791.759469) 

Optimizing parameters for ground_truth: [3 2 1]
Optimal (phi, b, log_like) = (0.000000, 0.000000, -1791.759469) 

Path to ground truth:
0.8888888888888888
0.1111111111111111
-1490.5221489347437

--- 44.47419333457947 seconds ---
