2018-10-18 01:05:14.977556

Experiment Configuration 
 {'optimization': 'optimizations.Exhaustive_Search', 'optimization_params': {'granularity': 10}, 'heuristic': 'heuristics.No_Heuristic', 'heuristic_params': {}, 'weight': 'rankobjects.Arithmetic', 'data_file': 'data/simulated/sim_4a.csv'} 

Optimizing parameters for ground_truth: [1 2 3 4]
Optimal (phi, b, log_like) = (1.111111, 0.277778, -2646.507917) 

Optimizing parameters for ground_truth: [1 2 4 3]
Optimal (phi, b, log_like) = (1.333333, 0.500000, -2720.342136) 

Optimizing parameters for ground_truth: [1 3 2 4]
Optimal (phi, b, log_like) = (0.666667, 0.222222, -2897.238231) 

Optimizing parameters for ground_truth: [1 3 4 2]
Optimal (phi, b, log_like) = (1.111111, 0.500000, -2932.159492) 

Optimizing parameters for ground_truth: [1 4 2 3]
Optimal (phi, b, log_like) = (0.888889, 0.500000, -2975.283316) 

Optimizing parameters for ground_truth: [1 4 3 2]
Optimal (phi, b, log_like) = (0.888889, 0.500000, -2975.283316) 

Optimizing parameters for ground_truth: [2 1 3 4]
Optimal (phi, b, log_like) = (0.444444, 0.000000, -2943.945042) 

Optimizing parameters for ground_truth: [2 1 4 3]
Optimal (phi, b, log_like) = (0.444444, 0.055556, -3053.973807) 

Optimizing parameters for ground_truth: [2 3 1 4]
Optimal (phi, b, log_like) = (0.222222, 0.000000, -3143.703052) 

Optimizing parameters for ground_truth: [2 3 4 1]
Optimal (phi, b, log_like) = (0.000000, 0.000000, -3178.053830) 

Optimizing parameters for ground_truth: [2 4 1 3]
Optimal (phi, b, log_like) = (0.000000, 0.000000, -3178.053830) 

Optimizing parameters for ground_truth: [2 4 3 1]
Optimal (phi, b, log_like) = (0.000000, 0.000000, -3178.053830) 

Optimizing parameters for ground_truth: [3 1 2 4]
Optimal (phi, b, log_like) = (0.222222, 0.000000, -3129.036386) 

Optimizing parameters for ground_truth: [3 1 4 2]
Optimal (phi, b, log_like) = (0.000000, 0.000000, -3178.053830) 

Optimizing parameters for ground_truth: [3 2 1 4]
Optimal (phi, b, log_like) = (0.000000, 0.000000, -3178.053830) 

Optimizing parameters for ground_truth: [3 2 4 1]
Optimal (phi, b, log_like) = (0.000000, 0.000000, -3178.053830) 

Optimizing parameters for ground_truth: [3 4 1 2]
Optimal (phi, b, log_like) = (0.000000, 0.000000, -3178.053830) 

Optimizing parameters for ground_truth: [3 4 2 1]
Optimal (phi, b, log_like) = (0.000000, 0.000000, -3178.053830) 

Optimizing parameters for ground_truth: [4 1 2 3]
Optimal (phi, b, log_like) = (0.000000, 0.000000, -3178.053830) 

Optimizing parameters for ground_truth: [4 1 3 2]
Optimal (phi, b, log_like) = (0.000000, 0.000000, -3178.053830) 

Optimizing parameters for ground_truth: [4 2 1 3]
Optimal (phi, b, log_like) = (0.000000, 0.000000, -3178.053830) 

Optimizing parameters for ground_truth: [4 2 3 1]
Optimal (phi, b, log_like) = (0.000000, 0.000000, -3178.053830) 

Optimizing parameters for ground_truth: [4 3 1 2]
Optimal (phi, b, log_like) = (0.000000, 0.000000, -3178.053830) 

Optimizing parameters for ground_truth: [4 3 2 1]
Optimal (phi, b, log_like) = (0.000000, 0.000000, -3178.053830) 

Path to ground truth:
1.1111111111111112
0.2777777777777778
-2646.507916901702

--- 247.12046813964844 seconds ---
