2019-04-04 21:54:14.353385

Experiment Configuration 
 {'optimization': 'optimizations.Exhaustive_Search', 'optimization_params': {'granularity': 10}, 'heuristic': 'heuristics.No_Heuristic', 'heuristic_params': {}, 'weight': 'rankobjects.Arithmetic', 'data_file': 'data/preflib/ED-24-2.csv'} 

Optimizing parameters for ground_truth: [1 2 3 4]
Optimal (phi, b, log_like) = (0.444444, 0.222222, -2415.635268) 

Optimizing parameters for ground_truth: [1 2 4 3]
Optimal (phi, b, log_like) = (0.666667, 0.500000, -2429.265690) 

Optimizing parameters for ground_truth: [1 3 2 4]
Optimal (phi, b, log_like) = (0.444444, 0.333333, -2459.600490) 

Optimizing parameters for ground_truth: [1 3 4 2]
Optimal (phi, b, log_like) = (0.444444, 0.500000, -2469.331551) 

Optimizing parameters for ground_truth: [1 4 2 3]
Optimal (phi, b, log_like) = (0.444444, 0.500000, -2479.998218) 

Optimizing parameters for ground_truth: [1 4 3 2]
Optimal (phi, b, log_like) = (0.444444, 0.500000, -2479.998218) 

Optimizing parameters for ground_truth: [2 1 3 4]
Optimal (phi, b, log_like) = (0.222222, 0.000000, -2461.619335) 

Optimizing parameters for ground_truth: [2 1 4 3]
Optimal (phi, b, log_like) = (0.222222, 0.055556, -2486.817833) 

Optimizing parameters for ground_truth: [2 3 1 4]
Optimal (phi, b, log_like) = (0.222222, 0.111111, -2518.465147) 

Optimizing parameters for ground_truth: [2 3 4 1]
Optimal (phi, b, log_like) = (0.000000, 0.000000, -2523.374741) 

Optimizing parameters for ground_truth: [2 4 1 3]
Optimal (phi, b, log_like) = (0.000000, 0.000000, -2523.374741) 

Optimizing parameters for ground_truth: [2 4 3 1]
Optimal (phi, b, log_like) = (0.000000, 0.000000, -2523.374741) 

Optimizing parameters for ground_truth: [3 1 2 4]
Optimal (phi, b, log_like) = (0.222222, 0.000000, -2521.619335) 

Optimizing parameters for ground_truth: [3 1 4 2]
Optimal (phi, b, log_like) = (0.000000, 0.000000, -2523.374741) 

Optimizing parameters for ground_truth: [3 2 1 4]
Optimal (phi, b, log_like) = (0.000000, 0.000000, -2523.374741) 

Optimizing parameters for ground_truth: [3 2 4 1]
Optimal (phi, b, log_like) = (0.000000, 0.000000, -2523.374741) 

Optimizing parameters for ground_truth: [3 4 1 2]
Optimal (phi, b, log_like) = (0.000000, 0.000000, -2523.374741) 

Optimizing parameters for ground_truth: [3 4 2 1]
Optimal (phi, b, log_like) = (0.000000, 0.000000, -2523.374741) 

Optimizing parameters for ground_truth: [4 1 2 3]
Optimal (phi, b, log_like) = (0.000000, 0.000000, -2523.374741) 

Optimizing parameters for ground_truth: [4 1 3 2]
Optimal (phi, b, log_like) = (0.000000, 0.000000, -2523.374741) 

Optimizing parameters for ground_truth: [4 2 1 3]
Optimal (phi, b, log_like) = (0.000000, 0.000000, -2523.374741) 

Optimizing parameters for ground_truth: [4 2 3 1]
Optimal (phi, b, log_like) = (0.000000, 0.000000, -2523.374741) 

Optimizing parameters for ground_truth: [4 3 1 2]
Optimal (phi, b, log_like) = (0.000000, 0.000000, -2523.374741) 

Optimizing parameters for ground_truth: [4 3 2 1]
Optimal (phi, b, log_like) = (0.000000, 0.000000, -2523.374741) 


Optimal ground truth was (1, 2, 3, 4) with (phi, b, max_log_like) = (0.444444, 0.222222, -2415.635268)

--- 200.63811349868774 seconds ---
