2019-04-05 10:06:45.983970

Experiment Configuration 
 {'optimization': 'optimizations.Unweighted', 'optimization_params': {}, 'heuristic': 'heuristics.No_Heuristic', 'heuristic_params': {}, 'weight': 'rankobjects.Arithmetic', 'data_file': 'data/preflib/ED-32-2.csv'} 

Unweighted max log likelihood for [1 2 3 4 5 6] is -124.037476
Unweighted max log likelihood for [1 2 3 4 6 5] is -125.037476
Unweighted max log likelihood for [1 2 3 5 4 6] is -117.037476
Unweighted max log likelihood for [1 2 3 5 6 4] is -106.037476
Unweighted max log likelihood for [1 2 3 6 4 5] is -114.037476
Unweighted max log likelihood for [1 2 3 6 5 4] is -107.037476
Unweighted max log likelihood for [1 2 4 3 5 6] is -125.037476
Unweighted max log likelihood for [1 2 4 3 6 5] is -126.037476
Unweighted max log likelihood for [1 2 4 5 3 6] is -116.037476
Unweighted max log likelihood for [1 2 4 5 6 3] is -109.037476
Unweighted max log likelihood for [1 2 4 6 3 5] is -119.037476
Unweighted max log likelihood for [1 2 4 6 5 3] is -110.037476
Unweighted max log likelihood for [1 2 5 3 4 6] is -108.037476
Unweighted max log likelihood for [1 2 5 3 6 4] is -97.037476
Unweighted max log likelihood for [1 2 5 4 3 6] is -109.037476
Unweighted max log likelihood for [1 2 5 4 6 3] is -102.037476
Unweighted max log likelihood for [1 2 5 6 3 4] is -90.037476
Unweighted max log likelihood for [1 2 5 6 4 3] is -91.037476
Unweighted max log likelihood for [1 2 6 3 4 5] is -107.037476
Unweighted max log likelihood for [1 2 6 3 5 4] is -100.037476
Unweighted max log likelihood for [1 2 6 4 3 5] is -108.037476
Unweighted max log likelihood for [1 2 6 4 5 3] is -99.037476
Unweighted max log likelihood for [1 2 6 5 3 4] is -91.037476
Unweighted max log likelihood for [1 2 6 5 4 3] is -92.037476
Unweighted max log likelihood for [1 3 2 4 5 6] is -139.037476
Unweighted max log likelihood for [1 3 2 4 6 5] is -140.037476
Unweighted max log likelihood for [1 3 2 5 4 6] is -132.037476
Unweighted max log likelihood for [1 3 2 5 6 4] is -121.037476
Unweighted max log likelihood for [1 3 2 6 4 5] is -129.037476
Unweighted max log likelihood for [1 3 2 6 5 4] is -122.037476
Unweighted max log likelihood for [1 3 4 2 5 6] is -154.037476
Unweighted max log likelihood for [1 3 4 2 6 5] is -155.037476
Unweighted max log likelihood for [1 3 4 5 2 6] is -161.037476
Unweighted max log likelihood for [1 3 4 5 6 2] is -164.037476
Unweighted max log likelihood for [1 3 4 6 2 5] is -158.037476
Unweighted max log likelihood for [1 3 4 6 5 2] is -165.037476
Unweighted max log likelihood for [1 3 5 2 4 6] is -139.037476
Unweighted max log likelihood for [1 3 5 2 6 4] is -128.037476
Unweighted max log likelihood for [1 3 5 4 2 6] is -154.037476
Unweighted max log likelihood for [1 3 5 4 6 2] is -157.037476
Unweighted max log likelihood for [1 3 5 6 2 4] is -131.037476
Unweighted max log likelihood for [1 3 5 6 4 2] is -146.037476
Unweighted max log likelihood for [1 3 6 2 4 5] is -132.037476
Unweighted max log likelihood for [1 3 6 2 5 4] is -125.037476
Unweighted max log likelihood for [1 3 6 4 2 5] is -147.037476
Unweighted max log likelihood for [1 3 6 4 5 2] is -154.037476
Unweighted max log likelihood for [1 3 6 5 2 4] is -132.037476
Unweighted max log likelihood for [1 3 6 5 4 2] is -147.037476
Unweighted max log likelihood for [1 4 2 3 5 6] is -140.037476
Unweighted max log likelihood for [1 4 2 3 6 5] is -141.037476
Unweighted max log likelihood for [1 4 2 5 3 6] is -131.037476
Unweighted max log likelihood for [1 4 2 5 6 3] is -124.037476
Unweighted max log likelihood for [1 4 2 6 3 5] is -134.037476
Unweighted max log likelihood for [1 4 2 6 5 3] is -125.037476
Unweighted max log likelihood for [1 4 3 2 5 6] is -155.037476
Unweighted max log likelihood for [1 4 3 2 6 5] is -156.037476
Unweighted max log likelihood for [1 4 3 5 2 6] is -162.037476
Unweighted max log likelihood for [1 4 3 5 6 2] is -165.037476
Unweighted max log likelihood for [1 4 3 6 2 5] is -159.037476
Unweighted max log likelihood for [1 4 3 6 5 2] is -166.037476
Unweighted max log likelihood for [1 4 5 2 3 6] is -138.037476
Unweighted max log likelihood for [1 4 5 2 6 3] is -131.037476
Unweighted max log likelihood for [1 4 5 3 2 6] is -153.037476
Unweighted max log likelihood for [1 4 5 3 6 2] is -156.037476
Unweighted max log likelihood for [1 4 5 6 2 3] is -134.037476
Unweighted max log likelihood for [1 4 5 6 3 2] is -149.037476
Unweighted max log likelihood for [1 4 6 2 3 5] is -137.037476
Unweighted max log likelihood for [1 4 6 2 5 3] is -128.037476
Unweighted max log likelihood for [1 4 6 3 2 5] is -152.037476
Unweighted max log likelihood for [1 4 6 3 5 2] is -159.037476
Unweighted max log likelihood for [1 4 6 5 2 3] is -135.037476
Unweighted max log likelihood for [1 4 6 5 3 2] is -150.037476
Unweighted max log likelihood for [1 5 2 3 4 6] is -115.037476
Unweighted max log likelihood for [1 5 2 3 6 4] is -104.037476
Unweighted max log likelihood for [1 5 2 4 3 6] is -116.037476
Unweighted max log likelihood for [1 5 2 4 6 3] is -109.037476
Unweighted max log likelihood for [1 5 2 6 3 4] is -97.037476
Unweighted max log likelihood for [1 5 2 6 4 3] is -98.037476
Unweighted max log likelihood for [1 5 3 2 4 6] is -130.037476
Unweighted max log likelihood for [1 5 3 2 6 4] is -119.037476
Unweighted max log likelihood for [1 5 3 4 2 6] is -145.037476
Unweighted max log likelihood for [1 5 3 4 6 2] is -148.037476
Unweighted max log likelihood for [1 5 3 6 2 4] is -122.037476
Unweighted max log likelihood for [1 5 3 6 4 2] is -137.037476
Unweighted max log likelihood for [1 5 4 2 3 6] is -131.037476
Unweighted max log likelihood for [1 5 4 2 6 3] is -124.037476
Unweighted max log likelihood for [1 5 4 3 2 6] is -146.037476
Unweighted max log likelihood for [1 5 4 3 6 2] is -149.037476
Unweighted max log likelihood for [1 5 4 6 2 3] is -127.037476
Unweighted max log likelihood for [1 5 4 6 3 2] is -142.037476
Unweighted max log likelihood for [1 5 6 2 3 4] is -100.037476
Unweighted max log likelihood for [1 5 6 2 4 3] is -101.037476
Unweighted max log likelihood for [1 5 6 3 2 4] is -115.037476
Unweighted max log likelihood for [1 5 6 3 4 2] is -130.037476
Unweighted max log likelihood for [1 5 6 4 2 3] is -116.037476
Unweighted max log likelihood for [1 5 6 4 3 2] is -131.037476
Unweighted max log likelihood for [1 6 2 3 4 5] is -110.037476
Unweighted max log likelihood for [1 6 2 3 5 4] is -103.037476
Unweighted max log likelihood for [1 6 2 4 3 5] is -111.037476
Unweighted max log likelihood for [1 6 2 4 5 3] is -102.037476
Unweighted max log likelihood for [1 6 2 5 3 4] is -94.037476
Unweighted max log likelihood for [1 6 2 5 4 3] is -95.037476
Unweighted max log likelihood for [1 6 3 2 4 5] is -125.037476
Unweighted max log likelihood for [1 6 3 2 5 4] is -118.037476
Unweighted max log likelihood for [1 6 3 4 2 5] is -140.037476
Unweighted max log likelihood for [1 6 3 4 5 2] is -147.037476
Unweighted max log likelihood for [1 6 3 5 2 4] is -125.037476
Unweighted max log likelihood for [1 6 3 5 4 2] is -140.037476
Unweighted max log likelihood for [1 6 4 2 3 5] is -126.037476
Unweighted max log likelihood for [1 6 4 2 5 3] is -117.037476
Unweighted max log likelihood for [1 6 4 3 2 5] is -141.037476
Unweighted max log likelihood for [1 6 4 3 5 2] is -148.037476
Unweighted max log likelihood for [1 6 4 5 2 3] is -124.037476
Unweighted max log likelihood for [1 6 4 5 3 2] is -139.037476
Unweighted max log likelihood for [1 6 5 2 3 4] is -101.037476
Unweighted max log likelihood for [1 6 5 2 4 3] is -102.037476
Unweighted max log likelihood for [1 6 5 3 2 4] is -116.037476
Unweighted max log likelihood for [1 6 5 3 4 2] is -131.037476
Unweighted max log likelihood for [1 6 5 4 2 3] is -117.037476
Unweighted max log likelihood for [1 6 5 4 3 2] is -132.037476
Unweighted max log likelihood for [2 1 3 4 5 6] is -121.037476
Unweighted max log likelihood for [2 1 3 4 6 5] is -122.037476
Unweighted max log likelihood for [2 1 3 5 4 6] is -114.037476
Unweighted max log likelihood for [2 1 3 5 6 4] is -103.037476
Unweighted max log likelihood for [2 1 3 6 4 5] is -111.037476
Unweighted max log likelihood for [2 1 3 6 5 4] is -104.037476
Unweighted max log likelihood for [2 1 4 3 5 6] is -122.037476
Unweighted max log likelihood for [2 1 4 3 6 5] is -123.037476
Unweighted max log likelihood for [2 1 4 5 3 6] is -113.037476
Unweighted max log likelihood for [2 1 4 5 6 3] is -106.037476
Unweighted max log likelihood for [2 1 4 6 3 5] is -116.037476
Unweighted max log likelihood for [2 1 4 6 5 3] is -107.037476
Unweighted max log likelihood for [2 1 5 3 4 6] is -105.037476
Unweighted max log likelihood for [2 1 5 3 6 4] is -94.037476
Unweighted max log likelihood for [2 1 5 4 3 6] is -106.037476
Unweighted max log likelihood for [2 1 5 4 6 3] is -99.037476
Unweighted max log likelihood for [2 1 5 6 3 4] is -87.037476
Unweighted max log likelihood for [2 1 5 6 4 3] is -88.037476
Unweighted max log likelihood for [2 1 6 3 4 5] is -104.037476
Unweighted max log likelihood for [2 1 6 3 5 4] is -97.037476
Unweighted max log likelihood for [2 1 6 4 3 5] is -105.037476
Unweighted max log likelihood for [2 1 6 4 5 3] is -96.037476
Unweighted max log likelihood for [2 1 6 5 3 4] is -88.037476
Unweighted max log likelihood for [2 1 6 5 4 3] is -89.037476
Unweighted max log likelihood for [2 3 1 4 5 6] is -134.037476
Unweighted max log likelihood for [2 3 1 4 6 5] is -135.037476
Unweighted max log likelihood for [2 3 1 5 4 6] is -127.037476
Unweighted max log likelihood for [2 3 1 5 6 4] is -116.037476
Unweighted max log likelihood for [2 3 1 6 4 5] is -124.037476
Unweighted max log likelihood for [2 3 1 6 5 4] is -117.037476
Unweighted max log likelihood for [2 3 4 1 5 6] is -149.037476
Unweighted max log likelihood for [2 3 4 1 6 5] is -150.037476
Unweighted max log likelihood for [2 3 4 5 1 6] is -154.037476
Unweighted max log likelihood for [2 3 4 5 6 1] is -155.037476
Unweighted max log likelihood for [2 3 4 6 1 5] is -151.037476
Unweighted max log likelihood for [2 3 4 6 5 1] is -156.037476
Unweighted max log likelihood for [2 3 5 1 4 6] is -132.037476
Unweighted max log likelihood for [2 3 5 1 6 4] is -121.037476
Unweighted max log likelihood for [2 3 5 4 1 6] is -147.037476
Unweighted max log likelihood for [2 3 5 4 6 1] is -148.037476
Unweighted max log likelihood for [2 3 5 6 1 4] is -122.037476
Unweighted max log likelihood for [2 3 5 6 4 1] is -137.037476
Unweighted max log likelihood for [2 3 6 1 4 5] is -125.037476
Unweighted max log likelihood for [2 3 6 1 5 4] is -118.037476
Unweighted max log likelihood for [2 3 6 4 1 5] is -140.037476
Unweighted max log likelihood for [2 3 6 4 5 1] is -145.037476
Unweighted max log likelihood for [2 3 6 5 1 4] is -123.037476
Unweighted max log likelihood for [2 3 6 5 4 1] is -138.037476
Unweighted max log likelihood for [2 4 1 3 5 6] is -137.037476
Unweighted max log likelihood for [2 4 1 3 6 5] is -138.037476
Unweighted max log likelihood for [2 4 1 5 3 6] is -128.037476
Unweighted max log likelihood for [2 4 1 5 6 3] is -121.037476
Unweighted max log likelihood for [2 4 1 6 3 5] is -131.037476
Unweighted max log likelihood for [2 4 1 6 5 3] is -122.037476
Unweighted max log likelihood for [2 4 3 1 5 6] is -150.037476
Unweighted max log likelihood for [2 4 3 1 6 5] is -151.037476
Unweighted max log likelihood for [2 4 3 5 1 6] is -155.037476
Unweighted max log likelihood for [2 4 3 5 6 1] is -156.037476
Unweighted max log likelihood for [2 4 3 6 1 5] is -152.037476
Unweighted max log likelihood for [2 4 3 6 5 1] is -157.037476
Unweighted max log likelihood for [2 4 5 1 3 6] is -133.037476
Unweighted max log likelihood for [2 4 5 1 6 3] is -126.037476
Unweighted max log likelihood for [2 4 5 3 1 6] is -146.037476
Unweighted max log likelihood for [2 4 5 3 6 1] is -147.037476
Unweighted max log likelihood for [2 4 5 6 1 3] is -127.037476
Unweighted max log likelihood for [2 4 5 6 3 1] is -140.037476
Unweighted max log likelihood for [2 4 6 1 3 5] is -132.037476
Unweighted max log likelihood for [2 4 6 1 5 3] is -123.037476
Unweighted max log likelihood for [2 4 6 3 1 5] is -145.037476
Unweighted max log likelihood for [2 4 6 3 5 1] is -150.037476
Unweighted max log likelihood for [2 4 6 5 1 3] is -128.037476
Unweighted max log likelihood for [2 4 6 5 3 1] is -141.037476
Unweighted max log likelihood for [2 5 1 3 4 6] is -110.037476
Unweighted max log likelihood for [2 5 1 3 6 4] is -99.037476
Unweighted max log likelihood for [2 5 1 4 3 6] is -111.037476
Unweighted max log likelihood for [2 5 1 4 6 3] is -104.037476
Unweighted max log likelihood for [2 5 1 6 3 4] is -92.037476
Unweighted max log likelihood for [2 5 1 6 4 3] is -93.037476
Unweighted max log likelihood for [2 5 3 1 4 6] is -123.037476
Unweighted max log likelihood for [2 5 3 1 6 4] is -112.037476
Unweighted max log likelihood for [2 5 3 4 1 6] is -138.037476
Unweighted max log likelihood for [2 5 3 4 6 1] is -139.037476
Unweighted max log likelihood for [2 5 3 6 1 4] is -113.037476
Unweighted max log likelihood for [2 5 3 6 4 1] is -128.037476
Unweighted max log likelihood for [2 5 4 1 3 6] is -126.037476
Unweighted max log likelihood for [2 5 4 1 6 3] is -119.037476
Unweighted max log likelihood for [2 5 4 3 1 6] is -139.037476
Unweighted max log likelihood for [2 5 4 3 6 1] is -140.037476
Unweighted max log likelihood for [2 5 4 6 1 3] is -120.037476
Unweighted max log likelihood for [2 5 4 6 3 1] is -133.037476
Unweighted max log likelihood for [2 5 6 1 3 4] is -93.037476
Unweighted max log likelihood for [2 5 6 1 4 3] is -94.037476
Unweighted max log likelihood for [2 5 6 3 1 4] is -106.037476
Unweighted max log likelihood for [2 5 6 3 4 1] is -121.037476
Unweighted max log likelihood for [2 5 6 4 1 3] is -109.037476
Unweighted max log likelihood for [2 5 6 4 3 1] is -122.037476
Unweighted max log likelihood for [2 6 1 3 4 5] is -105.037476
Unweighted max log likelihood for [2 6 1 3 5 4] is -98.037476
Unweighted max log likelihood for [2 6 1 4 3 5] is -106.037476
Unweighted max log likelihood for [2 6 1 4 5 3] is -97.037476
Unweighted max log likelihood for [2 6 1 5 3 4] is -89.037476
Unweighted max log likelihood for [2 6 1 5 4 3] is -90.037476
Unweighted max log likelihood for [2 6 3 1 4 5] is -118.037476
Unweighted max log likelihood for [2 6 3 1 5 4] is -111.037476
Unweighted max log likelihood for [2 6 3 4 1 5] is -133.037476
Unweighted max log likelihood for [2 6 3 4 5 1] is -138.037476
Unweighted max log likelihood for [2 6 3 5 1 4] is -116.037476
Unweighted max log likelihood for [2 6 3 5 4 1] is -131.037476
Unweighted max log likelihood for [2 6 4 1 3 5] is -121.037476
Unweighted max log likelihood for [2 6 4 1 5 3] is -112.037476
Unweighted max log likelihood for [2 6 4 3 1 5] is -134.037476
Unweighted max log likelihood for [2 6 4 3 5 1] is -139.037476
Unweighted max log likelihood for [2 6 4 5 1 3] is -117.037476
Unweighted max log likelihood for [2 6 4 5 3 1] is -130.037476
Unweighted max log likelihood for [2 6 5 1 3 4] is -94.037476
Unweighted max log likelihood for [2 6 5 1 4 3] is -95.037476
Unweighted max log likelihood for [2 6 5 3 1 4] is -107.037476
Unweighted max log likelihood for [2 6 5 3 4 1] is -122.037476
Unweighted max log likelihood for [2 6 5 4 1 3] is -110.037476
Unweighted max log likelihood for [2 6 5 4 3 1] is -123.037476
Unweighted max log likelihood for [3 1 2 4 5 6] is -152.037476
Unweighted max log likelihood for [3 1 2 4 6 5] is -153.037476
Unweighted max log likelihood for [3 1 2 5 4 6] is -145.037476
Unweighted max log likelihood for [3 1 2 5 6 4] is -134.037476
Unweighted max log likelihood for [3 1 2 6 4 5] is -142.037476
Unweighted max log likelihood for [3 1 2 6 5 4] is -135.037476
Unweighted max log likelihood for [3 1 4 2 5 6] is -167.037476
Unweighted max log likelihood for [3 1 4 2 6 5] is -168.037476
Unweighted max log likelihood for [3 1 4 5 2 6] is -174.037476
Unweighted max log likelihood for [3 1 4 5 6 2] is -177.037476
Unweighted max log likelihood for [3 1 4 6 2 5] is -171.037476
Unweighted max log likelihood for [3 1 4 6 5 2] is -178.037476
Unweighted max log likelihood for [3 1 5 2 4 6] is -152.037476
Unweighted max log likelihood for [3 1 5 2 6 4] is -141.037476
Unweighted max log likelihood for [3 1 5 4 2 6] is -167.037476
Unweighted max log likelihood for [3 1 5 4 6 2] is -170.037476
Unweighted max log likelihood for [3 1 5 6 2 4] is -144.037476
Unweighted max log likelihood for [3 1 5 6 4 2] is -159.037476
Unweighted max log likelihood for [3 1 6 2 4 5] is -145.037476
Unweighted max log likelihood for [3 1 6 2 5 4] is -138.037476
Unweighted max log likelihood for [3 1 6 4 2 5] is -160.037476
Unweighted max log likelihood for [3 1 6 4 5 2] is -167.037476
Unweighted max log likelihood for [3 1 6 5 2 4] is -145.037476
Unweighted max log likelihood for [3 1 6 5 4 2] is -160.037476
Unweighted max log likelihood for [3 2 1 4 5 6] is -149.037476
Unweighted max log likelihood for [3 2 1 4 6 5] is -150.037476
Unweighted max log likelihood for [3 2 1 5 4 6] is -142.037476
Unweighted max log likelihood for [3 2 1 5 6 4] is -131.037476
Unweighted max log likelihood for [3 2 1 6 4 5] is -139.037476
Unweighted max log likelihood for [3 2 1 6 5 4] is -132.037476
Unweighted max log likelihood for [3 2 4 1 5 6] is -164.037476
Unweighted max log likelihood for [3 2 4 1 6 5] is -165.037476
Unweighted max log likelihood for [3 2 4 5 1 6] is -169.037476
Unweighted max log likelihood for [3 2 4 5 6 1] is -170.037476
Unweighted max log likelihood for [3 2 4 6 1 5] is -166.037476
Unweighted max log likelihood for [3 2 4 6 5 1] is -171.037476
Unweighted max log likelihood for [3 2 5 1 4 6] is -147.037476
Unweighted max log likelihood for [3 2 5 1 6 4] is -136.037476
Unweighted max log likelihood for [3 2 5 4 1 6] is -162.037476
Unweighted max log likelihood for [3 2 5 4 6 1] is -163.037476
Unweighted max log likelihood for [3 2 5 6 1 4] is -137.037476
Unweighted max log likelihood for [3 2 5 6 4 1] is -152.037476
Unweighted max log likelihood for [3 2 6 1 4 5] is -140.037476
Unweighted max log likelihood for [3 2 6 1 5 4] is -133.037476
Unweighted max log likelihood for [3 2 6 4 1 5] is -155.037476
Unweighted max log likelihood for [3 2 6 4 5 1] is -160.037476
Unweighted max log likelihood for [3 2 6 5 1 4] is -138.037476
Unweighted max log likelihood for [3 2 6 5 4 1] is -153.037476
Unweighted max log likelihood for [3 4 1 2 5 6] is -182.037476
Unweighted max log likelihood for [3 4 1 2 6 5] is -183.037476
Unweighted max log likelihood for [3 4 1 5 2 6] is -189.037476
Unweighted max log likelihood for [3 4 1 5 6 2] is -192.037476
Unweighted max log likelihood for [3 4 1 6 2 5] is -186.037476
Unweighted max log likelihood for [3 4 1 6 5 2] is -193.037476
Unweighted max log likelihood for [3 4 2 1 5 6] is -179.037476
Unweighted max log likelihood for [3 4 2 1 6 5] is -180.037476
Unweighted max log likelihood for [3 4 2 5 1 6] is -184.037476
Unweighted max log likelihood for [3 4 2 5 6 1] is -185.037476
Unweighted max log likelihood for [3 4 2 6 1 5] is -181.037476
Unweighted max log likelihood for [3 4 2 6 5 1] is -186.037476
Unweighted max log likelihood for [3 4 5 1 2 6] is -194.037476
Unweighted max log likelihood for [3 4 5 1 6 2] is -197.037476
Unweighted max log likelihood for [3 4 5 2 1 6] is -191.037476
Unweighted max log likelihood for [3 4 5 2 6 1] is -192.037476
Unweighted max log likelihood for [3 4 5 6 1 2] is -198.037476
Unweighted max log likelihood for [3 4 5 6 2 1] is -195.037476
Unweighted max log likelihood for [3 4 6 1 2 5] is -187.037476
Unweighted max log likelihood for [3 4 6 1 5 2] is -194.037476
Unweighted max log likelihood for [3 4 6 2 1 5] is -184.037476
Unweighted max log likelihood for [3 4 6 2 5 1] is -189.037476
Unweighted max log likelihood for [3 4 6 5 1 2] is -199.037476
Unweighted max log likelihood for [3 4 6 5 2 1] is -196.037476
Unweighted max log likelihood for [3 5 1 2 4 6] is -157.037476
Unweighted max log likelihood for [3 5 1 2 6 4] is -146.037476
Unweighted max log likelihood for [3 5 1 4 2 6] is -172.037476
Unweighted max log likelihood for [3 5 1 4 6 2] is -175.037476
Unweighted max log likelihood for [3 5 1 6 2 4] is -149.037476
Unweighted max log likelihood for [3 5 1 6 4 2] is -164.037476
Unweighted max log likelihood for [3 5 2 1 4 6] is -154.037476
Unweighted max log likelihood for [3 5 2 1 6 4] is -143.037476
Unweighted max log likelihood for [3 5 2 4 1 6] is -169.037476
Unweighted max log likelihood for [3 5 2 4 6 1] is -170.037476
Unweighted max log likelihood for [3 5 2 6 1 4] is -144.037476
Unweighted max log likelihood for [3 5 2 6 4 1] is -159.037476
Unweighted max log likelihood for [3 5 4 1 2 6] is -187.037476
Unweighted max log likelihood for [3 5 4 1 6 2] is -190.037476
Unweighted max log likelihood for [3 5 4 2 1 6] is -184.037476
Unweighted max log likelihood for [3 5 4 2 6 1] is -185.037476
Unweighted max log likelihood for [3 5 4 6 1 2] is -191.037476
Unweighted max log likelihood for [3 5 4 6 2 1] is -188.037476
Unweighted max log likelihood for [3 5 6 1 2 4] is -150.037476
Unweighted max log likelihood for [3 5 6 1 4 2] is -165.037476
Unweighted max log likelihood for [3 5 6 2 1 4] is -147.037476
Unweighted max log likelihood for [3 5 6 2 4 1] is -162.037476
Unweighted max log likelihood for [3 5 6 4 1 2] is -180.037476
Unweighted max log likelihood for [3 5 6 4 2 1] is -177.037476
Unweighted max log likelihood for [3 6 1 2 4 5] is -146.037476
Unweighted max log likelihood for [3 6 1 2 5 4] is -139.037476
Unweighted max log likelihood for [3 6 1 4 2 5] is -161.037476
Unweighted max log likelihood for [3 6 1 4 5 2] is -168.037476
Unweighted max log likelihood for [3 6 1 5 2 4] is -146.037476
Unweighted max log likelihood for [3 6 1 5 4 2] is -161.037476
Unweighted max log likelihood for [3 6 2 1 4 5] is -143.037476
Unweighted max log likelihood for [3 6 2 1 5 4] is -136.037476
Unweighted max log likelihood for [3 6 2 4 1 5] is -158.037476
Unweighted max log likelihood for [3 6 2 4 5 1] is -163.037476
Unweighted max log likelihood for [3 6 2 5 1 4] is -141.037476
Unweighted max log likelihood for [3 6 2 5 4 1] is -156.037476
Unweighted max log likelihood for [3 6 4 1 2 5] is -176.037476
Unweighted max log likelihood for [3 6 4 1 5 2] is -183.037476
Unweighted max log likelihood for [3 6 4 2 1 5] is -173.037476
Unweighted max log likelihood for [3 6 4 2 5 1] is -178.037476
Unweighted max log likelihood for [3 6 4 5 1 2] is -188.037476
Unweighted max log likelihood for [3 6 4 5 2 1] is -185.037476
Unweighted max log likelihood for [3 6 5 1 2 4] is -151.037476
Unweighted max log likelihood for [3 6 5 1 4 2] is -166.037476
Unweighted max log likelihood for [3 6 5 2 1 4] is -148.037476
Unweighted max log likelihood for [3 6 5 2 4 1] is -163.037476
Unweighted max log likelihood for [3 6 5 4 1 2] is -181.037476
Unweighted max log likelihood for [3 6 5 4 2 1] is -178.037476
Unweighted max log likelihood for [4 1 2 3 5 6] is -155.037476
Unweighted max log likelihood for [4 1 2 3 6 5] is -156.037476
Unweighted max log likelihood for [4 1 2 5 3 6] is -146.037476
Unweighted max log likelihood for [4 1 2 5 6 3] is -139.037476
Unweighted max log likelihood for [4 1 2 6 3 5] is -149.037476
Unweighted max log likelihood for [4 1 2 6 5 3] is -140.037476
Unweighted max log likelihood for [4 1 3 2 5 6] is -170.037476
Unweighted max log likelihood for [4 1 3 2 6 5] is -171.037476
Unweighted max log likelihood for [4 1 3 5 2 6] is -177.037476
Unweighted max log likelihood for [4 1 3 5 6 2] is -180.037476
Unweighted max log likelihood for [4 1 3 6 2 5] is -174.037476
Unweighted max log likelihood for [4 1 3 6 5 2] is -181.037476
Unweighted max log likelihood for [4 1 5 2 3 6] is -153.037476
Unweighted max log likelihood for [4 1 5 2 6 3] is -146.037476
Unweighted max log likelihood for [4 1 5 3 2 6] is -168.037476
Unweighted max log likelihood for [4 1 5 3 6 2] is -171.037476
Unweighted max log likelihood for [4 1 5 6 2 3] is -149.037476
Unweighted max log likelihood for [4 1 5 6 3 2] is -164.037476
Unweighted max log likelihood for [4 1 6 2 3 5] is -152.037476
Unweighted max log likelihood for [4 1 6 2 5 3] is -143.037476
Unweighted max log likelihood for [4 1 6 3 2 5] is -167.037476
Unweighted max log likelihood for [4 1 6 3 5 2] is -174.037476
Unweighted max log likelihood for [4 1 6 5 2 3] is -150.037476
Unweighted max log likelihood for [4 1 6 5 3 2] is -165.037476
Unweighted max log likelihood for [4 2 1 3 5 6] is -152.037476
Unweighted max log likelihood for [4 2 1 3 6 5] is -153.037476
Unweighted max log likelihood for [4 2 1 5 3 6] is -143.037476
Unweighted max log likelihood for [4 2 1 5 6 3] is -136.037476
Unweighted max log likelihood for [4 2 1 6 3 5] is -146.037476
Unweighted max log likelihood for [4 2 1 6 5 3] is -137.037476
Unweighted max log likelihood for [4 2 3 1 5 6] is -165.037476
Unweighted max log likelihood for [4 2 3 1 6 5] is -166.037476
Unweighted max log likelihood for [4 2 3 5 1 6] is -170.037476
Unweighted max log likelihood for [4 2 3 5 6 1] is -171.037476
Unweighted max log likelihood for [4 2 3 6 1 5] is -167.037476
Unweighted max log likelihood for [4 2 3 6 5 1] is -172.037476
Unweighted max log likelihood for [4 2 5 1 3 6] is -148.037476
Unweighted max log likelihood for [4 2 5 1 6 3] is -141.037476
Unweighted max log likelihood for [4 2 5 3 1 6] is -161.037476
Unweighted max log likelihood for [4 2 5 3 6 1] is -162.037476
Unweighted max log likelihood for [4 2 5 6 1 3] is -142.037476
Unweighted max log likelihood for [4 2 5 6 3 1] is -155.037476
Unweighted max log likelihood for [4 2 6 1 3 5] is -147.037476
Unweighted max log likelihood for [4 2 6 1 5 3] is -138.037476
Unweighted max log likelihood for [4 2 6 3 1 5] is -160.037476
Unweighted max log likelihood for [4 2 6 3 5 1] is -165.037476
Unweighted max log likelihood for [4 2 6 5 1 3] is -143.037476
Unweighted max log likelihood for [4 2 6 5 3 1] is -156.037476
Unweighted max log likelihood for [4 3 1 2 5 6] is -183.037476
Unweighted max log likelihood for [4 3 1 2 6 5] is -184.037476
Unweighted max log likelihood for [4 3 1 5 2 6] is -190.037476
Unweighted max log likelihood for [4 3 1 5 6 2] is -193.037476
Unweighted max log likelihood for [4 3 1 6 2 5] is -187.037476
Unweighted max log likelihood for [4 3 1 6 5 2] is -194.037476
Unweighted max log likelihood for [4 3 2 1 5 6] is -180.037476
Unweighted max log likelihood for [4 3 2 1 6 5] is -181.037476
Unweighted max log likelihood for [4 3 2 5 1 6] is -185.037476
Unweighted max log likelihood for [4 3 2 5 6 1] is -186.037476
Unweighted max log likelihood for [4 3 2 6 1 5] is -182.037476
Unweighted max log likelihood for [4 3 2 6 5 1] is -187.037476
Unweighted max log likelihood for [4 3 5 1 2 6] is -195.037476
Unweighted max log likelihood for [4 3 5 1 6 2] is -198.037476
Unweighted max log likelihood for [4 3 5 2 1 6] is -192.037476
Unweighted max log likelihood for [4 3 5 2 6 1] is -193.037476
Unweighted max log likelihood for [4 3 5 6 1 2] is -199.037476
Unweighted max log likelihood for [4 3 5 6 2 1] is -196.037476
Unweighted max log likelihood for [4 3 6 1 2 5] is -188.037476
Unweighted max log likelihood for [4 3 6 1 5 2] is -195.037476
Unweighted max log likelihood for [4 3 6 2 1 5] is -185.037476
Unweighted max log likelihood for [4 3 6 2 5 1] is -190.037476
Unweighted max log likelihood for [4 3 6 5 1 2] is -200.037476
Unweighted max log likelihood for [4 3 6 5 2 1] is -197.037476
Unweighted max log likelihood for [4 5 1 2 3 6] is -158.037476
Unweighted max log likelihood for [4 5 1 2 6 3] is -151.037476
Unweighted max log likelihood for [4 5 1 3 2 6] is -173.037476
Unweighted max log likelihood for [4 5 1 3 6 2] is -176.037476
Unweighted max log likelihood for [4 5 1 6 2 3] is -154.037476
Unweighted max log likelihood for [4 5 1 6 3 2] is -169.037476
Unweighted max log likelihood for [4 5 2 1 3 6] is -155.037476
Unweighted max log likelihood for [4 5 2 1 6 3] is -148.037476
Unweighted max log likelihood for [4 5 2 3 1 6] is -168.037476
Unweighted max log likelihood for [4 5 2 3 6 1] is -169.037476
Unweighted max log likelihood for [4 5 2 6 1 3] is -149.037476
Unweighted max log likelihood for [4 5 2 6 3 1] is -162.037476
Unweighted max log likelihood for [4 5 3 1 2 6] is -186.037476
Unweighted max log likelihood for [4 5 3 1 6 2] is -189.037476
Unweighted max log likelihood for [4 5 3 2 1 6] is -183.037476
Unweighted max log likelihood for [4 5 3 2 6 1] is -184.037476
Unweighted max log likelihood for [4 5 3 6 1 2] is -190.037476
Unweighted max log likelihood for [4 5 3 6 2 1] is -187.037476
Unweighted max log likelihood for [4 5 6 1 2 3] is -155.037476
Unweighted max log likelihood for [4 5 6 1 3 2] is -170.037476
Unweighted max log likelihood for [4 5 6 2 1 3] is -152.037476
Unweighted max log likelihood for [4 5 6 2 3 1] is -165.037476
Unweighted max log likelihood for [4 5 6 3 1 2] is -183.037476
Unweighted max log likelihood for [4 5 6 3 2 1] is -180.037476
Unweighted max log likelihood for [4 6 1 2 3 5] is -153.037476
Unweighted max log likelihood for [4 6 1 2 5 3] is -144.037476
Unweighted max log likelihood for [4 6 1 3 2 5] is -168.037476
Unweighted max log likelihood for [4 6 1 3 5 2] is -175.037476
Unweighted max log likelihood for [4 6 1 5 2 3] is -151.037476
Unweighted max log likelihood for [4 6 1 5 3 2] is -166.037476
Unweighted max log likelihood for [4 6 2 1 3 5] is -150.037476
Unweighted max log likelihood for [4 6 2 1 5 3] is -141.037476
Unweighted max log likelihood for [4 6 2 3 1 5] is -163.037476
Unweighted max log likelihood for [4 6 2 3 5 1] is -168.037476
Unweighted max log likelihood for [4 6 2 5 1 3] is -146.037476
Unweighted max log likelihood for [4 6 2 5 3 1] is -159.037476
Unweighted max log likelihood for [4 6 3 1 2 5] is -181.037476
Unweighted max log likelihood for [4 6 3 1 5 2] is -188.037476
Unweighted max log likelihood for [4 6 3 2 1 5] is -178.037476
Unweighted max log likelihood for [4 6 3 2 5 1] is -183.037476
Unweighted max log likelihood for [4 6 3 5 1 2] is -193.037476
Unweighted max log likelihood for [4 6 3 5 2 1] is -190.037476
Unweighted max log likelihood for [4 6 5 1 2 3] is -156.037476
Unweighted max log likelihood for [4 6 5 1 3 2] is -171.037476
Unweighted max log likelihood for [4 6 5 2 1 3] is -153.037476
Unweighted max log likelihood for [4 6 5 2 3 1] is -166.037476
Unweighted max log likelihood for [4 6 5 3 1 2] is -184.037476
Unweighted max log likelihood for [4 6 5 3 2 1] is -181.037476
Unweighted max log likelihood for [5 1 2 3 4 6] is -120.037476
Unweighted max log likelihood for [5 1 2 3 6 4] is -109.037476
Unweighted max log likelihood for [5 1 2 4 3 6] is -121.037476
Unweighted max log likelihood for [5 1 2 4 6 3] is -114.037476
Unweighted max log likelihood for [5 1 2 6 3 4] is -102.037476
Unweighted max log likelihood for [5 1 2 6 4 3] is -103.037476
Unweighted max log likelihood for [5 1 3 2 4 6] is -135.037476
Unweighted max log likelihood for [5 1 3 2 6 4] is -124.037476
Unweighted max log likelihood for [5 1 3 4 2 6] is -150.037476
Unweighted max log likelihood for [5 1 3 4 6 2] is -153.037476
Unweighted max log likelihood for [5 1 3 6 2 4] is -127.037476
Unweighted max log likelihood for [5 1 3 6 4 2] is -142.037476
Unweighted max log likelihood for [5 1 4 2 3 6] is -136.037476
Unweighted max log likelihood for [5 1 4 2 6 3] is -129.037476
Unweighted max log likelihood for [5 1 4 3 2 6] is -151.037476
Unweighted max log likelihood for [5 1 4 3 6 2] is -154.037476
Unweighted max log likelihood for [5 1 4 6 2 3] is -132.037476
Unweighted max log likelihood for [5 1 4 6 3 2] is -147.037476
Unweighted max log likelihood for [5 1 6 2 3 4] is -105.037476
Unweighted max log likelihood for [5 1 6 2 4 3] is -106.037476
Unweighted max log likelihood for [5 1 6 3 2 4] is -120.037476
Unweighted max log likelihood for [5 1 6 3 4 2] is -135.037476
Unweighted max log likelihood for [5 1 6 4 2 3] is -121.037476
Unweighted max log likelihood for [5 1 6 4 3 2] is -136.037476
Unweighted max log likelihood for [5 2 1 3 4 6] is -117.037476
Unweighted max log likelihood for [5 2 1 3 6 4] is -106.037476
Unweighted max log likelihood for [5 2 1 4 3 6] is -118.037476
Unweighted max log likelihood for [5 2 1 4 6 3] is -111.037476
Unweighted max log likelihood for [5 2 1 6 3 4] is -99.037476
Unweighted max log likelihood for [5 2 1 6 4 3] is -100.037476
Unweighted max log likelihood for [5 2 3 1 4 6] is -130.037476
Unweighted max log likelihood for [5 2 3 1 6 4] is -119.037476
Unweighted max log likelihood for [5 2 3 4 1 6] is -145.037476
Unweighted max log likelihood for [5 2 3 4 6 1] is -146.037476
Unweighted max log likelihood for [5 2 3 6 1 4] is -120.037476
Unweighted max log likelihood for [5 2 3 6 4 1] is -135.037476
Unweighted max log likelihood for [5 2 4 1 3 6] is -133.037476
Unweighted max log likelihood for [5 2 4 1 6 3] is -126.037476
Unweighted max log likelihood for [5 2 4 3 1 6] is -146.037476
Unweighted max log likelihood for [5 2 4 3 6 1] is -147.037476
Unweighted max log likelihood for [5 2 4 6 1 3] is -127.037476
Unweighted max log likelihood for [5 2 4 6 3 1] is -140.037476
Unweighted max log likelihood for [5 2 6 1 3 4] is -100.037476
Unweighted max log likelihood for [5 2 6 1 4 3] is -101.037476
Unweighted max log likelihood for [5 2 6 3 1 4] is -113.037476
Unweighted max log likelihood for [5 2 6 3 4 1] is -128.037476
Unweighted max log likelihood for [5 2 6 4 1 3] is -116.037476
Unweighted max log likelihood for [5 2 6 4 3 1] is -129.037476
Unweighted max log likelihood for [5 3 1 2 4 6] is -148.037476
Unweighted max log likelihood for [5 3 1 2 6 4] is -137.037476
Unweighted max log likelihood for [5 3 1 4 2 6] is -163.037476
Unweighted max log likelihood for [5 3 1 4 6 2] is -166.037476
Unweighted max log likelihood for [5 3 1 6 2 4] is -140.037476
Unweighted max log likelihood for [5 3 1 6 4 2] is -155.037476
Unweighted max log likelihood for [5 3 2 1 4 6] is -145.037476
Unweighted max log likelihood for [5 3 2 1 6 4] is -134.037476
Unweighted max log likelihood for [5 3 2 4 1 6] is -160.037476
Unweighted max log likelihood for [5 3 2 4 6 1] is -161.037476
Unweighted max log likelihood for [5 3 2 6 1 4] is -135.037476
Unweighted max log likelihood for [5 3 2 6 4 1] is -150.037476
Unweighted max log likelihood for [5 3 4 1 2 6] is -178.037476
Unweighted max log likelihood for [5 3 4 1 6 2] is -181.037476
Unweighted max log likelihood for [5 3 4 2 1 6] is -175.037476
Unweighted max log likelihood for [5 3 4 2 6 1] is -176.037476
Unweighted max log likelihood for [5 3 4 6 1 2] is -182.037476
Unweighted max log likelihood for [5 3 4 6 2 1] is -179.037476
Unweighted max log likelihood for [5 3 6 1 2 4] is -141.037476
Unweighted max log likelihood for [5 3 6 1 4 2] is -156.037476
Unweighted max log likelihood for [5 3 6 2 1 4] is -138.037476
Unweighted max log likelihood for [5 3 6 2 4 1] is -153.037476
Unweighted max log likelihood for [5 3 6 4 1 2] is -171.037476
Unweighted max log likelihood for [5 3 6 4 2 1] is -168.037476
Unweighted max log likelihood for [5 4 1 2 3 6] is -151.037476
Unweighted max log likelihood for [5 4 1 2 6 3] is -144.037476
Unweighted max log likelihood for [5 4 1 3 2 6] is -166.037476
Unweighted max log likelihood for [5 4 1 3 6 2] is -169.037476
Unweighted max log likelihood for [5 4 1 6 2 3] is -147.037476
Unweighted max log likelihood for [5 4 1 6 3 2] is -162.037476
Unweighted max log likelihood for [5 4 2 1 3 6] is -148.037476
Unweighted max log likelihood for [5 4 2 1 6 3] is -141.037476
Unweighted max log likelihood for [5 4 2 3 1 6] is -161.037476
Unweighted max log likelihood for [5 4 2 3 6 1] is -162.037476
Unweighted max log likelihood for [5 4 2 6 1 3] is -142.037476
Unweighted max log likelihood for [5 4 2 6 3 1] is -155.037476
Unweighted max log likelihood for [5 4 3 1 2 6] is -179.037476
Unweighted max log likelihood for [5 4 3 1 6 2] is -182.037476
Unweighted max log likelihood for [5 4 3 2 1 6] is -176.037476
Unweighted max log likelihood for [5 4 3 2 6 1] is -177.037476
Unweighted max log likelihood for [5 4 3 6 1 2] is -183.037476
Unweighted max log likelihood for [5 4 3 6 2 1] is -180.037476
Unweighted max log likelihood for [5 4 6 1 2 3] is -148.037476
Unweighted max log likelihood for [5 4 6 1 3 2] is -163.037476
Unweighted max log likelihood for [5 4 6 2 1 3] is -145.037476
Unweighted max log likelihood for [5 4 6 2 3 1] is -158.037476
Unweighted max log likelihood for [5 4 6 3 1 2] is -176.037476
Unweighted max log likelihood for [5 4 6 3 2 1] is -173.037476
Unweighted max log likelihood for [5 6 1 2 3 4] is -106.037476
Unweighted max log likelihood for [5 6 1 2 4 3] is -107.037476
Unweighted max log likelihood for [5 6 1 3 2 4] is -121.037476
Unweighted max log likelihood for [5 6 1 3 4 2] is -136.037476
Unweighted max log likelihood for [5 6 1 4 2 3] is -122.037476
Unweighted max log likelihood for [5 6 1 4 3 2] is -137.037476
Unweighted max log likelihood for [5 6 2 1 3 4] is -103.037476
Unweighted max log likelihood for [5 6 2 1 4 3] is -104.037476
Unweighted max log likelihood for [5 6 2 3 1 4] is -116.037476
Unweighted max log likelihood for [5 6 2 3 4 1] is -131.037476
Unweighted max log likelihood for [5 6 2 4 1 3] is -119.037476
Unweighted max log likelihood for [5 6 2 4 3 1] is -132.037476
Unweighted max log likelihood for [5 6 3 1 2 4] is -134.037476
Unweighted max log likelihood for [5 6 3 1 4 2] is -149.037476
Unweighted max log likelihood for [5 6 3 2 1 4] is -131.037476
Unweighted max log likelihood for [5 6 3 2 4 1] is -146.037476
Unweighted max log likelihood for [5 6 3 4 1 2] is -164.037476
Unweighted max log likelihood for [5 6 3 4 2 1] is -161.037476
Unweighted max log likelihood for [5 6 4 1 2 3] is -137.037476
Unweighted max log likelihood for [5 6 4 1 3 2] is -152.037476
Unweighted max log likelihood for [5 6 4 2 1 3] is -134.037476
Unweighted max log likelihood for [5 6 4 2 3 1] is -147.037476
Unweighted max log likelihood for [5 6 4 3 1 2] is -165.037476
Unweighted max log likelihood for [5 6 4 3 2 1] is -162.037476
Unweighted max log likelihood for [6 1 2 3 4 5] is -111.037476
Unweighted max log likelihood for [6 1 2 3 5 4] is -104.037476
Unweighted max log likelihood for [6 1 2 4 3 5] is -112.037476
Unweighted max log likelihood for [6 1 2 4 5 3] is -103.037476
Unweighted max log likelihood for [6 1 2 5 3 4] is -95.037476
Unweighted max log likelihood for [6 1 2 5 4 3] is -96.037476
Unweighted max log likelihood for [6 1 3 2 4 5] is -126.037476
Unweighted max log likelihood for [6 1 3 2 5 4] is -119.037476
Unweighted max log likelihood for [6 1 3 4 2 5] is -141.037476
Unweighted max log likelihood for [6 1 3 4 5 2] is -148.037476
Unweighted max log likelihood for [6 1 3 5 2 4] is -126.037476
Unweighted max log likelihood for [6 1 3 5 4 2] is -141.037476
Unweighted max log likelihood for [6 1 4 2 3 5] is -127.037476
Unweighted max log likelihood for [6 1 4 2 5 3] is -118.037476
Unweighted max log likelihood for [6 1 4 3 2 5] is -142.037476
Unweighted max log likelihood for [6 1 4 3 5 2] is -149.037476
Unweighted max log likelihood for [6 1 4 5 2 3] is -125.037476
Unweighted max log likelihood for [6 1 4 5 3 2] is -140.037476
Unweighted max log likelihood for [6 1 5 2 3 4] is -102.037476
Unweighted max log likelihood for [6 1 5 2 4 3] is -103.037476
Unweighted max log likelihood for [6 1 5 3 2 4] is -117.037476
Unweighted max log likelihood for [6 1 5 3 4 2] is -132.037476
Unweighted max log likelihood for [6 1 5 4 2 3] is -118.037476
Unweighted max log likelihood for [6 1 5 4 3 2] is -133.037476
Unweighted max log likelihood for [6 2 1 3 4 5] is -108.037476
Unweighted max log likelihood for [6 2 1 3 5 4] is -101.037476
Unweighted max log likelihood for [6 2 1 4 3 5] is -109.037476
Unweighted max log likelihood for [6 2 1 4 5 3] is -100.037476
Unweighted max log likelihood for [6 2 1 5 3 4] is -92.037476
Unweighted max log likelihood for [6 2 1 5 4 3] is -93.037476
Unweighted max log likelihood for [6 2 3 1 4 5] is -121.037476
Unweighted max log likelihood for [6 2 3 1 5 4] is -114.037476
Unweighted max log likelihood for [6 2 3 4 1 5] is -136.037476
Unweighted max log likelihood for [6 2 3 4 5 1] is -141.037476
Unweighted max log likelihood for [6 2 3 5 1 4] is -119.037476
Unweighted max log likelihood for [6 2 3 5 4 1] is -134.037476
Unweighted max log likelihood for [6 2 4 1 3 5] is -124.037476
Unweighted max log likelihood for [6 2 4 1 5 3] is -115.037476
Unweighted max log likelihood for [6 2 4 3 1 5] is -137.037476
Unweighted max log likelihood for [6 2 4 3 5 1] is -142.037476
Unweighted max log likelihood for [6 2 4 5 1 3] is -120.037476
Unweighted max log likelihood for [6 2 4 5 3 1] is -133.037476
Unweighted max log likelihood for [6 2 5 1 3 4] is -97.037476
Unweighted max log likelihood for [6 2 5 1 4 3] is -98.037476
Unweighted max log likelihood for [6 2 5 3 1 4] is -110.037476
Unweighted max log likelihood for [6 2 5 3 4 1] is -125.037476
Unweighted max log likelihood for [6 2 5 4 1 3] is -113.037476
Unweighted max log likelihood for [6 2 5 4 3 1] is -126.037476
Unweighted max log likelihood for [6 3 1 2 4 5] is -139.037476
Unweighted max log likelihood for [6 3 1 2 5 4] is -132.037476
Unweighted max log likelihood for [6 3 1 4 2 5] is -154.037476
Unweighted max log likelihood for [6 3 1 4 5 2] is -161.037476
Unweighted max log likelihood for [6 3 1 5 2 4] is -139.037476
Unweighted max log likelihood for [6 3 1 5 4 2] is -154.037476
Unweighted max log likelihood for [6 3 2 1 4 5] is -136.037476
Unweighted max log likelihood for [6 3 2 1 5 4] is -129.037476
Unweighted max log likelihood for [6 3 2 4 1 5] is -151.037476
Unweighted max log likelihood for [6 3 2 4 5 1] is -156.037476
Unweighted max log likelihood for [6 3 2 5 1 4] is -134.037476
Unweighted max log likelihood for [6 3 2 5 4 1] is -149.037476
Unweighted max log likelihood for [6 3 4 1 2 5] is -169.037476
Unweighted max log likelihood for [6 3 4 1 5 2] is -176.037476
Unweighted max log likelihood for [6 3 4 2 1 5] is -166.037476
Unweighted max log likelihood for [6 3 4 2 5 1] is -171.037476
Unweighted max log likelihood for [6 3 4 5 1 2] is -181.037476
Unweighted max log likelihood for [6 3 4 5 2 1] is -178.037476
Unweighted max log likelihood for [6 3 5 1 2 4] is -144.037476
Unweighted max log likelihood for [6 3 5 1 4 2] is -159.037476
Unweighted max log likelihood for [6 3 5 2 1 4] is -141.037476
Unweighted max log likelihood for [6 3 5 2 4 1] is -156.037476
Unweighted max log likelihood for [6 3 5 4 1 2] is -174.037476
Unweighted max log likelihood for [6 3 5 4 2 1] is -171.037476
Unweighted max log likelihood for [6 4 1 2 3 5] is -142.037476
Unweighted max log likelihood for [6 4 1 2 5 3] is -133.037476
Unweighted max log likelihood for [6 4 1 3 2 5] is -157.037476
Unweighted max log likelihood for [6 4 1 3 5 2] is -164.037476
Unweighted max log likelihood for [6 4 1 5 2 3] is -140.037476
Unweighted max log likelihood for [6 4 1 5 3 2] is -155.037476
Unweighted max log likelihood for [6 4 2 1 3 5] is -139.037476
Unweighted max log likelihood for [6 4 2 1 5 3] is -130.037476
Unweighted max log likelihood for [6 4 2 3 1 5] is -152.037476
Unweighted max log likelihood for [6 4 2 3 5 1] is -157.037476
Unweighted max log likelihood for [6 4 2 5 1 3] is -135.037476
Unweighted max log likelihood for [6 4 2 5 3 1] is -148.037476
Unweighted max log likelihood for [6 4 3 1 2 5] is -170.037476
Unweighted max log likelihood for [6 4 3 1 5 2] is -177.037476
Unweighted max log likelihood for [6 4 3 2 1 5] is -167.037476
Unweighted max log likelihood for [6 4 3 2 5 1] is -172.037476
Unweighted max log likelihood for [6 4 3 5 1 2] is -182.037476
Unweighted max log likelihood for [6 4 3 5 2 1] is -179.037476
Unweighted max log likelihood for [6 4 5 1 2 3] is -145.037476
Unweighted max log likelihood for [6 4 5 1 3 2] is -160.037476
Unweighted max log likelihood for [6 4 5 2 1 3] is -142.037476
Unweighted max log likelihood for [6 4 5 2 3 1] is -155.037476
Unweighted max log likelihood for [6 4 5 3 1 2] is -173.037476
Unweighted max log likelihood for [6 4 5 3 2 1] is -170.037476
Unweighted max log likelihood for [6 5 1 2 3 4] is -107.037476
Unweighted max log likelihood for [6 5 1 2 4 3] is -108.037476
Unweighted max log likelihood for [6 5 1 3 2 4] is -122.037476
Unweighted max log likelihood for [6 5 1 3 4 2] is -137.037476
Unweighted max log likelihood for [6 5 1 4 2 3] is -123.037476
Unweighted max log likelihood for [6 5 1 4 3 2] is -138.037476
Unweighted max log likelihood for [6 5 2 1 3 4] is -104.037476
Unweighted max log likelihood for [6 5 2 1 4 3] is -105.037476
Unweighted max log likelihood for [6 5 2 3 1 4] is -117.037476
Unweighted max log likelihood for [6 5 2 3 4 1] is -132.037476
Unweighted max log likelihood for [6 5 2 4 1 3] is -120.037476
Unweighted max log likelihood for [6 5 2 4 3 1] is -133.037476
Unweighted max log likelihood for [6 5 3 1 2 4] is -135.037476
Unweighted max log likelihood for [6 5 3 1 4 2] is -150.037476
Unweighted max log likelihood for [6 5 3 2 1 4] is -132.037476
Unweighted max log likelihood for [6 5 3 2 4 1] is -147.037476
Unweighted max log likelihood for [6 5 3 4 1 2] is -165.037476
Unweighted max log likelihood for [6 5 3 4 2 1] is -162.037476
Unweighted max log likelihood for [6 5 4 1 2 3] is -138.037476
Unweighted max log likelihood for [6 5 4 1 3 2] is -153.037476
Unweighted max log likelihood for [6 5 4 2 1 3] is -135.037476
Unweighted max log likelihood for [6 5 4 2 3 1] is -148.037476
Unweighted max log likelihood for [6 5 4 3 1 2] is -166.037476
Unweighted max log likelihood for [6 5 4 3 2 1] is -163.037476

Optimal ground truth was (2, 1, 5, 6, 3, 4) with (phi, b, max_log_like) = (1.000000, 0.000000, -87.037476)

--- 2.0216243267059326 seconds ---
