2019-04-04 22:20:55.959319

Experiment Configuration 
 {'optimization': 'optimizations.Exhaustive_Search', 'optimization_params': {'granularity': 10}, 'heuristic': 'heuristics.No_Heuristic', 'heuristic_params': {}, 'weight': 'rankobjects.Arithmetic', 'data_file': 'data/preflib/ED-9-2.csv'} 

Optimizing parameters for ground_truth: [1 2 3 4 5 6 7]
Optimal (phi, b, log_like) = (0.000000, 0.000000, -1304.349688) 

Optimizing parameters for ground_truth: [1 2 3 4 5 7 6]
Optimal (phi, b, log_like) = (0.000000, 0.000000, -1304.349688) 

Optimizing parameters for ground_truth: [1 2 3 4 6 5 7]
Optimal (phi, b, log_like) = (0.000000, 0.000000, -1304.349688) 

Optimizing parameters for ground_truth: [1 2 3 4 6 7 5]
Optimal (phi, b, log_like) = (0.000000, 0.000000, -1304.349688) 

Optimizing parameters for ground_truth: [1 2 3 4 7 5 6]
Optimal (phi, b, log_like) = (0.000000, 0.000000, -1304.349688) 

Optimizing parameters for ground_truth: [1 2 3 4 7 6 5]
Optimal (phi, b, log_like) = (0.000000, 0.000000, -1304.349688) 

Optimizing parameters for ground_truth: [1 2 3 5 4 6 7]
Optimal (phi, b, log_like) = (0.000000, 0.000000, -1304.349688) 

Optimizing parameters for ground_truth: [1 2 3 5 4 7 6]
Optimal (phi, b, log_like) = (0.000000, 0.000000, -1304.349688) 

Optimizing parameters for ground_truth: [1 2 3 5 6 4 7]
Optimal (phi, b, log_like) = (0.000000, 0.000000, -1304.349688) 

Optimizing parameters for ground_truth: [1 2 3 5 6 7 4]
Optimal (phi, b, log_like) = (0.000000, 0.000000, -1304.349688) 

Optimizing parameters for ground_truth: [1 2 3 5 7 4 6]
Optimal (phi, b, log_like) = (0.000000, 0.000000, -1304.349688) 

Optimizing parameters for ground_truth: [1 2 3 5 7 6 4]
Optimal (phi, b, log_like) = (0.000000, 0.000000, -1304.349688) 

Optimizing parameters for ground_truth: [1 2 3 6 4 5 7]
Optimal (phi, b, log_like) = (0.000000, 0.000000, -1304.349688) 

Optimizing parameters for ground_truth: [1 2 3 6 4 7 5]
Optimal (phi, b, log_like) = (0.000000, 0.000000, -1304.349688) 

Optimizing parameters for ground_truth: [1 2 3 6 5 4 7]
Optimal (phi, b, log_like) = (0.000000, 0.000000, -1304.349688) 

Optimizing parameters for ground_truth: [1 2 3 6 5 7 4]
Optimal (phi, b, log_like) = (0.000000, 0.000000, -1304.349688) 

Optimizing parameters for ground_truth: [1 2 3 6 7 4 5]
Optimal (phi, b, log_like) = (0.000000, 0.000000, -1304.349688) 

Optimizing parameters for ground_truth: [1 2 3 6 7 5 4]
Optimal (phi, b, log_like) = (0.000000, 0.000000, -1304.349688) 

Optimizing parameters for ground_truth: [1 2 3 7 4 5 6]
Optimal (phi, b, log_like) = (0.000000, 0.000000, -1304.349688) 

Optimizing parameters for ground_truth: [1 2 3 7 4 6 5]
Optimal (phi, b, log_like) = (0.000000, 0.000000, -1304.349688) 

Optimizing parameters for ground_truth: [1 2 3 7 5 4 6]
Optimal (phi, b, log_like) = (0.000000, 0.000000, -1304.349688) 

Optimizing parameters for ground_truth: [1 2 3 7 5 6 4]
Optimal (phi, b, log_like) = (0.000000, 0.000000, -1304.349688) 

Optimizing parameters for ground_truth: [1 2 3 7 6 4 5]
Optimal (phi, b, log_like) = (0.000000, 0.000000, -1304.349688) 

Optimizing parameters for ground_truth: [1 2 3 7 6 5 4]
Optimal (phi, b, log_like) = (0.000000, 0.000000, -1304.349688) 

Optimizing parameters for ground_truth: [1 2 4 3 5 6 7]
Optimal (phi, b, log_like) = (0.000000, 0.000000, -1304.349688) 

Optimizing parameters for ground_truth: [1 2 4 3 5 7 6]
Optimal (phi, b, log_like) = (0.000000, 0.000000, -1304.349688) 

Optimizing parameters for ground_truth: [1 2 4 3 6 5 7]
Optimal (phi, b, log_like) = (0.000000, 0.000000, -1304.349688) 

Optimizing parameters for ground_truth: [1 2 4 3 6 7 5]
Optimal (phi, b, log_like) = (0.000000, 0.000000, -1304.349688) 

Optimizing parameters for ground_truth: [1 2 4 3 7 5 6]
Optimal (phi, b, log_like) = (0.000000, 0.000000, -1304.349688) 

Optimizing parameters for ground_truth: [1 2 4 3 7 6 5]
Optimal (phi, b, log_like) = (0.000000, 0.000000, -1304.349688) 

Optimizing parameters for ground_truth: [1 2 4 5 3 6 7]
Optimal (phi, b, log_like) = (0.000000, 0.000000, -1304.349688) 

Optimizing parameters for ground_truth: [1 2 4 5 3 7 6]
Optimal (phi, b, log_like) = (0.000000, 0.000000, -1304.349688) 

Optimizing parameters for ground_truth: [1 2 4 5 6 3 7]
Optimal (phi, b, log_like) = (0.000000, 0.000000, -1304.349688) 

Optimizing parameters for ground_truth: [1 2 4 5 6 7 3]
Optimal (phi, b, log_like) = (0.000000, 0.000000, -1304.349688) 

Optimizing parameters for ground_truth: [1 2 4 5 7 3 6]
Optimal (phi, b, log_like) = (0.000000, 0.000000, -1304.349688) 

Optimizing parameters for ground_truth: [1 2 4 5 7 6 3]
Optimal (phi, b, log_like) = (0.000000, 0.000000, -1304.349688) 

Optimizing parameters for ground_truth: [1 2 4 6 3 5 7]
Optimal (phi, b, log_like) = (0.000000, 0.000000, -1304.349688) 

Optimizing parameters for ground_truth: [1 2 4 6 3 7 5]
Optimal (phi, b, log_like) = (0.000000, 0.000000, -1304.349688) 

Optimizing parameters for ground_truth: [1 2 4 6 5 3 7]
Optimal (phi, b, log_like) = (0.000000, 0.000000, -1304.349688) 

Optimizing parameters for ground_truth: [1 2 4 6 5 7 3]
Optimal (phi, b, log_like) = (0.000000, 0.000000, -1304.349688) 

Optimizing parameters for ground_truth: [1 2 4 6 7 3 5]
Optimal (phi, b, log_like) = (0.000000, 0.000000, -1304.349688) 

Optimizing parameters for ground_truth: [1 2 4 6 7 5 3]
Optimal (phi, b, log_like) = (0.000000, 0.000000, -1304.349688) 

Optimizing parameters for ground_truth: [1 2 4 7 3 5 6]
Optimal (phi, b, log_like) = (0.000000, 0.000000, -1304.349688) 

Optimizing parameters for ground_truth: [1 2 4 7 3 6 5]
Optimal (phi, b, log_like) = (0.000000, 0.000000, -1304.349688) 

Optimizing parameters for ground_truth: [1 2 4 7 5 3 6]
Optimal (phi, b, log_like) = (0.000000, 0.000000, -1304.349688) 

Optimizing parameters for ground_truth: [1 2 4 7 5 6 3]
Optimal (phi, b, log_like) = (0.000000, 0.000000, -1304.349688) 

Optimizing parameters for ground_truth: [1 2 4 7 6 3 5]
Optimal (phi, b, log_like) = (0.000000, 0.000000, -1304.349688) 

Optimizing parameters for ground_truth: [1 2 4 7 6 5 3]
Optimal (phi, b, log_like) = (0.000000, 0.000000, -1304.349688) 

Optimizing parameters for ground_truth: [1 2 5 3 4 6 7]
Optimal (phi, b, log_like) = (0.000000, 0.000000, -1304.349688) 

Optimizing parameters for ground_truth: [1 2 5 3 4 7 6]
Optimal (phi, b, log_like) = (0.000000, 0.000000, -1304.349688) 

Optimizing parameters for ground_truth: [1 2 5 3 6 4 7]
Optimal (phi, b, log_like) = (0.000000, 0.000000, -1304.349688) 

Optimizing parameters for ground_truth: [1 2 5 3 6 7 4]
Optimal (phi, b, log_like) = (0.000000, 0.000000, -1304.349688) 

Optimizing parameters for ground_truth: [1 2 5 3 7 4 6]
Optimal (phi, b, log_like) = (0.000000, 0.000000, -1304.349688) 

Optimizing parameters for ground_truth: [1 2 5 3 7 6 4]
Optimal (phi, b, log_like) = (0.000000, 0.000000, -1304.349688) 

Optimizing parameters for ground_truth: [1 2 5 4 3 6 7]
Optimal (phi, b, log_like) = (0.000000, 0.000000, -1304.349688) 

Optimizing parameters for ground_truth: [1 2 5 4 3 7 6]
Optimal (phi, b, log_like) = (0.000000, 0.000000, -1304.349688) 

Optimizing parameters for ground_truth: [1 2 5 4 6 3 7]
Optimal (phi, b, log_like) = (0.000000, 0.000000, -1304.349688) 

Optimizing parameters for ground_truth: [1 2 5 4 6 7 3]
Optimal (phi, b, log_like) = (0.000000, 0.000000, -1304.349688) 

Optimizing parameters for ground_truth: [1 2 5 4 7 3 6]
Optimal (phi, b, log_like) = (0.000000, 0.000000, -1304.349688) 

Optimizing parameters for ground_truth: [1 2 5 4 7 6 3]
Optimal (phi, b, log_like) = (0.000000, 0.000000, -1304.349688) 

Optimizing parameters for ground_truth: [1 2 5 6 3 4 7]
Optimal (phi, b, log_like) = (0.000000, 0.000000, -1304.349688) 

Optimizing parameters for ground_truth: [1 2 5 6 3 7 4]
Optimal (phi, b, log_like) = (0.000000, 0.000000, -1304.349688) 

Optimizing parameters for ground_truth: [1 2 5 6 4 3 7]
Optimal (phi, b, log_like) = (0.000000, 0.000000, -1304.349688) 

Optimizing parameters for ground_truth: [1 2 5 6 4 7 3]
Optimal (phi, b, log_like) = (0.000000, 0.000000, -1304.349688) 

Optimizing parameters for ground_truth: [1 2 5 6 7 3 4]
Optimal (phi, b, log_like) = (0.000000, 0.000000, -1304.349688) 

Optimizing parameters for ground_truth: [1 2 5 6 7 4 3]
Optimal (phi, b, log_like) = (0.000000, 0.000000, -1304.349688) 

Optimizing parameters for ground_truth: [1 2 5 7 3 4 6]
Optimal (phi, b, log_like) = (0.000000, 0.000000, -1304.349688) 

Optimizing parameters for ground_truth: [1 2 5 7 3 6 4]
Optimal (phi, b, log_like) = (0.000000, 0.000000, -1304.349688) 

Optimizing parameters for ground_truth: [1 2 5 7 4 3 6]
Optimal (phi, b, log_like) = (0.000000, 0.000000, -1304.349688) 

Optimizing parameters for ground_truth: [1 2 5 7 4 6 3]
Optimal (phi, b, log_like) = (0.000000, 0.000000, -1304.349688) 

Optimizing parameters for ground_truth: [1 2 5 7 6 3 4]
Optimal (phi, b, log_like) = (0.000000, 0.000000, -1304.349688) 

Optimizing parameters for ground_truth: [1 2 5 7 6 4 3]
Optimal (phi, b, log_like) = (0.000000, 0.000000, -1304.349688) 

Optimizing parameters for ground_truth: [1 2 6 3 4 5 7]
Optimal (phi, b, log_like) = (0.000000, 0.000000, -1304.349688) 

Optimizing parameters for ground_truth: [1 2 6 3 4 7 5]
Optimal (phi, b, log_like) = (0.000000, 0.000000, -1304.349688) 

Optimizing parameters for ground_truth: [1 2 6 3 5 4 7]
Optimal (phi, b, log_like) = (0.000000, 0.000000, -1304.349688) 

Optimizing parameters for ground_truth: [1 2 6 3 5 7 4]
Optimal (phi, b, log_like) = (0.000000, 0.000000, -1304.349688) 

Optimizing parameters for ground_truth: [1 2 6 3 7 4 5]
Optimal (phi, b, log_like) = (0.000000, 0.000000, -1304.349688) 

Optimizing parameters for ground_truth: [1 2 6 3 7 5 4]
Optimal (phi, b, log_like) = (0.000000, 0.000000, -1304.349688) 

Optimizing parameters for ground_truth: [1 2 6 4 3 5 7]
Optimal (phi, b, log_like) = (0.000000, 0.000000, -1304.349688) 

Optimizing parameters for ground_truth: [1 2 6 4 3 7 5]
Optimal (phi, b, log_like) = (0.000000, 0.000000, -1304.349688) 

Optimizing parameters for ground_truth: [1 2 6 4 5 3 7]
Optimal (phi, b, log_like) = (0.000000, 0.000000, -1304.349688) 

Optimizing parameters for ground_truth: [1 2 6 4 5 7 3]
Optimal (phi, b, log_like) = (0.000000, 0.000000, -1304.349688) 

Optimizing parameters for ground_truth: [1 2 6 4 7 3 5]
Optimal (phi, b, log_like) = (0.000000, 0.000000, -1304.349688) 

Optimizing parameters for ground_truth: [1 2 6 4 7 5 3]
Optimal (phi, b, log_like) = (0.000000, 0.000000, -1304.349688) 

Optimizing parameters for ground_truth: [1 2 6 5 3 4 7]
Optimal (phi, b, log_like) = (0.000000, 0.000000, -1304.349688) 

Optimizing parameters for ground_truth: [1 2 6 5 3 7 4]
Optimal (phi, b, log_like) = (0.000000, 0.000000, -1304.349688) 

Optimizing parameters for ground_truth: [1 2 6 5 4 3 7]
Optimal (phi, b, log_like) = (0.000000, 0.000000, -1304.349688) 

Optimizing parameters for ground_truth: [1 2 6 5 4 7 3]
Optimal (phi, b, log_like) = (0.000000, 0.000000, -1304.349688) 

Optimizing parameters for ground_truth: [1 2 6 5 7 3 4]
Optimal (phi, b, log_like) = (0.000000, 0.000000, -1304.349688) 

Optimizing parameters for ground_truth: [1 2 6 5 7 4 3]
Optimal (phi, b, log_like) = (0.000000, 0.000000, -1304.349688) 

Optimizing parameters for ground_truth: [1 2 6 7 3 4 5]
Optimal (phi, b, log_like) = (0.000000, 0.000000, -1304.349688) 

Optimizing parameters for ground_truth: [1 2 6 7 3 5 4]
Optimal (phi, b, log_like) = (0.000000, 0.000000, -1304.349688) 

Optimizing parameters for ground_truth: [1 2 6 7 4 3 5]
Optimal (phi, b, log_like) = (0.000000, 0.000000, -1304.349688) 

Optimizing parameters for ground_truth: [1 2 6 7 4 5 3]
Optimal (phi, b, log_like) = (0.000000, 0.000000, -1304.349688) 

Optimizing parameters for ground_truth: [1 2 6 7 5 3 4]
Optimal (phi, b, log_like) = (0.000000, 0.000000, -1304.349688) 

Optimizing parameters for ground_truth: [1 2 6 7 5 4 3]
Optimal (phi, b, log_like) = (0.000000, 0.000000, -1304.349688) 

Optimizing parameters for ground_truth: [1 2 7 3 4 5 6]
Optimal (phi, b, log_like) = (0.222222, 0.155556, -1300.156549) 

Optimizing parameters for ground_truth: [1 2 7 3 4 6 5]
Optimal (phi, b, log_like) = (0.222222, 0.155556, -1299.712104) 

Optimizing parameters for ground_truth: [1 2 7 3 5 4 6]
Optimal (phi, b, log_like) = (0.222222, 0.111111, -1296.313416) 

Optimizing parameters for ground_truth: [1 2 7 3 5 6 4]
Optimal (phi, b, log_like) = (0.222222, 0.000000, -1284.411008) 

Optimizing parameters for ground_truth: [1 2 7 3 6 4 5]
Optimal (phi, b, log_like) = (0.222222, 0.044444, -1290.848093) 

Optimizing parameters for ground_truth: [1 2 7 3 6 5 4]
Optimal (phi, b, log_like) = (0.222222, 0.000000, -1282.411008) 

Optimizing parameters for ground_truth: [1 2 7 4 3 5 6]
Optimal (phi, b, log_like) = (0.000000, 0.000000, -1304.349688) 

Optimizing parameters for ground_truth: [1 2 7 4 3 6 5]
Optimal (phi, b, log_like) = (0.000000, 0.000000, -1304.349688) 

Optimizing parameters for ground_truth: [1 2 7 4 5 3 6]
Optimal (phi, b, log_like) = (0.000000, 0.000000, -1304.349688) 

Optimizing parameters for ground_truth: [1 2 7 4 5 6 3]
Optimal (phi, b, log_like) = (0.000000, 0.000000, -1304.349688) 

Optimizing parameters for ground_truth: [1 2 7 4 6 3 5]
Optimal (phi, b, log_like) = (0.000000, 0.000000, -1304.349688) 

Optimizing parameters for ground_truth: [1 2 7 4 6 5 3]
Optimal (phi, b, log_like) = (0.000000, 0.000000, -1304.349688) 

Optimizing parameters for ground_truth: [1 2 7 5 3 4 6]
Optimal (phi, b, log_like) = (0.000000, 0.000000, -1304.349688) 

Optimizing parameters for ground_truth: [1 2 7 5 3 6 4]
Optimal (phi, b, log_like) = (0.000000, 0.000000, -1304.349688) 

Optimizing parameters for ground_truth: [1 2 7 5 4 3 6]
Optimal (phi, b, log_like) = (0.000000, 0.000000, -1304.349688) 

Optimizing parameters for ground_truth: [1 2 7 5 4 6 3]
Optimal (phi, b, log_like) = (0.000000, 0.000000, -1304.349688) 

Optimizing parameters for ground_truth: [1 2 7 5 6 3 4]
Optimal (phi, b, log_like) = (0.000000, 0.000000, -1304.349688) 

Optimizing parameters for ground_truth: [1 2 7 5 6 4 3]
Optimal (phi, b, log_like) = (0.000000, 0.000000, -1304.349688) 

Optimizing parameters for ground_truth: [1 2 7 6 3 4 5]
Optimal (phi, b, log_like) = (0.222222, 0.111111, -1303.943046) 

Optimizing parameters for ground_truth: [1 2 7 6 3 5 4]
Optimal (phi, b, log_like) = (0.222222, 0.044444, -1298.413525) 

Optimizing parameters for ground_truth: [1 2 7 6 4 3 5]
Optimal (phi, b, log_like) = (0.000000, 0.000000, -1304.349688) 

Optimizing parameters for ground_truth: [1 2 7 6 4 5 3]
Optimal (phi, b, log_like) = (0.000000, 0.000000, -1304.349688) 

Optimizing parameters for ground_truth: [1 2 7 6 5 3 4]
Optimal (phi, b, log_like) = (0.000000, 0.000000, -1304.349688) 

Optimizing parameters for ground_truth: [1 2 7 6 5 4 3]
Optimal (phi, b, log_like) = (0.000000, 0.000000, -1304.349688) 

Optimizing parameters for ground_truth: [1 3 2 4 5 6 7]
Optimal (phi, b, log_like) = (0.000000, 0.000000, -1304.349688) 

Optimizing parameters for ground_truth: [1 3 2 4 5 7 6]
Optimal (phi, b, log_like) = (0.000000, 0.000000, -1304.349688) 

Optimizing parameters for ground_truth: [1 3 2 4 6 5 7]
Optimal (phi, b, log_like) = (0.000000, 0.000000, -1304.349688) 

Optimizing parameters for ground_truth: [1 3 2 4 6 7 5]
Optimal (phi, b, log_like) = (0.000000, 0.000000, -1304.349688) 

Optimizing parameters for ground_truth: [1 3 2 4 7 5 6]
Optimal (phi, b, log_like) = (0.000000, 0.000000, -1304.349688) 

Optimizing parameters for ground_truth: [1 3 2 4 7 6 5]
Optimal (phi, b, log_like) = (0.000000, 0.000000, -1304.349688) 

Optimizing parameters for ground_truth: [1 3 2 5 4 6 7]
Optimal (phi, b, log_like) = (0.000000, 0.000000, -1304.349688) 

Optimizing parameters for ground_truth: [1 3 2 5 4 7 6]
Optimal (phi, b, log_like) = (0.000000, 0.000000, -1304.349688) 

Optimizing parameters for ground_truth: [1 3 2 5 6 4 7]
Optimal (phi, b, log_like) = (0.000000, 0.000000, -1304.349688) 

Optimizing parameters for ground_truth: [1 3 2 5 6 7 4]
Optimal (phi, b, log_like) = (0.000000, 0.000000, -1304.349688) 

Optimizing parameters for ground_truth: [1 3 2 5 7 4 6]
Optimal (phi, b, log_like) = (0.000000, 0.000000, -1304.349688) 

Optimizing parameters for ground_truth: [1 3 2 5 7 6 4]
Optimal (phi, b, log_like) = (0.000000, 0.000000, -1304.349688) 

Optimizing parameters for ground_truth: [1 3 2 6 4 5 7]
Optimal (phi, b, log_like) = (0.000000, 0.000000, -1304.349688) 

Optimizing parameters for ground_truth: [1 3 2 6 4 7 5]
Optimal (phi, b, log_like) = (0.000000, 0.000000, -1304.349688) 

Optimizing parameters for ground_truth: [1 3 2 6 5 4 7]
Optimal (phi, b, log_like) = (0.000000, 0.000000, -1304.349688) 

Optimizing parameters for ground_truth: [1 3 2 6 5 7 4]
Optimal (phi, b, log_like) = (0.000000, 0.000000, -1304.349688) 

Optimizing parameters for ground_truth: [1 3 2 6 7 4 5]
Optimal (phi, b, log_like) = (0.000000, 0.000000, -1304.349688) 

Optimizing parameters for ground_truth: [1 3 2 6 7 5 4]
Optimal (phi, b, log_like) = (0.000000, 0.000000, -1304.349688) 

Optimizing parameters for ground_truth: [1 3 2 7 4 5 6]
Optimal (phi, b, log_like) = (0.000000, 0.000000, -1304.349688) 

Optimizing parameters for ground_truth: [1 3 2 7 4 6 5]
Optimal (phi, b, log_like) = (0.000000, 0.000000, -1304.349688) 

Optimizing parameters for ground_truth: [1 3 2 7 5 4 6]
Optimal (phi, b, log_like) = (0.000000, 0.000000, -1304.349688) 

Optimizing parameters for ground_truth: [1 3 2 7 5 6 4]
Optimal (phi, b, log_like) = (0.000000, 0.000000, -1304.349688) 

Optimizing parameters for ground_truth: [1 3 2 7 6 4 5]
Optimal (phi, b, log_like) = (0.000000, 0.000000, -1304.349688) 

Optimizing parameters for ground_truth: [1 3 2 7 6 5 4]
Optimal (phi, b, log_like) = (0.000000, 0.000000, -1304.349688) 

Optimizing parameters for ground_truth: [1 3 4 2 5 6 7]
Optimal (phi, b, log_like) = (0.000000, 0.000000, -1304.349688) 

Optimizing parameters for ground_truth: [1 3 4 2 5 7 6]
Optimal (phi, b, log_like) = (0.000000, 0.000000, -1304.349688) 

Optimizing parameters for ground_truth: [1 3 4 2 6 5 7]
Optimal (phi, b, log_like) = (0.000000, 0.000000, -1304.349688) 

Optimizing parameters for ground_truth: [1 3 4 2 6 7 5]
Optimal (phi, b, log_like) = (0.000000, 0.000000, -1304.349688) 

Optimizing parameters for ground_truth: [1 3 4 2 7 5 6]
Optimal (phi, b, log_like) = (0.000000, 0.000000, -1304.349688) 

Optimizing parameters for ground_truth: [1 3 4 2 7 6 5]
Optimal (phi, b, log_like) = (0.000000, 0.000000, -1304.349688) 

Optimizing parameters for ground_truth: [1 3 4 5 2 6 7]
Optimal (phi, b, log_like) = (0.000000, 0.000000, -1304.349688) 

Optimizing parameters for ground_truth: [1 3 4 5 2 7 6]
Optimal (phi, b, log_like) = (0.000000, 0.000000, -1304.349688) 

Optimizing parameters for ground_truth: [1 3 4 5 6 2 7]
Optimal (phi, b, log_like) = (0.000000, 0.000000, -1304.349688) 

Optimizing parameters for ground_truth: [1 3 4 5 6 7 2]
Optimal (phi, b, log_like) = (0.000000, 0.000000, -1304.349688) 

Optimizing parameters for ground_truth: [1 3 4 5 7 2 6]
Optimal (phi, b, log_like) = (0.000000, 0.000000, -1304.349688) 

Optimizing parameters for ground_truth: [1 3 4 5 7 6 2]
Optimal (phi, b, log_like) = (0.000000, 0.000000, -1304.349688) 

Optimizing parameters for ground_truth: [1 3 4 6 2 5 7]
Optimal (phi, b, log_like) = (0.000000, 0.000000, -1304.349688) 

Optimizing parameters for ground_truth: [1 3 4 6 2 7 5]
Optimal (phi, b, log_like) = (0.000000, 0.000000, -1304.349688) 

Optimizing parameters for ground_truth: [1 3 4 6 5 2 7]
Optimal (phi, b, log_like) = (0.000000, 0.000000, -1304.349688) 

Optimizing parameters for ground_truth: [1 3 4 6 5 7 2]
Optimal (phi, b, log_like) = (0.000000, 0.000000, -1304.349688) 

Optimizing parameters for ground_truth: [1 3 4 6 7 2 5]
Optimal (phi, b, log_like) = (0.000000, 0.000000, -1304.349688) 

Optimizing parameters for ground_truth: [1 3 4 6 7 5 2]
Optimal (phi, b, log_like) = (0.000000, 0.000000, -1304.349688) 

Optimizing parameters for ground_truth: [1 3 4 7 2 5 6]
Optimal (phi, b, log_like) = (0.000000, 0.000000, -1304.349688) 

Optimizing parameters for ground_truth: [1 3 4 7 2 6 5]
Optimal (phi, b, log_like) = (0.000000, 0.000000, -1304.349688) 

Optimizing parameters for ground_truth: [1 3 4 7 5 2 6]
Optimal (phi, b, log_like) = (0.000000, 0.000000, -1304.349688) 

Optimizing parameters for ground_truth: [1 3 4 7 5 6 2]
Optimal (phi, b, log_like) = (0.000000, 0.000000, -1304.349688) 

Optimizing parameters for ground_truth: [1 3 4 7 6 2 5]
Optimal (phi, b, log_like) = (0.000000, 0.000000, -1304.349688) 

Optimizing parameters for ground_truth: [1 3 4 7 6 5 2]
Optimal (phi, b, log_like) = (0.000000, 0.000000, -1304.349688) 

Optimizing parameters for ground_truth: [1 3 5 2 4 6 7]
Optimal (phi, b, log_like) = (0.000000, 0.000000, -1304.349688) 

Optimizing parameters for ground_truth: [1 3 5 2 4 7 6]
Optimal (phi, b, log_like) = (0.000000, 0.000000, -1304.349688) 

Optimizing parameters for ground_truth: [1 3 5 2 6 4 7]
Optimal (phi, b, log_like) = (0.000000, 0.000000, -1304.349688) 

Optimizing parameters for ground_truth: [1 3 5 2 6 7 4]
Optimal (phi, b, log_like) = (0.000000, 0.000000, -1304.349688) 

Optimizing parameters for ground_truth: [1 3 5 2 7 4 6]
Optimal (phi, b, log_like) = (0.000000, 0.000000, -1304.349688) 

Optimizing parameters for ground_truth: [1 3 5 2 7 6 4]
Optimal (phi, b, log_like) = (0.000000, 0.000000, -1304.349688) 

Optimizing parameters for ground_truth: [1 3 5 4 2 6 7]
Optimal (phi, b, log_like) = (0.000000, 0.000000, -1304.349688) 

Optimizing parameters for ground_truth: [1 3 5 4 2 7 6]
Optimal (phi, b, log_like) = (0.000000, 0.000000, -1304.349688) 

Optimizing parameters for ground_truth: [1 3 5 4 6 2 7]
Optimal (phi, b, log_like) = (0.000000, 0.000000, -1304.349688) 

Optimizing parameters for ground_truth: [1 3 5 4 6 7 2]
Optimal (phi, b, log_like) = (0.000000, 0.000000, -1304.349688) 

Optimizing parameters for ground_truth: [1 3 5 4 7 2 6]
Optimal (phi, b, log_like) = (0.000000, 0.000000, -1304.349688) 

Optimizing parameters for ground_truth: [1 3 5 4 7 6 2]
Optimal (phi, b, log_like) = (0.000000, 0.000000, -1304.349688) 

Optimizing parameters for ground_truth: [1 3 5 6 2 4 7]
Optimal (phi, b, log_like) = (0.000000, 0.000000, -1304.349688) 

Optimizing parameters for ground_truth: [1 3 5 6 2 7 4]
Optimal (phi, b, log_like) = (0.000000, 0.000000, -1304.349688) 

Optimizing parameters for ground_truth: [1 3 5 6 4 2 7]
Optimal (phi, b, log_like) = (0.000000, 0.000000, -1304.349688) 

Optimizing parameters for ground_truth: [1 3 5 6 4 7 2]
Optimal (phi, b, log_like) = (0.000000, 0.000000, -1304.349688) 

Optimizing parameters for ground_truth: [1 3 5 6 7 2 4]
Optimal (phi, b, log_like) = (0.000000, 0.000000, -1304.349688) 

Optimizing parameters for ground_truth: [1 3 5 6 7 4 2]
Optimal (phi, b, log_like) = (0.000000, 0.000000, -1304.349688) 

Optimizing parameters for ground_truth: [1 3 5 7 2 4 6]
Optimal (phi, b, log_like) = (0.000000, 0.000000, -1304.349688) 

Optimizing parameters for ground_truth: [1 3 5 7 2 6 4]
Optimal (phi, b, log_like) = (0.000000, 0.000000, -1304.349688) 

Optimizing parameters for ground_truth: [1 3 5 7 4 2 6]
Optimal (phi, b, log_like) = (0.000000, 0.000000, -1304.349688) 

Optimizing parameters for ground_truth: [1 3 5 7 4 6 2]
Optimal (phi, b, log_like) = (0.000000, 0.000000, -1304.349688) 

Optimizing parameters for ground_truth: [1 3 5 7 6 2 4]
Optimal (phi, b, log_like) = (0.000000, 0.000000, -1304.349688) 

Optimizing parameters for ground_truth: [1 3 5 7 6 4 2]
Optimal (phi, b, log_like) = (0.000000, 0.000000, -1304.349688) 

Optimizing parameters for ground_truth: [1 3 6 2 4 5 7]
Optimal (phi, b, log_like) = (0.000000, 0.000000, -1304.349688) 

Optimizing parameters for ground_truth: [1 3 6 2 4 7 5]
Optimal (phi, b, log_like) = (0.000000, 0.000000, -1304.349688) 

Optimizing parameters for ground_truth: [1 3 6 2 5 4 7]
Optimal (phi, b, log_like) = (0.000000, 0.000000, -1304.349688) 

Optimizing parameters for ground_truth: [1 3 6 2 5 7 4]
Optimal (phi, b, log_like) = (0.000000, 0.000000, -1304.349688) 

Optimizing parameters for ground_truth: [1 3 6 2 7 4 5]
Optimal (phi, b, log_like) = (0.000000, 0.000000, -1304.349688) 

Optimizing parameters for ground_truth: [1 3 6 2 7 5 4]
Optimal (phi, b, log_like) = (0.000000, 0.000000, -1304.349688) 

Optimizing parameters for ground_truth: [1 3 6 4 2 5 7]
Optimal (phi, b, log_like) = (0.000000, 0.000000, -1304.349688) 

Optimizing parameters for ground_truth: [1 3 6 4 2 7 5]
Optimal (phi, b, log_like) = (0.000000, 0.000000, -1304.349688) 

Optimizing parameters for ground_truth: [1 3 6 4 5 2 7]
Optimal (phi, b, log_like) = (0.000000, 0.000000, -1304.349688) 

Optimizing parameters for ground_truth: [1 3 6 4 5 7 2]
Optimal (phi, b, log_like) = (0.000000, 0.000000, -1304.349688) 

Optimizing parameters for ground_truth: [1 3 6 4 7 2 5]
Optimal (phi, b, log_like) = (0.000000, 0.000000, -1304.349688) 

Optimizing parameters for ground_truth: [1 3 6 4 7 5 2]
Optimal (phi, b, log_like) = (0.000000, 0.000000, -1304.349688) 

Optimizing parameters for ground_truth: [1 3 6 5 2 4 7]
Optimal (phi, b, log_like) = (0.000000, 0.000000, -1304.349688) 

Optimizing parameters for ground_truth: [1 3 6 5 2 7 4]
Optimal (phi, b, log_like) = (0.000000, 0.000000, -1304.349688) 

Optimizing parameters for ground_truth: [1 3 6 5 4 2 7]
Optimal (phi, b, log_like) = (0.000000, 0.000000, -1304.349688) 

Optimizing parameters for ground_truth: [1 3 6 5 4 7 2]
Optimal (phi, b, log_like) = (0.000000, 0.000000, -1304.349688) 

Optimizing parameters for ground_truth: [1 3 6 5 7 2 4]
Optimal (phi, b, log_like) = (0.000000, 0.000000, -1304.349688) 

Optimizing parameters for ground_truth: [1 3 6 5 7 4 2]
Optimal (phi, b, log_like) = (0.000000, 0.000000, -1304.349688) 

Optimizing parameters for ground_truth: [1 3 6 7 2 4 5]
Optimal (phi, b, log_like) = (0.000000, 0.000000, -1304.349688) 

Optimizing parameters for ground_truth: [1 3 6 7 2 5 4]
Optimal (phi, b, log_like) = (0.000000, 0.000000, -1304.349688) 

Optimizing parameters for ground_truth: [1 3 6 7 4 2 5]
Optimal (phi, b, log_like) = (0.000000, 0.000000, -1304.349688) 

Optimizing parameters for ground_truth: [1 3 6 7 4 5 2]
Optimal (phi, b, log_like) = (0.000000, 0.000000, -1304.349688) 

Optimizing parameters for ground_truth: [1 3 6 7 5 2 4]
Optimal (phi, b, log_like) = (0.000000, 0.000000, -1304.349688) 

Optimizing parameters for ground_truth: [1 3 6 7 5 4 2]
Optimal (phi, b, log_like) = (0.000000, 0.000000, -1304.349688) 

Optimizing parameters for ground_truth: [1 3 7 2 4 5 6]
Optimal (phi, b, log_like) = (0.222222, 0.177778, -1303.489896) 

Optimizing parameters for ground_truth: [1 3 7 2 4 6 5]
Optimal (phi, b, log_like) = (0.222222, 0.155556, -1303.134327) 

Optimizing parameters for ground_truth: [1 3 7 2 5 4 6]
Optimal (phi, b, log_like) = (0.222222, 0.133333, -1300.079497) 

Optimizing parameters for ground_truth: [1 3 7 2 5 6 4]
Optimal (phi, b, log_like) = (0.222222, 0.022222, -1288.978920) 

Optimizing parameters for ground_truth: [1 3 7 2 6 4 5]
Optimal (phi, b, log_like) = (0.222222, 0.066667, -1295.003826) 

Optimizing parameters for ground_truth: [1 3 7 2 6 5 4]
Optimal (phi, b, log_like) = (0.222222, 0.000000, -1287.077674) 

Optimizing parameters for ground_truth: [1 3 7 4 2 5 6]
Optimal (phi, b, log_like) = (0.000000, 0.000000, -1304.349688) 

Optimizing parameters for ground_truth: [1 3 7 4 2 6 5]
Optimal (phi, b, log_like) = (0.000000, 0.000000, -1304.349688) 

Optimizing parameters for ground_truth: [1 3 7 4 5 2 6]
Optimal (phi, b, log_like) = (0.000000, 0.000000, -1304.349688) 

Optimizing parameters for ground_truth: [1 3 7 4 5 6 2]
Optimal (phi, b, log_like) = (0.000000, 0.000000, -1304.349688) 

Optimizing parameters for ground_truth: [1 3 7 4 6 2 5]
Optimal (phi, b, log_like) = (0.000000, 0.000000, -1304.349688) 

Optimizing parameters for ground_truth: [1 3 7 4 6 5 2]
Optimal (phi, b, log_like) = (0.000000, 0.000000, -1304.349688) 

Optimizing parameters for ground_truth: [1 3 7 5 2 4 6]
Optimal (phi, b, log_like) = (0.000000, 0.000000, -1304.349688) 

Optimizing parameters for ground_truth: [1 3 7 5 2 6 4]
Optimal (phi, b, log_like) = (0.222222, 0.044444, -1297.969080) 

Optimizing parameters for ground_truth: [1 3 7 5 4 2 6]
Optimal (phi, b, log_like) = (0.000000, 0.000000, -1304.349688) 

Optimizing parameters for ground_truth: [1 3 7 5 4 6 2]
Optimal (phi, b, log_like) = (0.000000, 0.000000, -1304.349688) 

Optimizing parameters for ground_truth: [1 3 7 5 6 2 4]
Optimal (phi, b, log_like) = (0.222222, 0.088889, -1303.819021) 

Optimizing parameters for ground_truth: [1 3 7 5 6 4 2]
Optimal (phi, b, log_like) = (0.000000, 0.000000, -1304.349688) 

Optimizing parameters for ground_truth: [1 3 7 6 2 4 5]
Optimal (phi, b, log_like) = (0.222222, 0.088889, -1301.986922) 

Optimizing parameters for ground_truth: [1 3 7 6 2 5 4]
Optimal (phi, b, log_like) = (0.222222, 0.022222, -1295.062871) 

Optimizing parameters for ground_truth: [1 3 7 6 4 2 5]
Optimal (phi, b, log_like) = (0.000000, 0.000000, -1304.349688) 

Optimizing parameters for ground_truth: [1 3 7 6 4 5 2]
Optimal (phi, b, log_like) = (0.000000, 0.000000, -1304.349688) 

Optimizing parameters for ground_truth: [1 3 7 6 5 2 4]
Optimal (phi, b, log_like) = (0.222222, 0.066667, -1303.166789) 

Optimizing parameters for ground_truth: [1 3 7 6 5 4 2]
Optimal (phi, b, log_like) = (0.000000, 0.000000, -1304.349688) 

Optimizing parameters for ground_truth: [1 4 2 3 5 6 7]
Optimal (phi, b, log_like) = (0.000000, 0.000000, -1304.349688) 

Optimizing parameters for ground_truth: [1 4 2 3 5 7 6]
Optimal (phi, b, log_like) = (0.000000, 0.000000, -1304.349688) 

Optimizing parameters for ground_truth: [1 4 2 3 6 5 7]
Optimal (phi, b, log_like) = (0.000000, 0.000000, -1304.349688) 

Optimizing parameters for ground_truth: [1 4 2 3 6 7 5]
Optimal (phi, b, log_like) = (0.000000, 0.000000, -1304.349688) 

Optimizing parameters for ground_truth: [1 4 2 3 7 5 6]
Optimal (phi, b, log_like) = (0.000000, 0.000000, -1304.349688) 

Optimizing parameters for ground_truth: [1 4 2 3 7 6 5]
Optimal (phi, b, log_like) = (0.000000, 0.000000, -1304.349688) 

Optimizing parameters for ground_truth: [1 4 2 5 3 6 7]
Optimal (phi, b, log_like) = (0.000000, 0.000000, -1304.349688) 

Optimizing parameters for ground_truth: [1 4 2 5 3 7 6]
Optimal (phi, b, log_like) = (0.000000, 0.000000, -1304.349688) 

Optimizing parameters for ground_truth: [1 4 2 5 6 3 7]
Optimal (phi, b, log_like) = (0.000000, 0.000000, -1304.349688) 

Optimizing parameters for ground_truth: [1 4 2 5 6 7 3]
Optimal (phi, b, log_like) = (0.000000, 0.000000, -1304.349688) 

Optimizing parameters for ground_truth: [1 4 2 5 7 3 6]
Optimal (phi, b, log_like) = (0.000000, 0.000000, -1304.349688) 

Optimizing parameters for ground_truth: [1 4 2 5 7 6 3]
Optimal (phi, b, log_like) = (0.000000, 0.000000, -1304.349688) 

Optimizing parameters for ground_truth: [1 4 2 6 3 5 7]
Optimal (phi, b, log_like) = (0.000000, 0.000000, -1304.349688) 

Optimizing parameters for ground_truth: [1 4 2 6 3 7 5]
Optimal (phi, b, log_like) = (0.000000, 0.000000, -1304.349688) 

Optimizing parameters for ground_truth: [1 4 2 6 5 3 7]
Optimal (phi, b, log_like) = (0.000000, 0.000000, -1304.349688) 

Optimizing parameters for ground_truth: [1 4 2 6 5 7 3]
Optimal (phi, b, log_like) = (0.000000, 0.000000, -1304.349688) 

Optimizing parameters for ground_truth: [1 4 2 6 7 3 5]
Optimal (phi, b, log_like) = (0.000000, 0.000000, -1304.349688) 

Optimizing parameters for ground_truth: [1 4 2 6 7 5 3]
Optimal (phi, b, log_like) = (0.000000, 0.000000, -1304.349688) 

Optimizing parameters for ground_truth: [1 4 2 7 3 5 6]
Optimal (phi, b, log_like) = (0.000000, 0.000000, -1304.349688) 

Optimizing parameters for ground_truth: [1 4 2 7 3 6 5]
Optimal (phi, b, log_like) = (0.000000, 0.000000, -1304.349688) 

Optimizing parameters for ground_truth: [1 4 2 7 5 3 6]
Optimal (phi, b, log_like) = (0.000000, 0.000000, -1304.349688) 

Optimizing parameters for ground_truth: [1 4 2 7 5 6 3]
Optimal (phi, b, log_like) = (0.000000, 0.000000, -1304.349688) 

Optimizing parameters for ground_truth: [1 4 2 7 6 3 5]
Optimal (phi, b, log_like) = (0.000000, 0.000000, -1304.349688) 

Optimizing parameters for ground_truth: [1 4 2 7 6 5 3]
Optimal (phi, b, log_like) = (0.000000, 0.000000, -1304.349688) 

Optimizing parameters for ground_truth: [1 4 3 2 5 6 7]
Optimal (phi, b, log_like) = (0.000000, 0.000000, -1304.349688) 

Optimizing parameters for ground_truth: [1 4 3 2 5 7 6]
Optimal (phi, b, log_like) = (0.000000, 0.000000, -1304.349688) 

Optimizing parameters for ground_truth: [1 4 3 2 6 5 7]
Optimal (phi, b, log_like) = (0.000000, 0.000000, -1304.349688) 

Optimizing parameters for ground_truth: [1 4 3 2 6 7 5]
Optimal (phi, b, log_like) = (0.000000, 0.000000, -1304.349688) 

Optimizing parameters for ground_truth: [1 4 3 2 7 5 6]
Optimal (phi, b, log_like) = (0.000000, 0.000000, -1304.349688) 

Optimizing parameters for ground_truth: [1 4 3 2 7 6 5]
Optimal (phi, b, log_like) = (0.000000, 0.000000, -1304.349688) 

Optimizing parameters for ground_truth: [1 4 3 5 2 6 7]
Optimal (phi, b, log_like) = (0.000000, 0.000000, -1304.349688) 

Optimizing parameters for ground_truth: [1 4 3 5 2 7 6]
Optimal (phi, b, log_like) = (0.000000, 0.000000, -1304.349688) 

Optimizing parameters for ground_truth: [1 4 3 5 6 2 7]
Optimal (phi, b, log_like) = (0.000000, 0.000000, -1304.349688) 

Optimizing parameters for ground_truth: [1 4 3 5 6 7 2]
Optimal (phi, b, log_like) = (0.000000, 0.000000, -1304.349688) 

Optimizing parameters for ground_truth: [1 4 3 5 7 2 6]
Optimal (phi, b, log_like) = (0.000000, 0.000000, -1304.349688) 

Optimizing parameters for ground_truth: [1 4 3 5 7 6 2]
Optimal (phi, b, log_like) = (0.000000, 0.000000, -1304.349688) 

Optimizing parameters for ground_truth: [1 4 3 6 2 5 7]
Optimal (phi, b, log_like) = (0.000000, 0.000000, -1304.349688) 

Optimizing parameters for ground_truth: [1 4 3 6 2 7 5]
Optimal (phi, b, log_like) = (0.000000, 0.000000, -1304.349688) 

Optimizing parameters for ground_truth: [1 4 3 6 5 2 7]
Optimal (phi, b, log_like) = (0.000000, 0.000000, -1304.349688) 

Optimizing parameters for ground_truth: [1 4 3 6 5 7 2]
Optimal (phi, b, log_like) = (0.000000, 0.000000, -1304.349688) 

Optimizing parameters for ground_truth: [1 4 3 6 7 2 5]
Optimal (phi, b, log_like) = (0.000000, 0.000000, -1304.349688) 

Optimizing parameters for ground_truth: [1 4 3 6 7 5 2]
Optimal (phi, b, log_like) = (0.000000, 0.000000, -1304.349688) 

Optimizing parameters for ground_truth: [1 4 3 7 2 5 6]
Optimal (phi, b, log_like) = (0.000000, 0.000000, -1304.349688) 

Optimizing parameters for ground_truth: [1 4 3 7 2 6 5]
Optimal (phi, b, log_like) = (0.000000, 0.000000, -1304.349688) 

Optimizing parameters for ground_truth: [1 4 3 7 5 2 6]
Optimal (phi, b, log_like) = (0.000000, 0.000000, -1304.349688) 

Optimizing parameters for ground_truth: [1 4 3 7 5 6 2]
Optimal (phi, b, log_like) = (0.000000, 0.000000, -1304.349688) 

Optimizing parameters for ground_truth: [1 4 3 7 6 2 5]
Optimal (phi, b, log_like) = (0.000000, 0.000000, -1304.349688) 

Optimizing parameters for ground_truth: [1 4 3 7 6 5 2]
Optimal (phi, b, log_like) = (0.000000, 0.000000, -1304.349688) 

Optimizing parameters for ground_truth: [1 4 5 2 3 6 7]
Optimal (phi, b, log_like) = (0.000000, 0.000000, -1304.349688) 

Optimizing parameters for ground_truth: [1 4 5 2 3 7 6]
Optimal (phi, b, log_like) = (0.000000, 0.000000, -1304.349688) 

Optimizing parameters for ground_truth: [1 4 5 2 6 3 7]
Optimal (phi, b, log_like) = (0.000000, 0.000000, -1304.349688) 

Optimizing parameters for ground_truth: [1 4 5 2 6 7 3]
Optimal (phi, b, log_like) = (0.000000, 0.000000, -1304.349688) 

Optimizing parameters for ground_truth: [1 4 5 2 7 3 6]
Optimal (phi, b, log_like) = (0.000000, 0.000000, -1304.349688) 

Optimizing parameters for ground_truth: [1 4 5 2 7 6 3]
Optimal (phi, b, log_like) = (0.000000, 0.000000, -1304.349688) 

Optimizing parameters for ground_truth: [1 4 5 3 2 6 7]
Optimal (phi, b, log_like) = (0.000000, 0.000000, -1304.349688) 

Optimizing parameters for ground_truth: [1 4 5 3 2 7 6]
Optimal (phi, b, log_like) = (0.000000, 0.000000, -1304.349688) 

Optimizing parameters for ground_truth: [1 4 5 3 6 2 7]
Optimal (phi, b, log_like) = (0.000000, 0.000000, -1304.349688) 

Optimizing parameters for ground_truth: [1 4 5 3 6 7 2]
Optimal (phi, b, log_like) = (0.000000, 0.000000, -1304.349688) 

Optimizing parameters for ground_truth: [1 4 5 3 7 2 6]
Optimal (phi, b, log_like) = (0.000000, 0.000000, -1304.349688) 

Optimizing parameters for ground_truth: [1 4 5 3 7 6 2]
Optimal (phi, b, log_like) = (0.000000, 0.000000, -1304.349688) 

Optimizing parameters for ground_truth: [1 4 5 6 2 3 7]
Optimal (phi, b, log_like) = (0.000000, 0.000000, -1304.349688) 

Optimizing parameters for ground_truth: [1 4 5 6 2 7 3]
Optimal (phi, b, log_like) = (0.000000, 0.000000, -1304.349688) 

Optimizing parameters for ground_truth: [1 4 5 6 3 2 7]
Optimal (phi, b, log_like) = (0.000000, 0.000000, -1304.349688) 

Optimizing parameters for ground_truth: [1 4 5 6 3 7 2]
Optimal (phi, b, log_like) = (0.000000, 0.000000, -1304.349688) 

Optimizing parameters for ground_truth: [1 4 5 6 7 2 3]
Optimal (phi, b, log_like) = (0.000000, 0.000000, -1304.349688) 

Optimizing parameters for ground_truth: [1 4 5 6 7 3 2]
Optimal (phi, b, log_like) = (0.000000, 0.000000, -1304.349688) 

Optimizing parameters for ground_truth: [1 4 5 7 2 3 6]
Optimal (phi, b, log_like) = (0.000000, 0.000000, -1304.349688) 

Optimizing parameters for ground_truth: [1 4 5 7 2 6 3]
Optimal (phi, b, log_like) = (0.000000, 0.000000, -1304.349688) 

Optimizing parameters for ground_truth: [1 4 5 7 3 2 6]
Optimal (phi, b, log_like) = (0.000000, 0.000000, -1304.349688) 

Optimizing parameters for ground_truth: [1 4 5 7 3 6 2]
Optimal (phi, b, log_like) = (0.000000, 0.000000, -1304.349688) 

Optimizing parameters for ground_truth: [1 4 5 7 6 2 3]
Optimal (phi, b, log_like) = (0.000000, 0.000000, -1304.349688) 

Optimizing parameters for ground_truth: [1 4 5 7 6 3 2]
Optimal (phi, b, log_like) = (0.000000, 0.000000, -1304.349688) 

Optimizing parameters for ground_truth: [1 4 6 2 3 5 7]
Optimal (phi, b, log_like) = (0.000000, 0.000000, -1304.349688) 

Optimizing parameters for ground_truth: [1 4 6 2 3 7 5]
Optimal (phi, b, log_like) = (0.000000, 0.000000, -1304.349688) 

Optimizing parameters for ground_truth: [1 4 6 2 5 3 7]
Optimal (phi, b, log_like) = (0.000000, 0.000000, -1304.349688) 

Optimizing parameters for ground_truth: [1 4 6 2 5 7 3]
Optimal (phi, b, log_like) = (0.000000, 0.000000, -1304.349688) 

Optimizing parameters for ground_truth: [1 4 6 2 7 3 5]
Optimal (phi, b, log_like) = (0.000000, 0.000000, -1304.349688) 

Optimizing parameters for ground_truth: [1 4 6 2 7 5 3]
Optimal (phi, b, log_like) = (0.000000, 0.000000, -1304.349688) 

Optimizing parameters for ground_truth: [1 4 6 3 2 5 7]
Optimal (phi, b, log_like) = (0.000000, 0.000000, -1304.349688) 

Optimizing parameters for ground_truth: [1 4 6 3 2 7 5]
Optimal (phi, b, log_like) = (0.000000, 0.000000, -1304.349688) 

Optimizing parameters for ground_truth: [1 4 6 3 5 2 7]
Optimal (phi, b, log_like) = (0.000000, 0.000000, -1304.349688) 

Optimizing parameters for ground_truth: [1 4 6 3 5 7 2]
Optimal (phi, b, log_like) = (0.000000, 0.000000, -1304.349688) 

Optimizing parameters for ground_truth: [1 4 6 3 7 2 5]
Optimal (phi, b, log_like) = (0.000000, 0.000000, -1304.349688) 

Optimizing parameters for ground_truth: [1 4 6 3 7 5 2]
Optimal (phi, b, log_like) = (0.000000, 0.000000, -1304.349688) 

Optimizing parameters for ground_truth: [1 4 6 5 2 3 7]
Optimal (phi, b, log_like) = (0.000000, 0.000000, -1304.349688) 

Optimizing parameters for ground_truth: [1 4 6 5 2 7 3]
Optimal (phi, b, log_like) = (0.000000, 0.000000, -1304.349688) 

Optimizing parameters for ground_truth: [1 4 6 5 3 2 7]
Optimal (phi, b, log_like) = (0.000000, 0.000000, -1304.349688) 

Optimizing parameters for ground_truth: [1 4 6 5 3 7 2]
Optimal (phi, b, log_like) = (0.000000, 0.000000, -1304.349688) 

Optimizing parameters for ground_truth: [1 4 6 5 7 2 3]
Optimal (phi, b, log_like) = (0.000000, 0.000000, -1304.349688) 

Optimizing parameters for ground_truth: [1 4 6 5 7 3 2]
Optimal (phi, b, log_like) = (0.000000, 0.000000, -1304.349688) 

Optimizing parameters for ground_truth: [1 4 6 7 2 3 5]
Optimal (phi, b, log_like) = (0.000000, 0.000000, -1304.349688) 

Optimizing parameters for ground_truth: [1 4 6 7 2 5 3]
Optimal (phi, b, log_like) = (0.000000, 0.000000, -1304.349688) 

Optimizing parameters for ground_truth: [1 4 6 7 3 2 5]
Optimal (phi, b, log_like) = (0.000000, 0.000000, -1304.349688) 

Optimizing parameters for ground_truth: [1 4 6 7 3 5 2]
Optimal (phi, b, log_like) = (0.000000, 0.000000, -1304.349688) 

Optimizing parameters for ground_truth: [1 4 6 7 5 2 3]
Optimal (phi, b, log_like) = (0.000000, 0.000000, -1304.349688) 

Optimizing parameters for ground_truth: [1 4 6 7 5 3 2]
Optimal (phi, b, log_like) = (0.000000, 0.000000, -1304.349688) 

Optimizing parameters for ground_truth: [1 4 7 2 3 5 6]
Optimal (phi, b, log_like) = (0.000000, 0.000000, -1304.349688) 

Optimizing parameters for ground_truth: [1 4 7 2 3 6 5]
Optimal (phi, b, log_like) = (0.000000, 0.000000, -1304.349688) 

Optimizing parameters for ground_truth: [1 4 7 2 5 3 6]
Optimal (phi, b, log_like) = (0.000000, 0.000000, -1304.349688) 

Optimizing parameters for ground_truth: [1 4 7 2 5 6 3]
Optimal (phi, b, log_like) = (0.000000, 0.000000, -1304.349688) 

Optimizing parameters for ground_truth: [1 4 7 2 6 3 5]
Optimal (phi, b, log_like) = (0.000000, 0.000000, -1304.349688) 

Optimizing parameters for ground_truth: [1 4 7 2 6 5 3]
Optimal (phi, b, log_like) = (0.000000, 0.000000, -1304.349688) 

Optimizing parameters for ground_truth: [1 4 7 3 2 5 6]
Optimal (phi, b, log_like) = (0.000000, 0.000000, -1304.349688) 

Optimizing parameters for ground_truth: [1 4 7 3 2 6 5]
Optimal (phi, b, log_like) = (0.000000, 0.000000, -1304.349688) 

Optimizing parameters for ground_truth: [1 4 7 3 5 2 6]
Optimal (phi, b, log_like) = (0.000000, 0.000000, -1304.349688) 

Optimizing parameters for ground_truth: [1 4 7 3 5 6 2]
Optimal (phi, b, log_like) = (0.000000, 0.000000, -1304.349688) 

Optimizing parameters for ground_truth: [1 4 7 3 6 2 5]
Optimal (phi, b, log_like) = (0.000000, 0.000000, -1304.349688) 

Optimizing parameters for ground_truth: [1 4 7 3 6 5 2]
Optimal (phi, b, log_like) = (0.000000, 0.000000, -1304.349688) 

Optimizing parameters for ground_truth: [1 4 7 5 2 3 6]
Optimal (phi, b, log_like) = (0.000000, 0.000000, -1304.349688) 

Optimizing parameters for ground_truth: [1 4 7 5 2 6 3]
Optimal (phi, b, log_like) = (0.000000, 0.000000, -1304.349688) 

Optimizing parameters for ground_truth: [1 4 7 5 3 2 6]
Optimal (phi, b, log_like) = (0.000000, 0.000000, -1304.349688) 

Optimizing parameters for ground_truth: [1 4 7 5 3 6 2]
Optimal (phi, b, log_like) = (0.000000, 0.000000, -1304.349688) 

Optimizing parameters for ground_truth: [1 4 7 5 6 2 3]
Optimal (phi, b, log_like) = (0.000000, 0.000000, -1304.349688) 

Optimizing parameters for ground_truth: [1 4 7 5 6 3 2]
Optimal (phi, b, log_like) = (0.000000, 0.000000, -1304.349688) 

Optimizing parameters for ground_truth: [1 4 7 6 2 3 5]
Optimal (phi, b, log_like) = (0.000000, 0.000000, -1304.349688) 

Optimizing parameters for ground_truth: [1 4 7 6 2 5 3]
Optimal (phi, b, log_like) = (0.000000, 0.000000, -1304.349688) 

Optimizing parameters for ground_truth: [1 4 7 6 3 2 5]
Optimal (phi, b, log_like) = (0.000000, 0.000000, -1304.349688) 

Optimizing parameters for ground_truth: [1 4 7 6 3 5 2]
Optimal (phi, b, log_like) = (0.000000, 0.000000, -1304.349688) 

Optimizing parameters for ground_truth: [1 4 7 6 5 2 3]
Optimal (phi, b, log_like) = (0.000000, 0.000000, -1304.349688) 

Optimizing parameters for ground_truth: [1 4 7 6 5 3 2]
Optimal (phi, b, log_like) = (0.000000, 0.000000, -1304.349688) 

Optimizing parameters for ground_truth: [1 5 2 3 4 6 7]
Optimal (phi, b, log_like) = (0.000000, 0.000000, -1304.349688) 

Optimizing parameters for ground_truth: [1 5 2 3 4 7 6]
Optimal (phi, b, log_like) = (0.000000, 0.000000, -1304.349688) 

Optimizing parameters for ground_truth: [1 5 2 3 6 4 7]
Optimal (phi, b, log_like) = (0.000000, 0.000000, -1304.349688) 

Optimizing parameters for ground_truth: [1 5 2 3 6 7 4]
Optimal (phi, b, log_like) = (0.000000, 0.000000, -1304.349688) 

Optimizing parameters for ground_truth: [1 5 2 3 7 4 6]
Optimal (phi, b, log_like) = (0.000000, 0.000000, -1304.349688) 

Optimizing parameters for ground_truth: [1 5 2 3 7 6 4]
Optimal (phi, b, log_like) = (0.000000, 0.000000, -1304.349688) 

Optimizing parameters for ground_truth: [1 5 2 4 3 6 7]
Optimal (phi, b, log_like) = (0.000000, 0.000000, -1304.349688) 

Optimizing parameters for ground_truth: [1 5 2 4 3 7 6]
Optimal (phi, b, log_like) = (0.000000, 0.000000, -1304.349688) 

Optimizing parameters for ground_truth: [1 5 2 4 6 3 7]
Optimal (phi, b, log_like) = (0.000000, 0.000000, -1304.349688) 

Optimizing parameters for ground_truth: [1 5 2 4 6 7 3]
Optimal (phi, b, log_like) = (0.000000, 0.000000, -1304.349688) 

Optimizing parameters for ground_truth: [1 5 2 4 7 3 6]
Optimal (phi, b, log_like) = (0.000000, 0.000000, -1304.349688) 

Optimizing parameters for ground_truth: [1 5 2 4 7 6 3]
Optimal (phi, b, log_like) = (0.000000, 0.000000, -1304.349688) 

Optimizing parameters for ground_truth: [1 5 2 6 3 4 7]
Optimal (phi, b, log_like) = (0.000000, 0.000000, -1304.349688) 

Optimizing parameters for ground_truth: [1 5 2 6 3 7 4]
Optimal (phi, b, log_like) = (0.000000, 0.000000, -1304.349688) 

Optimizing parameters for ground_truth: [1 5 2 6 4 3 7]
Optimal (phi, b, log_like) = (0.000000, 0.000000, -1304.349688) 

Optimizing parameters for ground_truth: [1 5 2 6 4 7 3]
Optimal (phi, b, log_like) = (0.000000, 0.000000, -1304.349688) 

Optimizing parameters for ground_truth: [1 5 2 6 7 3 4]
Optimal (phi, b, log_like) = (0.000000, 0.000000, -1304.349688) 

Optimizing parameters for ground_truth: [1 5 2 6 7 4 3]
Optimal (phi, b, log_like) = (0.000000, 0.000000, -1304.349688) 

Optimizing parameters for ground_truth: [1 5 2 7 3 4 6]
Optimal (phi, b, log_like) = (0.000000, 0.000000, -1304.349688) 

Optimizing parameters for ground_truth: [1 5 2 7 3 6 4]
Optimal (phi, b, log_like) = (0.000000, 0.000000, -1304.349688) 

Optimizing parameters for ground_truth: [1 5 2 7 4 3 6]
Optimal (phi, b, log_like) = (0.000000, 0.000000, -1304.349688) 

Optimizing parameters for ground_truth: [1 5 2 7 4 6 3]
Optimal (phi, b, log_like) = (0.000000, 0.000000, -1304.349688) 

Optimizing parameters for ground_truth: [1 5 2 7 6 3 4]
Optimal (phi, b, log_like) = (0.000000, 0.000000, -1304.349688) 

Optimizing parameters for ground_truth: [1 5 2 7 6 4 3]
Optimal (phi, b, log_like) = (0.000000, 0.000000, -1304.349688) 

Optimizing parameters for ground_truth: [1 5 3 2 4 6 7]
Optimal (phi, b, log_like) = (0.000000, 0.000000, -1304.349688) 

Optimizing parameters for ground_truth: [1 5 3 2 4 7 6]
Optimal (phi, b, log_like) = (0.000000, 0.000000, -1304.349688) 

Optimizing parameters for ground_truth: [1 5 3 2 6 4 7]
Optimal (phi, b, log_like) = (0.000000, 0.000000, -1304.349688) 

Optimizing parameters for ground_truth: [1 5 3 2 6 7 4]
Optimal (phi, b, log_like) = (0.000000, 0.000000, -1304.349688) 

Optimizing parameters for ground_truth: [1 5 3 2 7 4 6]
Optimal (phi, b, log_like) = (0.000000, 0.000000, -1304.349688) 

Optimizing parameters for ground_truth: [1 5 3 2 7 6 4]
Optimal (phi, b, log_like) = (0.000000, 0.000000, -1304.349688) 

Optimizing parameters for ground_truth: [1 5 3 4 2 6 7]
Optimal (phi, b, log_like) = (0.000000, 0.000000, -1304.349688) 

Optimizing parameters for ground_truth: [1 5 3 4 2 7 6]
Optimal (phi, b, log_like) = (0.000000, 0.000000, -1304.349688) 

Optimizing parameters for ground_truth: [1 5 3 4 6 2 7]
Optimal (phi, b, log_like) = (0.000000, 0.000000, -1304.349688) 

Optimizing parameters for ground_truth: [1 5 3 4 6 7 2]
Optimal (phi, b, log_like) = (0.000000, 0.000000, -1304.349688) 

Optimizing parameters for ground_truth: [1 5 3 4 7 2 6]
Optimal (phi, b, log_like) = (0.000000, 0.000000, -1304.349688) 

Optimizing parameters for ground_truth: [1 5 3 4 7 6 2]
Optimal (phi, b, log_like) = (0.000000, 0.000000, -1304.349688) 

Optimizing parameters for ground_truth: [1 5 3 6 2 4 7]
Optimal (phi, b, log_like) = (0.000000, 0.000000, -1304.349688) 

Optimizing parameters for ground_truth: [1 5 3 6 2 7 4]
Optimal (phi, b, log_like) = (0.000000, 0.000000, -1304.349688) 

Optimizing parameters for ground_truth: [1 5 3 6 4 2 7]
Optimal (phi, b, log_like) = (0.000000, 0.000000, -1304.349688) 

Optimizing parameters for ground_truth: [1 5 3 6 4 7 2]
Optimal (phi, b, log_like) = (0.000000, 0.000000, -1304.349688) 

Optimizing parameters for ground_truth: [1 5 3 6 7 2 4]
Optimal (phi, b, log_like) = (0.000000, 0.000000, -1304.349688) 

Optimizing parameters for ground_truth: [1 5 3 6 7 4 2]
Optimal (phi, b, log_like) = (0.000000, 0.000000, -1304.349688) 

Optimizing parameters for ground_truth: [1 5 3 7 2 4 6]
Optimal (phi, b, log_like) = (0.000000, 0.000000, -1304.349688) 

Optimizing parameters for ground_truth: [1 5 3 7 2 6 4]
Optimal (phi, b, log_like) = (0.000000, 0.000000, -1304.349688) 

Optimizing parameters for ground_truth: [1 5 3 7 4 2 6]
Optimal (phi, b, log_like) = (0.000000, 0.000000, -1304.349688) 

Optimizing parameters for ground_truth: [1 5 3 7 4 6 2]
Optimal (phi, b, log_like) = (0.000000, 0.000000, -1304.349688) 

Optimizing parameters for ground_truth: [1 5 3 7 6 2 4]
Optimal (phi, b, log_like) = (0.000000, 0.000000, -1304.349688) 

Optimizing parameters for ground_truth: [1 5 3 7 6 4 2]
Optimal (phi, b, log_like) = (0.000000, 0.000000, -1304.349688) 

Optimizing parameters for ground_truth: [1 5 4 2 3 6 7]
Optimal (phi, b, log_like) = (0.000000, 0.000000, -1304.349688) 

Optimizing parameters for ground_truth: [1 5 4 2 3 7 6]
Optimal (phi, b, log_like) = (0.000000, 0.000000, -1304.349688) 

Optimizing parameters for ground_truth: [1 5 4 2 6 3 7]
Optimal (phi, b, log_like) = (0.000000, 0.000000, -1304.349688) 

Optimizing parameters for ground_truth: [1 5 4 2 6 7 3]
Optimal (phi, b, log_like) = (0.000000, 0.000000, -1304.349688) 

Optimizing parameters for ground_truth: [1 5 4 2 7 3 6]
Optimal (phi, b, log_like) = (0.000000, 0.000000, -1304.349688) 

Optimizing parameters for ground_truth: [1 5 4 2 7 6 3]
Optimal (phi, b, log_like) = (0.000000, 0.000000, -1304.349688) 

Optimizing parameters for ground_truth: [1 5 4 3 2 6 7]
Optimal (phi, b, log_like) = (0.000000, 0.000000, -1304.349688) 

Optimizing parameters for ground_truth: [1 5 4 3 2 7 6]
Optimal (phi, b, log_like) = (0.000000, 0.000000, -1304.349688) 

Optimizing parameters for ground_truth: [1 5 4 3 6 2 7]
Optimal (phi, b, log_like) = (0.000000, 0.000000, -1304.349688) 

Optimizing parameters for ground_truth: [1 5 4 3 6 7 2]
Optimal (phi, b, log_like) = (0.000000, 0.000000, -1304.349688) 

Optimizing parameters for ground_truth: [1 5 4 3 7 2 6]
Optimal (phi, b, log_like) = (0.000000, 0.000000, -1304.349688) 

Optimizing parameters for ground_truth: [1 5 4 3 7 6 2]
Optimal (phi, b, log_like) = (0.000000, 0.000000, -1304.349688) 

Optimizing parameters for ground_truth: [1 5 4 6 2 3 7]
Optimal (phi, b, log_like) = (0.000000, 0.000000, -1304.349688) 

Optimizing parameters for ground_truth: [1 5 4 6 2 7 3]
Optimal (phi, b, log_like) = (0.000000, 0.000000, -1304.349688) 

Optimizing parameters for ground_truth: [1 5 4 6 3 2 7]
Optimal (phi, b, log_like) = (0.000000, 0.000000, -1304.349688) 

Optimizing parameters for ground_truth: [1 5 4 6 3 7 2]
Optimal (phi, b, log_like) = (0.000000, 0.000000, -1304.349688) 

Optimizing parameters for ground_truth: [1 5 4 6 7 2 3]
Optimal (phi, b, log_like) = (0.000000, 0.000000, -1304.349688) 

Optimizing parameters for ground_truth: [1 5 4 6 7 3 2]
Optimal (phi, b, log_like) = (0.000000, 0.000000, -1304.349688) 

Optimizing parameters for ground_truth: [1 5 4 7 2 3 6]
Optimal (phi, b, log_like) = (0.000000, 0.000000, -1304.349688) 

Optimizing parameters for ground_truth: [1 5 4 7 2 6 3]
Optimal (phi, b, log_like) = (0.000000, 0.000000, -1304.349688) 

Optimizing parameters for ground_truth: [1 5 4 7 3 2 6]
Optimal (phi, b, log_like) = (0.000000, 0.000000, -1304.349688) 

Optimizing parameters for ground_truth: [1 5 4 7 3 6 2]
Optimal (phi, b, log_like) = (0.000000, 0.000000, -1304.349688) 

Optimizing parameters for ground_truth: [1 5 4 7 6 2 3]
Optimal (phi, b, log_like) = (0.000000, 0.000000, -1304.349688) 

Optimizing parameters for ground_truth: [1 5 4 7 6 3 2]
Optimal (phi, b, log_like) = (0.000000, 0.000000, -1304.349688) 

Optimizing parameters for ground_truth: [1 5 6 2 3 4 7]
Optimal (phi, b, log_like) = (0.000000, 0.000000, -1304.349688) 

Optimizing parameters for ground_truth: [1 5 6 2 3 7 4]
Optimal (phi, b, log_like) = (0.000000, 0.000000, -1304.349688) 

Optimizing parameters for ground_truth: [1 5 6 2 4 3 7]
Optimal (phi, b, log_like) = (0.000000, 0.000000, -1304.349688) 

Optimizing parameters for ground_truth: [1 5 6 2 4 7 3]
Optimal (phi, b, log_like) = (0.000000, 0.000000, -1304.349688) 

Optimizing parameters for ground_truth: [1 5 6 2 7 3 4]
Optimal (phi, b, log_like) = (0.000000, 0.000000, -1304.349688) 

Optimizing parameters for ground_truth: [1 5 6 2 7 4 3]
Optimal (phi, b, log_like) = (0.000000, 0.000000, -1304.349688) 

Optimizing parameters for ground_truth: [1 5 6 3 2 4 7]
Optimal (phi, b, log_like) = (0.000000, 0.000000, -1304.349688) 

Optimizing parameters for ground_truth: [1 5 6 3 2 7 4]
Optimal (phi, b, log_like) = (0.000000, 0.000000, -1304.349688) 

Optimizing parameters for ground_truth: [1 5 6 3 4 2 7]
Optimal (phi, b, log_like) = (0.000000, 0.000000, -1304.349688) 

Optimizing parameters for ground_truth: [1 5 6 3 4 7 2]
Optimal (phi, b, log_like) = (0.000000, 0.000000, -1304.349688) 

Optimizing parameters for ground_truth: [1 5 6 3 7 2 4]
Optimal (phi, b, log_like) = (0.000000, 0.000000, -1304.349688) 

Optimizing parameters for ground_truth: [1 5 6 3 7 4 2]
Optimal (phi, b, log_like) = (0.000000, 0.000000, -1304.349688) 

Optimizing parameters for ground_truth: [1 5 6 4 2 3 7]
Optimal (phi, b, log_like) = (0.000000, 0.000000, -1304.349688) 

Optimizing parameters for ground_truth: [1 5 6 4 2 7 3]
Optimal (phi, b, log_like) = (0.000000, 0.000000, -1304.349688) 

Optimizing parameters for ground_truth: [1 5 6 4 3 2 7]
Optimal (phi, b, log_like) = (0.000000, 0.000000, -1304.349688) 

Optimizing parameters for ground_truth: [1 5 6 4 3 7 2]
Optimal (phi, b, log_like) = (0.000000, 0.000000, -1304.349688) 

Optimizing parameters for ground_truth: [1 5 6 4 7 2 3]
Optimal (phi, b, log_like) = (0.000000, 0.000000, -1304.349688) 

Optimizing parameters for ground_truth: [1 5 6 4 7 3 2]
Optimal (phi, b, log_like) = (0.000000, 0.000000, -1304.349688) 

Optimizing parameters for ground_truth: [1 5 6 7 2 3 4]
Optimal (phi, b, log_like) = (0.000000, 0.000000, -1304.349688) 

Optimizing parameters for ground_truth: [1 5 6 7 2 4 3]
Optimal (phi, b, log_like) = (0.000000, 0.000000, -1304.349688) 

Optimizing parameters for ground_truth: [1 5 6 7 3 2 4]
Optimal (phi, b, log_like) = (0.000000, 0.000000, -1304.349688) 

Optimizing parameters for ground_truth: [1 5 6 7 3 4 2]
Optimal (phi, b, log_like) = (0.000000, 0.000000, -1304.349688) 

Optimizing parameters for ground_truth: [1 5 6 7 4 2 3]
Optimal (phi, b, log_like) = (0.000000, 0.000000, -1304.349688) 

Optimizing parameters for ground_truth: [1 5 6 7 4 3 2]
Optimal (phi, b, log_like) = (0.000000, 0.000000, -1304.349688) 

Optimizing parameters for ground_truth: [1 5 7 2 3 4 6]
Optimal (phi, b, log_like) = (0.000000, 0.000000, -1304.349688) 

Optimizing parameters for ground_truth: [1 5 7 2 3 6 4]
Optimal (phi, b, log_like) = (0.000000, 0.000000, -1304.349688) 

Optimizing parameters for ground_truth: [1 5 7 2 4 3 6]
Optimal (phi, b, log_like) = (0.000000, 0.000000, -1304.349688) 

Optimizing parameters for ground_truth: [1 5 7 2 4 6 3]
Optimal (phi, b, log_like) = (0.000000, 0.000000, -1304.349688) 

Optimizing parameters for ground_truth: [1 5 7 2 6 3 4]
Optimal (phi, b, log_like) = (0.000000, 0.000000, -1304.349688) 

Optimizing parameters for ground_truth: [1 5 7 2 6 4 3]
Optimal (phi, b, log_like) = (0.000000, 0.000000, -1304.349688) 

Optimizing parameters for ground_truth: [1 5 7 3 2 4 6]
Optimal (phi, b, log_like) = (0.000000, 0.000000, -1304.349688) 

Optimizing parameters for ground_truth: [1 5 7 3 2 6 4]
Optimal (phi, b, log_like) = (0.000000, 0.000000, -1304.349688) 

Optimizing parameters for ground_truth: [1 5 7 3 4 2 6]
Optimal (phi, b, log_like) = (0.000000, 0.000000, -1304.349688) 

Optimizing parameters for ground_truth: [1 5 7 3 4 6 2]
Optimal (phi, b, log_like) = (0.000000, 0.000000, -1304.349688) 

Optimizing parameters for ground_truth: [1 5 7 3 6 2 4]
Optimal (phi, b, log_like) = (0.000000, 0.000000, -1304.349688) 

Optimizing parameters for ground_truth: [1 5 7 3 6 4 2]
Optimal (phi, b, log_like) = (0.000000, 0.000000, -1304.349688) 

Optimizing parameters for ground_truth: [1 5 7 4 2 3 6]
Optimal (phi, b, log_like) = (0.000000, 0.000000, -1304.349688) 

Optimizing parameters for ground_truth: [1 5 7 4 2 6 3]
Optimal (phi, b, log_like) = (0.000000, 0.000000, -1304.349688) 

Optimizing parameters for ground_truth: [1 5 7 4 3 2 6]
Optimal (phi, b, log_like) = (0.000000, 0.000000, -1304.349688) 

Optimizing parameters for ground_truth: [1 5 7 4 3 6 2]
Optimal (phi, b, log_like) = (0.000000, 0.000000, -1304.349688) 

Optimizing parameters for ground_truth: [1 5 7 4 6 2 3]
Optimal (phi, b, log_like) = (0.000000, 0.000000, -1304.349688) 

Optimizing parameters for ground_truth: [1 5 7 4 6 3 2]
Optimal (phi, b, log_like) = (0.000000, 0.000000, -1304.349688) 

Optimizing parameters for ground_truth: [1 5 7 6 2 3 4]
Optimal (phi, b, log_like) = (0.000000, 0.000000, -1304.349688) 

Optimizing parameters for ground_truth: [1 5 7 6 2 4 3]
Optimal (phi, b, log_like) = (0.000000, 0.000000, -1304.349688) 

Optimizing parameters for ground_truth: [1 5 7 6 3 2 4]
Optimal (phi, b, log_like) = (0.000000, 0.000000, -1304.349688) 

Optimizing parameters for ground_truth: [1 5 7 6 3 4 2]
Optimal (phi, b, log_like) = (0.000000, 0.000000, -1304.349688) 

Optimizing parameters for ground_truth: [1 5 7 6 4 2 3]
Optimal (phi, b, log_like) = (0.000000, 0.000000, -1304.349688) 

Optimizing parameters for ground_truth: [1 5 7 6 4 3 2]
Optimal (phi, b, log_like) = (0.000000, 0.000000, -1304.349688) 

Optimizing parameters for ground_truth: [1 6 2 3 4 5 7]
Optimal (phi, b, log_like) = (0.000000, 0.000000, -1304.349688) 

Optimizing parameters for ground_truth: [1 6 2 3 4 7 5]
Optimal (phi, b, log_like) = (0.000000, 0.000000, -1304.349688) 

Optimizing parameters for ground_truth: [1 6 2 3 5 4 7]
Optimal (phi, b, log_like) = (0.000000, 0.000000, -1304.349688) 

Optimizing parameters for ground_truth: [1 6 2 3 5 7 4]
Optimal (phi, b, log_like) = (0.000000, 0.000000, -1304.349688) 

Optimizing parameters for ground_truth: [1 6 2 3 7 4 5]
Optimal (phi, b, log_like) = (0.000000, 0.000000, -1304.349688) 

Optimizing parameters for ground_truth: [1 6 2 3 7 5 4]
Optimal (phi, b, log_like) = (0.000000, 0.000000, -1304.349688) 

Optimizing parameters for ground_truth: [1 6 2 4 3 5 7]
Optimal (phi, b, log_like) = (0.000000, 0.000000, -1304.349688) 

Optimizing parameters for ground_truth: [1 6 2 4 3 7 5]
Optimal (phi, b, log_like) = (0.000000, 0.000000, -1304.349688) 

Optimizing parameters for ground_truth: [1 6 2 4 5 3 7]
Optimal (phi, b, log_like) = (0.000000, 0.000000, -1304.349688) 

Optimizing parameters for ground_truth: [1 6 2 4 5 7 3]
Optimal (phi, b, log_like) = (0.000000, 0.000000, -1304.349688) 

Optimizing parameters for ground_truth: [1 6 2 4 7 3 5]
Optimal (phi, b, log_like) = (0.000000, 0.000000, -1304.349688) 

Optimizing parameters for ground_truth: [1 6 2 4 7 5 3]
Optimal (phi, b, log_like) = (0.000000, 0.000000, -1304.349688) 

Optimizing parameters for ground_truth: [1 6 2 5 3 4 7]
Optimal (phi, b, log_like) = (0.000000, 0.000000, -1304.349688) 

Optimizing parameters for ground_truth: [1 6 2 5 3 7 4]
Optimal (phi, b, log_like) = (0.000000, 0.000000, -1304.349688) 

Optimizing parameters for ground_truth: [1 6 2 5 4 3 7]
Optimal (phi, b, log_like) = (0.000000, 0.000000, -1304.349688) 

Optimizing parameters for ground_truth: [1 6 2 5 4 7 3]
Optimal (phi, b, log_like) = (0.000000, 0.000000, -1304.349688) 

Optimizing parameters for ground_truth: [1 6 2 5 7 3 4]
Optimal (phi, b, log_like) = (0.000000, 0.000000, -1304.349688) 

Optimizing parameters for ground_truth: [1 6 2 5 7 4 3]
Optimal (phi, b, log_like) = (0.000000, 0.000000, -1304.349688) 

Optimizing parameters for ground_truth: [1 6 2 7 3 4 5]
Optimal (phi, b, log_like) = (0.000000, 0.000000, -1304.349688) 

Optimizing parameters for ground_truth: [1 6 2 7 3 5 4]
Optimal (phi, b, log_like) = (0.000000, 0.000000, -1304.349688) 

Optimizing parameters for ground_truth: [1 6 2 7 4 3 5]
Optimal (phi, b, log_like) = (0.000000, 0.000000, -1304.349688) 

Optimizing parameters for ground_truth: [1 6 2 7 4 5 3]
Optimal (phi, b, log_like) = (0.000000, 0.000000, -1304.349688) 

Optimizing parameters for ground_truth: [1 6 2 7 5 3 4]
Optimal (phi, b, log_like) = (0.000000, 0.000000, -1304.349688) 

Optimizing parameters for ground_truth: [1 6 2 7 5 4 3]
Optimal (phi, b, log_like) = (0.000000, 0.000000, -1304.349688) 

Optimizing parameters for ground_truth: [1 6 3 2 4 5 7]
Optimal (phi, b, log_like) = (0.000000, 0.000000, -1304.349688) 

Optimizing parameters for ground_truth: [1 6 3 2 4 7 5]
Optimal (phi, b, log_like) = (0.000000, 0.000000, -1304.349688) 

Optimizing parameters for ground_truth: [1 6 3 2 5 4 7]
Optimal (phi, b, log_like) = (0.000000, 0.000000, -1304.349688) 

Optimizing parameters for ground_truth: [1 6 3 2 5 7 4]
Optimal (phi, b, log_like) = (0.000000, 0.000000, -1304.349688) 

Optimizing parameters for ground_truth: [1 6 3 2 7 4 5]
Optimal (phi, b, log_like) = (0.000000, 0.000000, -1304.349688) 

Optimizing parameters for ground_truth: [1 6 3 2 7 5 4]
Optimal (phi, b, log_like) = (0.000000, 0.000000, -1304.349688) 

Optimizing parameters for ground_truth: [1 6 3 4 2 5 7]
Optimal (phi, b, log_like) = (0.000000, 0.000000, -1304.349688) 

Optimizing parameters for ground_truth: [1 6 3 4 2 7 5]
Optimal (phi, b, log_like) = (0.000000, 0.000000, -1304.349688) 

Optimizing parameters for ground_truth: [1 6 3 4 5 2 7]
Optimal (phi, b, log_like) = (0.000000, 0.000000, -1304.349688) 

Optimizing parameters for ground_truth: [1 6 3 4 5 7 2]
Optimal (phi, b, log_like) = (0.000000, 0.000000, -1304.349688) 

Optimizing parameters for ground_truth: [1 6 3 4 7 2 5]
Optimal (phi, b, log_like) = (0.000000, 0.000000, -1304.349688) 

Optimizing parameters for ground_truth: [1 6 3 4 7 5 2]
Optimal (phi, b, log_like) = (0.000000, 0.000000, -1304.349688) 

Optimizing parameters for ground_truth: [1 6 3 5 2 4 7]
Optimal (phi, b, log_like) = (0.000000, 0.000000, -1304.349688) 

Optimizing parameters for ground_truth: [1 6 3 5 2 7 4]
Optimal (phi, b, log_like) = (0.000000, 0.000000, -1304.349688) 

Optimizing parameters for ground_truth: [1 6 3 5 4 2 7]
Optimal (phi, b, log_like) = (0.000000, 0.000000, -1304.349688) 

Optimizing parameters for ground_truth: [1 6 3 5 4 7 2]
Optimal (phi, b, log_like) = (0.000000, 0.000000, -1304.349688) 

Optimizing parameters for ground_truth: [1 6 3 5 7 2 4]
Optimal (phi, b, log_like) = (0.000000, 0.000000, -1304.349688) 

Optimizing parameters for ground_truth: [1 6 3 5 7 4 2]
Optimal (phi, b, log_like) = (0.000000, 0.000000, -1304.349688) 

Optimizing parameters for ground_truth: [1 6 3 7 2 4 5]
Optimal (phi, b, log_like) = (0.000000, 0.000000, -1304.349688) 

Optimizing parameters for ground_truth: [1 6 3 7 2 5 4]
Optimal (phi, b, log_like) = (0.000000, 0.000000, -1304.349688) 

Optimizing parameters for ground_truth: [1 6 3 7 4 2 5]
Optimal (phi, b, log_like) = (0.000000, 0.000000, -1304.349688) 

Optimizing parameters for ground_truth: [1 6 3 7 4 5 2]
Optimal (phi, b, log_like) = (0.000000, 0.000000, -1304.349688) 

Optimizing parameters for ground_truth: [1 6 3 7 5 2 4]
Optimal (phi, b, log_like) = (0.000000, 0.000000, -1304.349688) 

Optimizing parameters for ground_truth: [1 6 3 7 5 4 2]
Optimal (phi, b, log_like) = (0.000000, 0.000000, -1304.349688) 

Optimizing parameters for ground_truth: [1 6 4 2 3 5 7]
Optimal (phi, b, log_like) = (0.000000, 0.000000, -1304.349688) 

Optimizing parameters for ground_truth: [1 6 4 2 3 7 5]
Optimal (phi, b, log_like) = (0.000000, 0.000000, -1304.349688) 

Optimizing parameters for ground_truth: [1 6 4 2 5 3 7]
Optimal (phi, b, log_like) = (0.000000, 0.000000, -1304.349688) 

Optimizing parameters for ground_truth: [1 6 4 2 5 7 3]
Optimal (phi, b, log_like) = (0.000000, 0.000000, -1304.349688) 

Optimizing parameters for ground_truth: [1 6 4 2 7 3 5]
Optimal (phi, b, log_like) = (0.000000, 0.000000, -1304.349688) 

Optimizing parameters for ground_truth: [1 6 4 2 7 5 3]
Optimal (phi, b, log_like) = (0.000000, 0.000000, -1304.349688) 

Optimizing parameters for ground_truth: [1 6 4 3 2 5 7]
Optimal (phi, b, log_like) = (0.000000, 0.000000, -1304.349688) 

Optimizing parameters for ground_truth: [1 6 4 3 2 7 5]
Optimal (phi, b, log_like) = (0.000000, 0.000000, -1304.349688) 

Optimizing parameters for ground_truth: [1 6 4 3 5 2 7]
Optimal (phi, b, log_like) = (0.000000, 0.000000, -1304.349688) 

Optimizing parameters for ground_truth: [1 6 4 3 5 7 2]
Optimal (phi, b, log_like) = (0.000000, 0.000000, -1304.349688) 

Optimizing parameters for ground_truth: [1 6 4 3 7 2 5]
Optimal (phi, b, log_like) = (0.000000, 0.000000, -1304.349688) 

Optimizing parameters for ground_truth: [1 6 4 3 7 5 2]
Optimal (phi, b, log_like) = (0.000000, 0.000000, -1304.349688) 

Optimizing parameters for ground_truth: [1 6 4 5 2 3 7]
Optimal (phi, b, log_like) = (0.000000, 0.000000, -1304.349688) 

Optimizing parameters for ground_truth: [1 6 4 5 2 7 3]
Optimal (phi, b, log_like) = (0.000000, 0.000000, -1304.349688) 

Optimizing parameters for ground_truth: [1 6 4 5 3 2 7]
Optimal (phi, b, log_like) = (0.000000, 0.000000, -1304.349688) 

Optimizing parameters for ground_truth: [1 6 4 5 3 7 2]
Optimal (phi, b, log_like) = (0.000000, 0.000000, -1304.349688) 

Optimizing parameters for ground_truth: [1 6 4 5 7 2 3]
Optimal (phi, b, log_like) = (0.000000, 0.000000, -1304.349688) 

Optimizing parameters for ground_truth: [1 6 4 5 7 3 2]
Optimal (phi, b, log_like) = (0.000000, 0.000000, -1304.349688) 

Optimizing parameters for ground_truth: [1 6 4 7 2 3 5]
Optimal (phi, b, log_like) = (0.000000, 0.000000, -1304.349688) 

Optimizing parameters for ground_truth: [1 6 4 7 2 5 3]
Optimal (phi, b, log_like) = (0.000000, 0.000000, -1304.349688) 

Optimizing parameters for ground_truth: [1 6 4 7 3 2 5]
Optimal (phi, b, log_like) = (0.000000, 0.000000, -1304.349688) 

Optimizing parameters for ground_truth: [1 6 4 7 3 5 2]
Optimal (phi, b, log_like) = (0.000000, 0.000000, -1304.349688) 

Optimizing parameters for ground_truth: [1 6 4 7 5 2 3]
Optimal (phi, b, log_like) = (0.000000, 0.000000, -1304.349688) 

Optimizing parameters for ground_truth: [1 6 4 7 5 3 2]
Optimal (phi, b, log_like) = (0.000000, 0.000000, -1304.349688) 

Optimizing parameters for ground_truth: [1 6 5 2 3 4 7]
Optimal (phi, b, log_like) = (0.000000, 0.000000, -1304.349688) 

Optimizing parameters for ground_truth: [1 6 5 2 3 7 4]
Optimal (phi, b, log_like) = (0.000000, 0.000000, -1304.349688) 

Optimizing parameters for ground_truth: [1 6 5 2 4 3 7]
Optimal (phi, b, log_like) = (0.000000, 0.000000, -1304.349688) 

Optimizing parameters for ground_truth: [1 6 5 2 4 7 3]
Optimal (phi, b, log_like) = (0.000000, 0.000000, -1304.349688) 

Optimizing parameters for ground_truth: [1 6 5 2 7 3 4]
Optimal (phi, b, log_like) = (0.000000, 0.000000, -1304.349688) 

Optimizing parameters for ground_truth: [1 6 5 2 7 4 3]
Optimal (phi, b, log_like) = (0.000000, 0.000000, -1304.349688) 

Optimizing parameters for ground_truth: [1 6 5 3 2 4 7]
Optimal (phi, b, log_like) = (0.000000, 0.000000, -1304.349688) 

Optimizing parameters for ground_truth: [1 6 5 3 2 7 4]
Optimal (phi, b, log_like) = (0.000000, 0.000000, -1304.349688) 

Optimizing parameters for ground_truth: [1 6 5 3 4 2 7]
Optimal (phi, b, log_like) = (0.000000, 0.000000, -1304.349688) 

Optimizing parameters for ground_truth: [1 6 5 3 4 7 2]
Optimal (phi, b, log_like) = (0.000000, 0.000000, -1304.349688) 

Optimizing parameters for ground_truth: [1 6 5 3 7 2 4]
Optimal (phi, b, log_like) = (0.000000, 0.000000, -1304.349688) 

Optimizing parameters for ground_truth: [1 6 5 3 7 4 2]
Optimal (phi, b, log_like) = (0.000000, 0.000000, -1304.349688) 

Optimizing parameters for ground_truth: [1 6 5 4 2 3 7]
Optimal (phi, b, log_like) = (0.000000, 0.000000, -1304.349688) 

Optimizing parameters for ground_truth: [1 6 5 4 2 7 3]
Optimal (phi, b, log_like) = (0.000000, 0.000000, -1304.349688) 

Optimizing parameters for ground_truth: [1 6 5 4 3 2 7]
Optimal (phi, b, log_like) = (0.000000, 0.000000, -1304.349688) 

Optimizing parameters for ground_truth: [1 6 5 4 3 7 2]
Optimal (phi, b, log_like) = (0.000000, 0.000000, -1304.349688) 

Optimizing parameters for ground_truth: [1 6 5 4 7 2 3]
Optimal (phi, b, log_like) = (0.000000, 0.000000, -1304.349688) 

Optimizing parameters for ground_truth: [1 6 5 4 7 3 2]
Optimal (phi, b, log_like) = (0.000000, 0.000000, -1304.349688) 

Optimizing parameters for ground_truth: [1 6 5 7 2 3 4]
Optimal (phi, b, log_like) = (0.000000, 0.000000, -1304.349688) 

Optimizing parameters for ground_truth: [1 6 5 7 2 4 3]
Optimal (phi, b, log_like) = (0.000000, 0.000000, -1304.349688) 

Optimizing parameters for ground_truth: [1 6 5 7 3 2 4]
Optimal (phi, b, log_like) = (0.000000, 0.000000, -1304.349688) 

Optimizing parameters for ground_truth: [1 6 5 7 3 4 2]
Optimal (phi, b, log_like) = (0.000000, 0.000000, -1304.349688) 

Optimizing parameters for ground_truth: [1 6 5 7 4 2 3]
Optimal (phi, b, log_like) = (0.000000, 0.000000, -1304.349688) 

Optimizing parameters for ground_truth: [1 6 5 7 4 3 2]
Optimal (phi, b, log_like) = (0.000000, 0.000000, -1304.349688) 

Optimizing parameters for ground_truth: [1 6 7 2 3 4 5]
Optimal (phi, b, log_like) = (0.000000, 0.000000, -1304.349688) 

Optimizing parameters for ground_truth: [1 6 7 2 3 5 4]
Optimal (phi, b, log_like) = (0.000000, 0.000000, -1304.349688) 

Optimizing parameters for ground_truth: [1 6 7 2 4 3 5]
Optimal (phi, b, log_like) = (0.000000, 0.000000, -1304.349688) 

Optimizing parameters for ground_truth: [1 6 7 2 4 5 3]
Optimal (phi, b, log_like) = (0.000000, 0.000000, -1304.349688) 

Optimizing parameters for ground_truth: [1 6 7 2 5 3 4]
Optimal (phi, b, log_like) = (0.000000, 0.000000, -1304.349688) 

Optimizing parameters for ground_truth: [1 6 7 2 5 4 3]
Optimal (phi, b, log_like) = (0.000000, 0.000000, -1304.349688) 

Optimizing parameters for ground_truth: [1 6 7 3 2 4 5]
Optimal (phi, b, log_like) = (0.000000, 0.000000, -1304.349688) 

Optimizing parameters for ground_truth: [1 6 7 3 2 5 4]
Optimal (phi, b, log_like) = (0.000000, 0.000000, -1304.349688) 

Optimizing parameters for ground_truth: [1 6 7 3 4 2 5]
Optimal (phi, b, log_like) = (0.000000, 0.000000, -1304.349688) 

Optimizing parameters for ground_truth: [1 6 7 3 4 5 2]
Optimal (phi, b, log_like) = (0.000000, 0.000000, -1304.349688) 

Optimizing parameters for ground_truth: [1 6 7 3 5 2 4]
Optimal (phi, b, log_like) = (0.000000, 0.000000, -1304.349688) 

Optimizing parameters for ground_truth: [1 6 7 3 5 4 2]
Optimal (phi, b, log_like) = (0.000000, 0.000000, -1304.349688) 

Optimizing parameters for ground_truth: [1 6 7 4 2 3 5]
Optimal (phi, b, log_like) = (0.000000, 0.000000, -1304.349688) 

Optimizing parameters for ground_truth: [1 6 7 4 2 5 3]
Optimal (phi, b, log_like) = (0.000000, 0.000000, -1304.349688) 

Optimizing parameters for ground_truth: [1 6 7 4 3 2 5]
Optimal (phi, b, log_like) = (0.000000, 0.000000, -1304.349688) 

Optimizing parameters for ground_truth: [1 6 7 4 3 5 2]
Optimal (phi, b, log_like) = (0.000000, 0.000000, -1304.349688) 

Optimizing parameters for ground_truth: [1 6 7 4 5 2 3]
Optimal (phi, b, log_like) = (0.000000, 0.000000, -1304.349688) 

Optimizing parameters for ground_truth: [1 6 7 4 5 3 2]
Optimal (phi, b, log_like) = (0.000000, 0.000000, -1304.349688) 

Optimizing parameters for ground_truth: [1 6 7 5 2 3 4]
Optimal (phi, b, log_like) = (0.000000, 0.000000, -1304.349688) 

Optimizing parameters for ground_truth: [1 6 7 5 2 4 3]
Optimal (phi, b, log_like) = (0.000000, 0.000000, -1304.349688) 

Optimizing parameters for ground_truth: [1 6 7 5 3 2 4]
Optimal (phi, b, log_like) = (0.000000, 0.000000, -1304.349688) 

Optimizing parameters for ground_truth: [1 6 7 5 3 4 2]
Optimal (phi, b, log_like) = (0.000000, 0.000000, -1304.349688) 

Optimizing parameters for ground_truth: [1 6 7 5 4 2 3]
Optimal (phi, b, log_like) = (0.000000, 0.000000, -1304.349688) 

Optimizing parameters for ground_truth: [1 6 7 5 4 3 2]
Optimal (phi, b, log_like) = (0.000000, 0.000000, -1304.349688) 

Optimizing parameters for ground_truth: [1 7 2 3 4 5 6]
Optimal (phi, b, log_like) = (0.444444, 0.200000, -1259.126444) 

Optimizing parameters for ground_truth: [1 7 2 3 4 6 5]
Optimal (phi, b, log_like) = (0.444444, 0.200000, -1259.126444) 

Optimizing parameters for ground_truth: [1 7 2 3 5 4 6]
Optimal (phi, b, log_like) = (0.444444, 0.177778, -1256.373224) 

Optimizing parameters for ground_truth: [1 7 2 3 5 6 4]
Optimal (phi, b, log_like) = (0.444444, 0.133333, -1249.205059) 

Optimizing parameters for ground_truth: [1 7 2 3 6 4 5]
Optimal (phi, b, log_like) = (0.444444, 0.155556, -1253.610456) 

Optimizing parameters for ground_truth: [1 7 2 3 6 5 4]
Optimal (phi, b, log_like) = (0.444444, 0.133333, -1247.990244) 

Optimizing parameters for ground_truth: [1 7 2 4 3 5 6]
Optimal (phi, b, log_like) = (0.444444, 0.200000, -1277.970889) 

Optimizing parameters for ground_truth: [1 7 2 4 3 6 5]
Optimal (phi, b, log_like) = (0.444444, 0.200000, -1277.970889) 

Optimizing parameters for ground_truth: [1 7 2 4 5 3 6]
Optimal (phi, b, log_like) = (0.444444, 0.200000, -1286.948666) 

Optimizing parameters for ground_truth: [1 7 2 4 5 6 3]
Optimal (phi, b, log_like) = (0.444444, 0.200000, -1286.948666) 

Optimizing parameters for ground_truth: [1 7 2 4 6 3 5]
Optimal (phi, b, log_like) = (0.444444, 0.200000, -1285.526444) 

Optimizing parameters for ground_truth: [1 7 2 4 6 5 3]
Optimal (phi, b, log_like) = (0.444444, 0.200000, -1285.526444) 

Optimizing parameters for ground_truth: [1 7 2 5 3 4 6]
Optimal (phi, b, log_like) = (0.444444, 0.200000, -1275.393111) 

Optimizing parameters for ground_truth: [1 7 2 5 3 6 4]
Optimal (phi, b, log_like) = (0.222222, 0.066667, -1274.529752) 

Optimizing parameters for ground_truth: [1 7 2 5 4 3 6]
Optimal (phi, b, log_like) = (0.444444, 0.200000, -1284.282000) 

Optimizing parameters for ground_truth: [1 7 2 5 4 6 3]
Optimal (phi, b, log_like) = (0.444444, 0.200000, -1284.282000) 

Optimizing parameters for ground_truth: [1 7 2 5 6 3 4]
Optimal (phi, b, log_like) = (0.444444, 0.200000, -1283.037555) 

Optimizing parameters for ground_truth: [1 7 2 5 6 4 3]
Optimal (phi, b, log_like) = (0.444444, 0.200000, -1283.037555) 

Optimizing parameters for ground_truth: [1 7 2 6 3 4 5]
Optimal (phi, b, log_like) = (0.444444, 0.177778, -1271.721372) 

Optimizing parameters for ground_truth: [1 7 2 6 3 5 4]
Optimal (phi, b, log_like) = (0.222222, 0.000000, -1265.522119) 

Optimizing parameters for ground_truth: [1 7 2 6 4 3 5]
Optimal (phi, b, log_like) = (0.444444, 0.200000, -1281.970889) 

Optimizing parameters for ground_truth: [1 7 2 6 4 5 3]
Optimal (phi, b, log_like) = (0.444444, 0.200000, -1281.970889) 

Optimizing parameters for ground_truth: [1 7 2 6 5 3 4]
Optimal (phi, b, log_like) = (0.444444, 0.200000, -1281.793111) 

Optimizing parameters for ground_truth: [1 7 2 6 5 4 3]
Optimal (phi, b, log_like) = (0.444444, 0.200000, -1281.793111) 

Optimizing parameters for ground_truth: [1 7 3 2 4 5 6]
Optimal (phi, b, log_like) = (0.444444, 0.200000, -1265.259777) 

Optimizing parameters for ground_truth: [1 7 3 2 4 6 5]
Optimal (phi, b, log_like) = (0.444444, 0.200000, -1265.259777) 

Optimizing parameters for ground_truth: [1 7 3 2 5 4 6]
Optimal (phi, b, log_like) = (0.444444, 0.200000, -1262.770889) 

Optimizing parameters for ground_truth: [1 7 3 2 5 6 4]
Optimal (phi, b, log_like) = (0.222222, 0.000000, -1255.077674) 

Optimizing parameters for ground_truth: [1 7 3 2 6 4 5]
Optimal (phi, b, log_like) = (0.444444, 0.155556, -1260.454900) 

Optimizing parameters for ground_truth: [1 7 3 2 6 5 4]
Optimal (phi, b, log_like) = (0.222222, 0.000000, -1253.077674) 

Optimizing parameters for ground_truth: [1 7 3 4 2 5 6]
Optimal (phi, b, log_like) = (0.444444, 0.200000, -1278.326444) 

Optimizing parameters for ground_truth: [1 7 3 4 2 6 5]
Optimal (phi, b, log_like) = (0.444444, 0.200000, -1278.326444) 

Optimizing parameters for ground_truth: [1 7 3 4 5 2 6]
Optimal (phi, b, log_like) = (0.444444, 0.200000, -1282.148666) 

Optimizing parameters for ground_truth: [1 7 3 4 5 6 2]
Optimal (phi, b, log_like) = (0.444444, 0.200000, -1282.148666) 

Optimizing parameters for ground_truth: [1 7 3 4 6 2 5]
Optimal (phi, b, log_like) = (0.444444, 0.200000, -1284.370889) 

Optimizing parameters for ground_truth: [1 7 3 4 6 5 2]
Optimal (phi, b, log_like) = (0.444444, 0.200000, -1284.370889) 

Optimizing parameters for ground_truth: [1 7 3 5 2 4 6]
Optimal (phi, b, log_like) = (0.444444, 0.200000, -1271.126444) 

Optimizing parameters for ground_truth: [1 7 3 5 2 6 4]
Optimal (phi, b, log_like) = (0.222222, 0.000000, -1265.077674) 

Optimizing parameters for ground_truth: [1 7 3 5 4 2 6]
Optimal (phi, b, log_like) = (0.444444, 0.200000, -1277.526444) 

Optimizing parameters for ground_truth: [1 7 3 5 4 6 2]
Optimal (phi, b, log_like) = (0.444444, 0.200000, -1277.526444) 

Optimizing parameters for ground_truth: [1 7 3 5 6 2 4]
Optimal (phi, b, log_like) = (0.222222, 0.044444, -1272.290068) 

Optimizing parameters for ground_truth: [1 7 3 5 6 4 2]
Optimal (phi, b, log_like) = (0.444444, 0.200000, -1274.859777) 

Optimizing parameters for ground_truth: [1 7 3 6 2 4 5]
Optimal (phi, b, log_like) = (0.222222, 0.044444, -1270.151796) 

Optimizing parameters for ground_truth: [1 7 3 6 2 5 4]
Optimal (phi, b, log_like) = (0.222222, 0.000000, -1261.299896) 

Optimizing parameters for ground_truth: [1 7 3 6 4 2 5]
Optimal (phi, b, log_like) = (0.444444, 0.200000, -1279.393111) 

Optimizing parameters for ground_truth: [1 7 3 6 4 5 2]
Optimal (phi, b, log_like) = (0.444444, 0.200000, -1279.393111) 

Optimizing parameters for ground_truth: [1 7 3 6 5 2 4]
Optimal (phi, b, log_like) = (0.222222, 0.022222, -1270.959167) 

Optimizing parameters for ground_truth: [1 7 3 6 5 4 2]
Optimal (phi, b, log_like) = (0.444444, 0.200000, -1277.259777) 

Optimizing parameters for ground_truth: [1 7 4 2 3 5 6]
Optimal (phi, b, log_like) = (0.222222, 0.200000, -1293.167916) 

Optimizing parameters for ground_truth: [1 7 4 2 3 6 5]
Optimal (phi, b, log_like) = (0.222222, 0.200000, -1293.167916) 

Optimizing parameters for ground_truth: [1 7 4 2 5 3 6]
Optimal (phi, b, log_like) = (0.222222, 0.200000, -1297.656805) 

Optimizing parameters for ground_truth: [1 7 4 2 5 6 3]
Optimal (phi, b, log_like) = (0.222222, 0.200000, -1297.656805) 

Optimizing parameters for ground_truth: [1 7 4 2 6 3 5]
Optimal (phi, b, log_like) = (0.222222, 0.200000, -1296.945693) 

Optimizing parameters for ground_truth: [1 7 4 2 6 5 3]
Optimal (phi, b, log_like) = (0.222222, 0.200000, -1296.945693) 

Optimizing parameters for ground_truth: [1 7 4 3 2 5 6]
Optimal (phi, b, log_like) = (0.222222, 0.200000, -1295.212360) 

Optimizing parameters for ground_truth: [1 7 4 3 2 6 5]
Optimal (phi, b, log_like) = (0.222222, 0.200000, -1295.212360) 

Optimizing parameters for ground_truth: [1 7 4 3 5 2 6]
Optimal (phi, b, log_like) = (0.222222, 0.200000, -1297.123471) 

Optimizing parameters for ground_truth: [1 7 4 3 5 6 2]
Optimal (phi, b, log_like) = (0.222222, 0.200000, -1297.123471) 

Optimizing parameters for ground_truth: [1 7 4 3 6 2 5]
Optimal (phi, b, log_like) = (0.222222, 0.200000, -1298.234582) 

Optimizing parameters for ground_truth: [1 7 4 3 6 5 2]
Optimal (phi, b, log_like) = (0.222222, 0.200000, -1298.234582) 

Optimizing parameters for ground_truth: [1 7 4 5 2 3 6]
Optimal (phi, b, log_like) = (0.222222, 0.200000, -1303.034582) 

Optimizing parameters for ground_truth: [1 7 4 5 2 6 3]
Optimal (phi, b, log_like) = (0.222222, 0.200000, -1303.034582) 

Optimizing parameters for ground_truth: [1 7 4 5 3 2 6]
Optimal (phi, b, log_like) = (0.222222, 0.200000, -1304.145693) 

Optimizing parameters for ground_truth: [1 7 4 5 3 6 2]
Optimal (phi, b, log_like) = (0.222222, 0.200000, -1304.145693) 

Optimizing parameters for ground_truth: [1 7 4 5 6 2 3]
Optimal (phi, b, log_like) = (0.000000, 0.000000, -1304.349688) 

Optimizing parameters for ground_truth: [1 7 4 5 6 3 2]
Optimal (phi, b, log_like) = (0.000000, 0.000000, -1304.349688) 

Optimizing parameters for ground_truth: [1 7 4 6 2 3 5]
Optimal (phi, b, log_like) = (0.222222, 0.200000, -1303.256805) 

Optimizing parameters for ground_truth: [1 7 4 6 2 5 3]
Optimal (phi, b, log_like) = (0.222222, 0.200000, -1303.256805) 

Optimizing parameters for ground_truth: [1 7 4 6 3 2 5]
Optimal (phi, b, log_like) = (0.222222, 0.200000, -1304.190138) 

Optimizing parameters for ground_truth: [1 7 4 6 3 5 2]
Optimal (phi, b, log_like) = (0.222222, 0.200000, -1304.190138) 

Optimizing parameters for ground_truth: [1 7 4 6 5 2 3]
Optimal (phi, b, log_like) = (0.000000, 0.000000, -1304.349688) 

Optimizing parameters for ground_truth: [1 7 4 6 5 3 2]
Optimal (phi, b, log_like) = (0.000000, 0.000000, -1304.349688) 

Optimizing parameters for ground_truth: [1 7 5 2 3 4 6]
Optimal (phi, b, log_like) = (0.222222, 0.177778, -1289.252859) 

Optimizing parameters for ground_truth: [1 7 5 2 3 6 4]
Optimal (phi, b, log_like) = (0.222222, 0.088889, -1283.641243) 

Optimizing parameters for ground_truth: [1 7 5 2 4 3 6]
Optimal (phi, b, log_like) = (0.222222, 0.200000, -1293.790138) 

Optimizing parameters for ground_truth: [1 7 5 2 4 6 3]
Optimal (phi, b, log_like) = (0.222222, 0.200000, -1293.790138) 

Optimizing parameters for ground_truth: [1 7 5 2 6 3 4]
Optimal (phi, b, log_like) = (0.222222, 0.155556, -1292.566425) 

Optimizing parameters for ground_truth: [1 7 5 2 6 4 3]
Optimal (phi, b, log_like) = (0.222222, 0.200000, -1293.167916) 

Optimizing parameters for ground_truth: [1 7 5 3 2 4 6]
Optimal (phi, b, log_like) = (0.222222, 0.200000, -1291.479027) 

Optimizing parameters for ground_truth: [1 7 5 3 2 6 4]
Optimal (phi, b, log_like) = (0.222222, 0.088889, -1287.181984) 

Optimizing parameters for ground_truth: [1 7 5 3 4 2 6]
Optimal (phi, b, log_like) = (0.222222, 0.200000, -1294.679027) 

Optimizing parameters for ground_truth: [1 7 5 3 4 6 2]
Optimal (phi, b, log_like) = (0.222222, 0.200000, -1294.679027) 

Optimizing parameters for ground_truth: [1 7 5 3 6 2 4]
Optimal (phi, b, log_like) = (0.222222, 0.133333, -1291.620237) 

Optimizing parameters for ground_truth: [1 7 5 3 6 4 2]
Optimal (phi, b, log_like) = (0.222222, 0.200000, -1293.345693) 

Optimizing parameters for ground_truth: [1 7 5 4 2 3 6]
Optimal (phi, b, log_like) = (0.222222, 0.200000, -1300.634582) 

Optimizing parameters for ground_truth: [1 7 5 4 2 6 3]
Optimal (phi, b, log_like) = (0.222222, 0.200000, -1300.634582) 

Optimizing parameters for ground_truth: [1 7 5 4 3 2 6]
Optimal (phi, b, log_like) = (0.222222, 0.200000, -1301.745693) 

Optimizing parameters for ground_truth: [1 7 5 4 3 6 2]
Optimal (phi, b, log_like) = (0.222222, 0.200000, -1301.745693) 

Optimizing parameters for ground_truth: [1 7 5 4 6 2 3]
Optimal (phi, b, log_like) = (0.222222, 0.200000, -1303.923471) 

Optimizing parameters for ground_truth: [1 7 5 4 6 3 2]
Optimal (phi, b, log_like) = (0.222222, 0.200000, -1303.923471) 

Optimizing parameters for ground_truth: [1 7 5 6 2 3 4]
Optimal (phi, b, log_like) = (0.222222, 0.177778, -1298.146686) 

Optimizing parameters for ground_truth: [1 7 5 6 2 4 3]
Optimal (phi, b, log_like) = (0.222222, 0.200000, -1298.323471) 

Optimizing parameters for ground_truth: [1 7 5 6 3 2 4]
Optimal (phi, b, log_like) = (0.222222, 0.200000, -1299.345693) 

Optimizing parameters for ground_truth: [1 7 5 6 3 4 2]
Optimal (phi, b, log_like) = (0.222222, 0.200000, -1299.345693) 

Optimizing parameters for ground_truth: [1 7 5 6 4 2 3]
Optimal (phi, b, log_like) = (0.222222, 0.200000, -1301.967916) 

Optimizing parameters for ground_truth: [1 7 5 6 4 3 2]
Optimal (phi, b, log_like) = (0.222222, 0.200000, -1301.967916) 

Optimizing parameters for ground_truth: [1 7 6 2 3 4 5]
Optimal (phi, b, log_like) = (0.222222, 0.066667, -1281.285308) 

Optimizing parameters for ground_truth: [1 7 6 2 3 5 4]
Optimal (phi, b, log_like) = (0.222222, 0.000000, -1273.744341) 

Optimizing parameters for ground_truth: [1 7 6 2 4 3 5]
Optimal (phi, b, log_like) = (0.222222, 0.200000, -1293.167916) 

Optimizing parameters for ground_truth: [1 7 6 2 4 5 3]
Optimal (phi, b, log_like) = (0.222222, 0.200000, -1293.167916) 

Optimizing parameters for ground_truth: [1 7 6 2 5 3 4]
Optimal (phi, b, log_like) = (0.222222, 0.133333, -1291.590608) 

Optimizing parameters for ground_truth: [1 7 6 2 5 4 3]
Optimal (phi, b, log_like) = (0.222222, 0.200000, -1293.079027) 

Optimizing parameters for ground_truth: [1 7 6 3 2 4 5]
Optimal (phi, b, log_like) = (0.222222, 0.088889, -1284.860996) 

Optimizing parameters for ground_truth: [1 7 6 3 2 5 4]
Optimal (phi, b, log_like) = (0.222222, 0.022222, -1278.114723) 

Optimizing parameters for ground_truth: [1 7 6 3 4 2 5]
Optimal (phi, b, log_like) = (0.222222, 0.177778, -1293.149155) 

Optimizing parameters for ground_truth: [1 7 6 3 4 5 2]
Optimal (phi, b, log_like) = (0.222222, 0.200000, -1293.479027) 

Optimizing parameters for ground_truth: [1 7 6 3 5 2 4]
Optimal (phi, b, log_like) = (0.222222, 0.066667, -1286.100123) 

Optimizing parameters for ground_truth: [1 7 6 3 5 4 2]
Optimal (phi, b, log_like) = (0.222222, 0.177778, -1292.250390) 

Optimizing parameters for ground_truth: [1 7 6 4 2 3 5]
Optimal (phi, b, log_like) = (0.222222, 0.200000, -1300.145693) 

Optimizing parameters for ground_truth: [1 7 6 4 2 5 3]
Optimal (phi, b, log_like) = (0.222222, 0.200000, -1300.145693) 

Optimizing parameters for ground_truth: [1 7 6 4 3 2 5]
Optimal (phi, b, log_like) = (0.222222, 0.200000, -1301.079027) 

Optimizing parameters for ground_truth: [1 7 6 4 3 5 2]
Optimal (phi, b, log_like) = (0.222222, 0.200000, -1301.079027) 

Optimizing parameters for ground_truth: [1 7 6 4 5 2 3]
Optimal (phi, b, log_like) = (0.222222, 0.200000, -1303.612360) 

Optimizing parameters for ground_truth: [1 7 6 4 5 3 2]
Optimal (phi, b, log_like) = (0.222222, 0.200000, -1303.612360) 

Optimizing parameters for ground_truth: [1 7 6 5 2 3 4]
Optimal (phi, b, log_like) = (0.222222, 0.155556, -1298.339265) 

Optimizing parameters for ground_truth: [1 7 6 5 2 4 3]
Optimal (phi, b, log_like) = (0.222222, 0.200000, -1298.812360) 

Optimizing parameters for ground_truth: [1 7 6 5 3 2 4]
Optimal (phi, b, log_like) = (0.222222, 0.177778, -1299.786192) 

Optimizing parameters for ground_truth: [1 7 6 5 3 4 2]
Optimal (phi, b, log_like) = (0.222222, 0.200000, -1299.834582) 

Optimizing parameters for ground_truth: [1 7 6 5 4 2 3]
Optimal (phi, b, log_like) = (0.222222, 0.200000, -1302.456805) 

Optimizing parameters for ground_truth: [1 7 6 5 4 3 2]
Optimal (phi, b, log_like) = (0.222222, 0.200000, -1302.456805) 

Optimizing parameters for ground_truth: [2 1 3 4 5 6 7]
Optimal (phi, b, log_like) = (0.000000, 0.000000, -1304.349688) 

Optimizing parameters for ground_truth: [2 1 3 4 5 7 6]
Optimal (phi, b, log_like) = (0.000000, 0.000000, -1304.349688) 

Optimizing parameters for ground_truth: [2 1 3 4 6 5 7]
Optimal (phi, b, log_like) = (0.000000, 0.000000, -1304.349688) 

Optimizing parameters for ground_truth: [2 1 3 4 6 7 5]
Optimal (phi, b, log_like) = (0.000000, 0.000000, -1304.349688) 

Optimizing parameters for ground_truth: [2 1 3 4 7 5 6]
Optimal (phi, b, log_like) = (0.000000, 0.000000, -1304.349688) 

Optimizing parameters for ground_truth: [2 1 3 4 7 6 5]
Optimal (phi, b, log_like) = (0.000000, 0.000000, -1304.349688) 

Optimizing parameters for ground_truth: [2 1 3 5 4 6 7]
Optimal (phi, b, log_like) = (0.000000, 0.000000, -1304.349688) 

Optimizing parameters for ground_truth: [2 1 3 5 4 7 6]
Optimal (phi, b, log_like) = (0.000000, 0.000000, -1304.349688) 

Optimizing parameters for ground_truth: [2 1 3 5 6 4 7]
Optimal (phi, b, log_like) = (0.000000, 0.000000, -1304.349688) 

Optimizing parameters for ground_truth: [2 1 3 5 6 7 4]
Optimal (phi, b, log_like) = (0.000000, 0.000000, -1304.349688) 

Optimizing parameters for ground_truth: [2 1 3 5 7 4 6]
Optimal (phi, b, log_like) = (0.000000, 0.000000, -1304.349688) 

Optimizing parameters for ground_truth: [2 1 3 5 7 6 4]
Optimal (phi, b, log_like) = (0.000000, 0.000000, -1304.349688) 

Optimizing parameters for ground_truth: [2 1 3 6 4 5 7]
Optimal (phi, b, log_like) = (0.000000, 0.000000, -1304.349688) 

Optimizing parameters for ground_truth: [2 1 3 6 4 7 5]
Optimal (phi, b, log_like) = (0.000000, 0.000000, -1304.349688) 

Optimizing parameters for ground_truth: [2 1 3 6 5 4 7]
Optimal (phi, b, log_like) = (0.000000, 0.000000, -1304.349688) 

Optimizing parameters for ground_truth: [2 1 3 6 5 7 4]
Optimal (phi, b, log_like) = (0.000000, 0.000000, -1304.349688) 

Optimizing parameters for ground_truth: [2 1 3 6 7 4 5]
Optimal (phi, b, log_like) = (0.000000, 0.000000, -1304.349688) 

Optimizing parameters for ground_truth: [2 1 3 6 7 5 4]
Optimal (phi, b, log_like) = (0.000000, 0.000000, -1304.349688) 

Optimizing parameters for ground_truth: [2 1 3 7 4 5 6]
Optimal (phi, b, log_like) = (0.000000, 0.000000, -1304.349688) 

Optimizing parameters for ground_truth: [2 1 3 7 4 6 5]
Optimal (phi, b, log_like) = (0.000000, 0.000000, -1304.349688) 

Optimizing parameters for ground_truth: [2 1 3 7 5 4 6]
Optimal (phi, b, log_like) = (0.000000, 0.000000, -1304.349688) 

Optimizing parameters for ground_truth: [2 1 3 7 5 6 4]
Optimal (phi, b, log_like) = (0.222222, 0.066667, -1300.603826) 

Optimizing parameters for ground_truth: [2 1 3 7 6 4 5]
Optimal (phi, b, log_like) = (0.000000, 0.000000, -1304.349688) 

Optimizing parameters for ground_truth: [2 1 3 7 6 5 4]
Optimal (phi, b, log_like) = (0.222222, 0.044444, -1299.208587) 

Optimizing parameters for ground_truth: [2 1 4 3 5 6 7]
Optimal (phi, b, log_like) = (0.000000, 0.000000, -1304.349688) 

Optimizing parameters for ground_truth: [2 1 4 3 5 7 6]
Optimal (phi, b, log_like) = (0.000000, 0.000000, -1304.349688) 

Optimizing parameters for ground_truth: [2 1 4 3 6 5 7]
Optimal (phi, b, log_like) = (0.000000, 0.000000, -1304.349688) 

Optimizing parameters for ground_truth: [2 1 4 3 6 7 5]
Optimal (phi, b, log_like) = (0.000000, 0.000000, -1304.349688) 

Optimizing parameters for ground_truth: [2 1 4 3 7 5 6]
Optimal (phi, b, log_like) = (0.000000, 0.000000, -1304.349688) 

Optimizing parameters for ground_truth: [2 1 4 3 7 6 5]
Optimal (phi, b, log_like) = (0.000000, 0.000000, -1304.349688) 

Optimizing parameters for ground_truth: [2 1 4 5 3 6 7]
Optimal (phi, b, log_like) = (0.000000, 0.000000, -1304.349688) 

Optimizing parameters for ground_truth: [2 1 4 5 3 7 6]
Optimal (phi, b, log_like) = (0.000000, 0.000000, -1304.349688) 

Optimizing parameters for ground_truth: [2 1 4 5 6 3 7]
Optimal (phi, b, log_like) = (0.000000, 0.000000, -1304.349688) 

Optimizing parameters for ground_truth: [2 1 4 5 6 7 3]
Optimal (phi, b, log_like) = (0.000000, 0.000000, -1304.349688) 

Optimizing parameters for ground_truth: [2 1 4 5 7 3 6]
Optimal (phi, b, log_like) = (0.000000, 0.000000, -1304.349688) 

Optimizing parameters for ground_truth: [2 1 4 5 7 6 3]
Optimal (phi, b, log_like) = (0.000000, 0.000000, -1304.349688) 

Optimizing parameters for ground_truth: [2 1 4 6 3 5 7]
Optimal (phi, b, log_like) = (0.000000, 0.000000, -1304.349688) 

Optimizing parameters for ground_truth: [2 1 4 6 3 7 5]
Optimal (phi, b, log_like) = (0.000000, 0.000000, -1304.349688) 

Optimizing parameters for ground_truth: [2 1 4 6 5 3 7]
Optimal (phi, b, log_like) = (0.000000, 0.000000, -1304.349688) 

Optimizing parameters for ground_truth: [2 1 4 6 5 7 3]
Optimal (phi, b, log_like) = (0.000000, 0.000000, -1304.349688) 

Optimizing parameters for ground_truth: [2 1 4 6 7 3 5]
Optimal (phi, b, log_like) = (0.000000, 0.000000, -1304.349688) 

Optimizing parameters for ground_truth: [2 1 4 6 7 5 3]
Optimal (phi, b, log_like) = (0.000000, 0.000000, -1304.349688) 

Optimizing parameters for ground_truth: [2 1 4 7 3 5 6]
Optimal (phi, b, log_like) = (0.000000, 0.000000, -1304.349688) 

Optimizing parameters for ground_truth: [2 1 4 7 3 6 5]
Optimal (phi, b, log_like) = (0.000000, 0.000000, -1304.349688) 

Optimizing parameters for ground_truth: [2 1 4 7 5 3 6]
Optimal (phi, b, log_like) = (0.000000, 0.000000, -1304.349688) 

Optimizing parameters for ground_truth: [2 1 4 7 5 6 3]
Optimal (phi, b, log_like) = (0.000000, 0.000000, -1304.349688) 

Optimizing parameters for ground_truth: [2 1 4 7 6 3 5]
Optimal (phi, b, log_like) = (0.000000, 0.000000, -1304.349688) 

Optimizing parameters for ground_truth: [2 1 4 7 6 5 3]
Optimal (phi, b, log_like) = (0.000000, 0.000000, -1304.349688) 

Optimizing parameters for ground_truth: [2 1 5 3 4 6 7]
Optimal (phi, b, log_like) = (0.000000, 0.000000, -1304.349688) 

Optimizing parameters for ground_truth: [2 1 5 3 4 7 6]
Optimal (phi, b, log_like) = (0.000000, 0.000000, -1304.349688) 

Optimizing parameters for ground_truth: [2 1 5 3 6 4 7]
Optimal (phi, b, log_like) = (0.000000, 0.000000, -1304.349688) 

Optimizing parameters for ground_truth: [2 1 5 3 6 7 4]
Optimal (phi, b, log_like) = (0.000000, 0.000000, -1304.349688) 

Optimizing parameters for ground_truth: [2 1 5 3 7 4 6]
Optimal (phi, b, log_like) = (0.000000, 0.000000, -1304.349688) 

Optimizing parameters for ground_truth: [2 1 5 3 7 6 4]
Optimal (phi, b, log_like) = (0.000000, 0.000000, -1304.349688) 

Optimizing parameters for ground_truth: [2 1 5 4 3 6 7]
Optimal (phi, b, log_like) = (0.000000, 0.000000, -1304.349688) 

Optimizing parameters for ground_truth: [2 1 5 4 3 7 6]
Optimal (phi, b, log_like) = (0.000000, 0.000000, -1304.349688) 

Optimizing parameters for ground_truth: [2 1 5 4 6 3 7]
Optimal (phi, b, log_like) = (0.000000, 0.000000, -1304.349688) 

Optimizing parameters for ground_truth: [2 1 5 4 6 7 3]
Optimal (phi, b, log_like) = (0.000000, 0.000000, -1304.349688) 

Optimizing parameters for ground_truth: [2 1 5 4 7 3 6]
Optimal (phi, b, log_like) = (0.000000, 0.000000, -1304.349688) 

Optimizing parameters for ground_truth: [2 1 5 4 7 6 3]
Optimal (phi, b, log_like) = (0.000000, 0.000000, -1304.349688) 

Optimizing parameters for ground_truth: [2 1 5 6 3 4 7]
Optimal (phi, b, log_like) = (0.000000, 0.000000, -1304.349688) 

Optimizing parameters for ground_truth: [2 1 5 6 3 7 4]
Optimal (phi, b, log_like) = (0.000000, 0.000000, -1304.349688) 

Optimizing parameters for ground_truth: [2 1 5 6 4 3 7]
Optimal (phi, b, log_like) = (0.000000, 0.000000, -1304.349688) 

Optimizing parameters for ground_truth: [2 1 5 6 4 7 3]
Optimal (phi, b, log_like) = (0.000000, 0.000000, -1304.349688) 

Optimizing parameters for ground_truth: [2 1 5 6 7 3 4]
Optimal (phi, b, log_like) = (0.000000, 0.000000, -1304.349688) 

Optimizing parameters for ground_truth: [2 1 5 6 7 4 3]
Optimal (phi, b, log_like) = (0.000000, 0.000000, -1304.349688) 

Optimizing parameters for ground_truth: [2 1 5 7 3 4 6]
Optimal (phi, b, log_like) = (0.000000, 0.000000, -1304.349688) 

Optimizing parameters for ground_truth: [2 1 5 7 3 6 4]
Optimal (phi, b, log_like) = (0.000000, 0.000000, -1304.349688) 

Optimizing parameters for ground_truth: [2 1 5 7 4 3 6]
Optimal (phi, b, log_like) = (0.000000, 0.000000, -1304.349688) 

Optimizing parameters for ground_truth: [2 1 5 7 4 6 3]
Optimal (phi, b, log_like) = (0.000000, 0.000000, -1304.349688) 

Optimizing parameters for ground_truth: [2 1 5 7 6 3 4]
Optimal (phi, b, log_like) = (0.000000, 0.000000, -1304.349688) 

Optimizing parameters for ground_truth: [2 1 5 7 6 4 3]
Optimal (phi, b, log_like) = (0.000000, 0.000000, -1304.349688) 

Optimizing parameters for ground_truth: [2 1 6 3 4 5 7]
Optimal (phi, b, log_like) = (0.000000, 0.000000, -1304.349688) 

Optimizing parameters for ground_truth: [2 1 6 3 4 7 5]
Optimal (phi, b, log_like) = (0.000000, 0.000000, -1304.349688) 

Optimizing parameters for ground_truth: [2 1 6 3 5 4 7]
Optimal (phi, b, log_like) = (0.000000, 0.000000, -1304.349688) 

Optimizing parameters for ground_truth: [2 1 6 3 5 7 4]
Optimal (phi, b, log_like) = (0.000000, 0.000000, -1304.349688) 

Optimizing parameters for ground_truth: [2 1 6 3 7 4 5]
Optimal (phi, b, log_like) = (0.000000, 0.000000, -1304.349688) 

Optimizing parameters for ground_truth: [2 1 6 3 7 5 4]
Optimal (phi, b, log_like) = (0.000000, 0.000000, -1304.349688) 

Optimizing parameters for ground_truth: [2 1 6 4 3 5 7]
Optimal (phi, b, log_like) = (0.000000, 0.000000, -1304.349688) 

Optimizing parameters for ground_truth: [2 1 6 4 3 7 5]
Optimal (phi, b, log_like) = (0.000000, 0.000000, -1304.349688) 

Optimizing parameters for ground_truth: [2 1 6 4 5 3 7]
Optimal (phi, b, log_like) = (0.000000, 0.000000, -1304.349688) 

Optimizing parameters for ground_truth: [2 1 6 4 5 7 3]
Optimal (phi, b, log_like) = (0.000000, 0.000000, -1304.349688) 

Optimizing parameters for ground_truth: [2 1 6 4 7 3 5]
Optimal (phi, b, log_like) = (0.000000, 0.000000, -1304.349688) 

Optimizing parameters for ground_truth: [2 1 6 4 7 5 3]
Optimal (phi, b, log_like) = (0.000000, 0.000000, -1304.349688) 

Optimizing parameters for ground_truth: [2 1 6 5 3 4 7]
Optimal (phi, b, log_like) = (0.000000, 0.000000, -1304.349688) 

Optimizing parameters for ground_truth: [2 1 6 5 3 7 4]
Optimal (phi, b, log_like) = (0.000000, 0.000000, -1304.349688) 

Optimizing parameters for ground_truth: [2 1 6 5 4 3 7]
Optimal (phi, b, log_like) = (0.000000, 0.000000, -1304.349688) 

Optimizing parameters for ground_truth: [2 1 6 5 4 7 3]
